
Showing logs for build [32msalaboy-fmtok8s-agenda-master-r-vblwx-10[0m stage [32mfrom-build-pack[0m and container [32mstep-credential-initializer-qbg84[0m
{"level":"warn","ts":1583232809.0940213,"logger":"fallback-logger","caller":"logging/config.go:69","msg":"Fetch GitHub commit ID from kodata failed: \"ref: refs/heads/0.8.0-**-support-backwards-incompats\" is not a valid GitHub commit ID"}
{"level":"info","ts":1583232809.0950303,"logger":"fallback-logger","caller":"creds-init/main.go:40","msg":"Credentials initialized."}

Showing logs for build [32msalaboy-fmtok8s-agenda-master-r-vblwx-10[0m stage [32mfrom-build-pack[0m and container [32mstep-working-dir-initializer-5s8gd[0m
{"level":"warn","ts":1583232810.0518067,"logger":"fallback-logger","caller":"logging/config.go:69","msg":"Fetch GitHub commit ID from kodata failed: open /var/run/ko/HEAD: no such file or directory"}
{"level":"info","ts":1583232810.053997,"logger":"fallback-logger","caller":"bash/main.go:64","msg":"Successfully executed command \"sh -c mkdir -p /workspace/source\"; output "}

Showing logs for build [32msalaboy-fmtok8s-agenda-master-r-vblwx-10[0m stage [32mfrom-build-pack[0m and container [32mstep-place-tools[0m

Showing logs for build [32msalaboy-fmtok8s-agenda-master-r-vblwx-10[0m stage [32mfrom-build-pack[0m and container [32mstep-git-source-salaboy-fmtok8s-agenda-master-r-vblwx-dt9n8[0m
{"level":"warn","ts":1583232817.245007,"logger":"fallback-logger","caller":"logging/config.go:69","msg":"Fetch GitHub commit ID from kodata failed: \"ref: refs/heads/0.8.0-**-support-backwards-incompats\" is not a valid GitHub commit ID"}
{"level":"info","ts":1583232818.3555138,"logger":"fallback-logger","caller":"git/git.go:103","msg":"Successfully cloned https://github.com/*******/fmtok8s-agenda.git @ v0.0.10 in path /workspace/source"}

Showing logs for build [32msalaboy-fmtok8s-agenda-master-r-vblwx-10[0m stage [32mfrom-build-pack[0m and container [32mstep-git-merge[0m
Using SHAs from PULL_REFS=master:0cccc3dd396ea3575addeb3a5459f24402a6e54a
WARNING: no SHAs to merge, falling back to initial cloned commit

Showing logs for build [32msalaboy-fmtok8s-agenda-master-r-vblwx-10[0m stage [32mfrom-build-pack[0m and container [32mstep-setup-jx-git-credentials[0m
Generated Git credentials file /workspace/xdg_config/git/credentials

Showing logs for build [32msalaboy-fmtok8s-agenda-master-r-vblwx-10[0m stage [32mfrom-build-pack[0m and container [32mstep-build-mvn-deploy[0m
Picked up _JAVA_OPTIONS: -XX:+UnlockExperimentalVMOptions -Dsun.zip.disableMemoryMapping=true -XX:+UseParallelGC -XX:MinHeapFreeRatio=5 -XX:MaxHeapFreeRatio=10 -XX:GCTimeRatio=4 -XX:AdaptiveSizePolicyWeight=90 -Xms10m -Xmx192m
[INFO] Scanning for projects...
[INFO] 
[INFO] ---------------< com.*******.conferences:fmtok8s-agenda >---------------
[INFO] Building From Monolith to K8S ::  Agenda Service 0.0.10
[INFO] --------------------------------[ jar ]---------------------------------
[INFO] 
[INFO] --- maven-clean-plugin:3.1.0:clean (default-clean) @ fmtok8s-agenda ---
[INFO] 
[INFO] --- maven-resources-plugin:3.1.0:resources (default-resources) @ fmtok8s-agenda ---
[INFO] Using 'UTF-8' encoding to copy filtered resources.
[INFO] Copying 1 resource
[INFO] Copying 0 resource
[INFO] 
[INFO] --- maven-compiler-plugin:3.8.1:compile (default-compile) @ fmtok8s-agenda ---
[INFO] Changes detected - recompiling the module!
[INFO] Compiling 3 source files to /workspace/source/target/classes
[INFO] 
[INFO] --- maven-resources-plugin:3.1.0:testResources (default-testResources) @ fmtok8s-agenda ---
[INFO] Using 'UTF-8' encoding to copy filtered resources.
[INFO] skip non existing resourceDirectory /workspace/source/src/test/resources
[INFO] 
[INFO] --- maven-compiler-plugin:3.8.1:testCompile (default-testCompile) @ fmtok8s-agenda ---
[INFO] Changes detected - recompiling the module!
[INFO] Compiling 1 source file to /workspace/source/target/test-classes
[INFO] 
[INFO] --- maven-surefire-plugin:3.0.0-M1:test (default-test) @ fmtok8s-agenda ---
[INFO] 
[INFO] -------------------------------------------------------
[INFO]  T E S T S
[INFO] -------------------------------------------------------
[WARNING] Corrupted STDOUT by directly writing to native stream in forked JVM 1. See FAQ web page and the dump file /workspace/source/target/surefire-reports/2020-03-03T10-54-07_453-jvmRun1.dumpstream
10:54:12.231 [main] DEBUG org.springframework.test.context.junit4.SpringJUnit4ClassRunner - SpringJUnit4ClassRunner constructor called with [class com.*******.conferences.agenda.DemoApplicationTests]
10:54:12.232 [main] DEBUG org.springframework.test.context.BootstrapUtils - Instantiating CacheAwareContextLoaderDelegate from class [org.springframework.test.context.cache.DefaultCacheAwareContextLoaderDelegate]
10:54:12.232 [main] DEBUG org.springframework.test.context.BootstrapUtils - Instantiating BootstrapContext using constructor [public org.springframework.test.context.support.DefaultBootstrapContext(java.lang.Class,org.springframework.test.context.CacheAwareContextLoaderDelegate)]
10:54:12.233 [main] DEBUG org.springframework.test.context.BootstrapUtils - Instantiating TestContextBootstrapper for test class [com.*******.conferences.agenda.DemoApplicationTests] from class [org.springframework.boot.test.context.SpringBootTestContextBootstrapper]
10:54:12.234 [main] INFO org.springframework.boot.test.context.SpringBootTestContextBootstrapper - Neither @ContextConfiguration nor @ContextHierarchy found for test class [com.*******.conferences.agenda.DemoApplicationTests], using SpringBootContextLoader
10:54:12.235 [main] DEBUG org.springframework.test.context.support.AbstractContextLoader - Did not detect default resource location for test class [com.*******.conferences.agenda.DemoApplicationTests]: class path resource [com/*******/conferences/agenda/DemoApplicationTests-context.xml] does not exist
10:54:12.238 [main] DEBUG org.springframework.test.context.support.AbstractContextLoader - Did not detect default resource location for test class [com.*******.conferences.agenda.DemoApplicationTests]: class path resource [com/*******/conferences/agenda/DemoApplicationTestsContext.groovy] does not exist
10:54:12.239 [main] INFO org.springframework.test.context.support.AbstractContextLoader - Could not detect default resource locations for test class [com.*******.conferences.agenda.DemoApplicationTests]: no resource found for suffixes {-context.xml, Context.groovy}.
10:54:12.239 [main] INFO org.springframework.test.context.support.AnnotationConfigContextLoaderUtils - Could not detect default configuration classes for test class [com.*******.conferences.agenda.DemoApplicationTests]: DemoApplicationTests does not declare any static, non-private, non-final, nested classes annotated with @Configuration.
10:54:12.241 [main] DEBUG org.springframework.test.context.support.ActiveProfilesUtils - Could not find an 'annotation declaring class' for annotation type [org.springframework.test.context.ActiveProfiles] and class [com.*******.conferences.agenda.DemoApplicationTests]
10:54:12.249 [main] INFO org.springframework.boot.test.context.SpringBootTestContextBootstrapper - Found @SpringBootConfiguration com.*******.conferences.agenda.DemoApplication for test class com.*******.conferences.agenda.DemoApplicationTests
10:54:12.253 [main] DEBUG org.springframework.boot.test.context.SpringBootTestContextBootstrapper - @TestExecutionListeners is not present for class [com.*******.conferences.agenda.DemoApplicationTests]: using defaults.
10:54:12.254 [main] INFO org.springframework.boot.test.context.SpringBootTestContextBootstrapper - Loaded default TestExecutionListener class names from location [META-INF/spring.factories]: [org.springframework.boot.test.mock.mockito.MockitoTestExecutionListener, org.springframework.boot.test.mock.mockito.ResetMocksTestExecutionListener, org.springframework.boot.test.autoconfigure.restdocs.RestDocsTestExecutionListener, org.springframework.boot.test.autoconfigure.web.client.MockRestServiceServerResetTestExecutionListener, org.springframework.boot.test.autoconfigure.web.servlet.MockMvcPrintOnlyOnFailureTestExecutionListener, org.springframework.boot.test.autoconfigure.web.servlet.WebDriverTestExecutionListener, org.springframework.test.context.web.ServletTestExecutionListener, org.springframework.test.context.support.DirtiesContextBeforeModesTestExecutionListener, org.springframework.test.context.support.DependencyInjectionTestExecutionListener, org.springframework.test.context.support.DirtiesContextTestExecutionListener, org.springframework.test.context.transaction.TransactionalTestExecutionListener, org.springframework.test.context.jdbc.SqlScriptsTestExecutionListener, org.springframework.test.context.event.EventPublishingTestExecutionListener]
10:54:12.255 [main] DEBUG org.springframework.boot.test.context.SpringBootTestContextBootstrapper - Skipping candidate TestExecutionListener [org.springframework.test.context.web.ServletTestExecutionListener] due to a missing dependency. Specify custom listener classes or make the default listener classes and their required dependencies available. Offending class: [javax/servlet/ServletContext]
10:54:12.304 [main] DEBUG org.springframework.boot.test.context.SpringBootTestContextBootstrapper - Skipping candidate TestExecutionListener [org.springframework.test.context.transaction.TransactionalTestExecutionListener] due to a missing dependency. Specify custom listener classes or make the default listener classes and their required dependencies available. Offending class: [org/springframework/transaction/TransactionDefinition]
10:54:12.308 [main] DEBUG org.springframework.boot.test.context.SpringBootTestContextBootstrapper - Skipping candidate TestExecutionListener [org.springframework.test.context.jdbc.SqlScriptsTestExecutionListener] due to a missing dependency. Specify custom listener classes or make the default listener classes and their required dependencies available. Offending class: [org/springframework/transaction/interceptor/TransactionAttribute]
10:54:12.309 [main] INFO org.springframework.boot.test.context.SpringBootTestContextBootstrapper - Using TestExecutionListeners: [org.springframework.test.context.support.DirtiesContextBeforeModesTestExecutionListener@2654635, org.springframework.boot.test.mock.mockito.MockitoTestExecutionListener@737a135b, org.springframework.boot.test.autoconfigure.SpringBootDependencyInjectionTestExecutionListener@687ef2e0, org.springframework.test.context.support.DirtiesContextTestExecutionListener@15dcfae7, org.springframework.test.context.event.EventPublishingTestExecutionListener@3da05287, org.springframework.boot.test.mock.mockito.ResetMocksTestExecutionListener@1e636ea3, org.springframework.boot.test.autoconfigure.restdocs.RestDocsTestExecutionListener@115667d, org.springframework.boot.test.autoconfigure.web.client.MockRestServiceServerResetTestExecutionListener@736caf7a, org.springframework.boot.test.autoconfigure.web.servlet.MockMvcPrintOnlyOnFailureTestExecutionListener@4ce7fffa, org.springframework.boot.test.autoconfigure.web.servlet.WebDriverTestExecutionListener@497486b3]
10:54:12.311 [main] DEBUG org.springframework.test.annotation.ProfileValueUtils - Retrieved @ProfileValueSourceConfiguration [null] for test class [com.*******.conferences.agenda.DemoApplicationTests]
10:54:12.312 [main] DEBUG org.springframework.test.annotation.ProfileValueUtils - Retrieved ProfileValueSource type [class org.springframework.test.annotation.SystemProfileValueSource] for class [com.*******.conferences.agenda.DemoApplicationTests]
10:54:12.655 [main] DEBUG org.springframework.test.annotation.ProfileValueUtils - Retrieved @ProfileValueSourceConfiguration [null] for test class [com.*******.conferences.agenda.DemoApplicationTests]
10:54:12.655 [main] DEBUG org.springframework.test.annotation.ProfileValueUtils - Retrieved ProfileValueSource type [class org.springframework.test.annotation.SystemProfileValueSource] for class [com.*******.conferences.agenda.DemoApplicationTests]
[INFO] Running com.*******.conferences.agenda.DemoApplicationTests
10:54:12.707 [main] DEBUG org.springframework.test.annotation.ProfileValueUtils - Retrieved @ProfileValueSourceConfiguration [null] for test class [com.*******.conferences.agenda.DemoApplicationTests]
10:54:12.707 [main] DEBUG org.springframework.test.annotation.ProfileValueUtils - Retrieved ProfileValueSource type [class org.springframework.test.annotation.SystemProfileValueSource] for class [com.*******.conferences.agenda.DemoApplicationTests]
10:54:12.708 [main] DEBUG org.springframework.test.annotation.ProfileValueUtils - Retrieved @ProfileValueSourceConfiguration [null] for test class [com.*******.conferences.agenda.DemoApplicationTests]
10:54:12.708 [main] DEBUG org.springframework.test.annotation.ProfileValueUtils - Retrieved ProfileValueSource type [class org.springframework.test.annotation.SystemProfileValueSource] for class [com.*******.conferences.agenda.DemoApplicationTests]
10:54:12.721 [main] DEBUG org.springframework.test.context.support.AbstractDirtiesContextTestExecutionListener - Before test class: context [DefaultTestContext@5e8ac0e1 testClass = DemoApplicationTests, testInstance = [null], testMethod = [null], testException = [null], mergedContextConfiguration = [ReactiveWebMergedContextConfiguration@aafcffa testClass = DemoApplicationTests, locations = '{}', classes = '{class com.*******.conferences.agenda.DemoApplication}', contextInitializerClasses = '[]', activeProfiles = '{}', propertySourceLocations = '{}', propertySourceProperties = '{org.springframework.boot.test.context.SpringBootTestContextBootstrapper=true}', contextCustomizers = set[org.springframework.boot.test.context.filter.ExcludeFilterContextCustomizer@8f2ef19, org.springframework.boot.test.json.DuplicateJsonObjectContextCustomizerFactory$DuplicateJsonObjectContextCustomizer@7674f035, org.springframework.boot.test.mock.mockito.MockitoContextCustomizer@0, org.springframework.boot.test.web.client.TestRestTemplateContextCustomizer@53045c6c, org.springframework.boot.test.web.reactive.server.WebTestClientContextCustomizer@742ff096, org.springframework.boot.test.autoconfigure.properties.PropertyMappingContextCustomizer@0, org.springframework.boot.test.autoconfigure.web.servlet.WebDriverContextCustomizerFactory$Customizer@5524cca1], contextLoader = 'org.springframework.boot.test.context.SpringBootContextLoader', parent = [null]], attributes = map[[empty]]], class annotated with @DirtiesContext [false] with mode [null].
10:54:12.734 [main] DEBUG org.springframework.test.annotation.ProfileValueUtils - Retrieved @ProfileValueSourceConfiguration [null] for test class [com.*******.conferences.agenda.DemoApplicationTests]
10:54:12.734 [main] DEBUG org.springframework.test.annotation.ProfileValueUtils - Retrieved ProfileValueSource type [class org.springframework.test.annotation.SystemProfileValueSource] for class [com.*******.conferences.agenda.DemoApplicationTests]
10:54:12.751 [main] DEBUG org.springframework.test.context.support.DependencyInjectionTestExecutionListener - Performing dependency injection for test context [[DefaultTestContext@5e8ac0e1 testClass = DemoApplicationTests, testInstance = com.*******.conferences.agenda.DemoApplicationTests@5a411614, testMethod = [null], testException = [null], mergedContextConfiguration = [ReactiveWebMergedContextConfiguration@aafcffa testClass = DemoApplicationTests, locations = '{}', classes = '{class com.*******.conferences.agenda.DemoApplication}', contextInitializerClasses = '[]', activeProfiles = '{}', propertySourceLocations = '{}', propertySourceProperties = '{org.springframework.boot.test.context.SpringBootTestContextBootstrapper=true}', contextCustomizers = set[org.springframework.boot.test.context.filter.ExcludeFilterContextCustomizer@8f2ef19, org.springframework.boot.test.json.DuplicateJsonObjectContextCustomizerFactory$DuplicateJsonObjectContextCustomizer@7674f035, org.springframework.boot.test.mock.mockito.MockitoContextCustomizer@0, org.springframework.boot.test.web.client.TestRestTemplateContextCustomizer@53045c6c, org.springframework.boot.test.web.reactive.server.WebTestClientContextCustomizer@742ff096, org.springframework.boot.test.autoconfigure.properties.PropertyMappingContextCustomizer@0, org.springframework.boot.test.autoconfigure.web.servlet.WebDriverContextCustomizerFactory$Customizer@5524cca1], contextLoader = 'org.springframework.boot.test.context.SpringBootContextLoader', parent = [null]], attributes = map[[empty]]]].
10:54:12.912 [main] DEBUG org.springframework.test.context.support.TestPropertySourceUtils - Adding inlined properties to environment: {spring.jmx.enabled=false, org.springframework.boot.test.context.SpringBootTestContextBootstrapper=true, server.port=-1}

  .   ____          _            __ _ _
 /\\ / ___'_ __ _ _(_)_ __  __ _ \ \ \ \
( ( )\___ | '_ | '_| | '_ \/ _` | \ \ \ \
 \\/  ___)| |_)| | | | | || (_| |  ) ) ) )
  '  |____| .__|_| |_|_| |_\__, | / / / /
 =========|_|==============|___/=/_/_/_/
 :: Spring Boot ::        (v2.2.0.RELEASE)

2020-03-03 10:54:13.846  INFO 76 --- [           main] c.s.c.agenda.DemoApplicationTests        : Starting DemoApplicationTests on *******-fmtok8s-agenda-master-r-vblwx-10-from-build-pack-rgbjl with PID 76 (started by root in /workspace/source)
2020-03-03 10:54:13.849  INFO 76 --- [           main] c.s.c.agenda.DemoApplicationTests        : No active profile set, falling back to default profiles: default
2020-03-03 10:54:21.525  INFO 76 --- [           main] o.s.b.a.e.web.EndpointLinksResolver      : Exposing 2 endpoint(s) beneath base path '/actuator'
2020-03-03 10:54:23.724  INFO 76 --- [           main] c.s.c.agenda.DemoApplicationTests        : Started DemoApplicationTests in 10.784 seconds (JVM running for 14.889)
[INFO] Tests run: 1, Failures: 0, Errors: 0, Skipped: 0, Time elapsed: 11.744 s - in com.*******.conferences.agenda.DemoApplicationTests
[WARNING] ForkStarter IOException: org.springframework.test.context.CacheAwareContextLoaderDelegate)]
 using SpringBootContextLoader
 Context.groovy}.
 non-private, non-final, nested classes annotated with @Configuration.
 org.springframework.boot.test.mock.mockito.ResetMocksTestExecutionListener, org.springframework.boot.test.autoconfigure.restdocs.RestDocsTestExecutionListener, org.springframework.boot.test.autoconfigure.web.client.MockRestServiceServerResetTestExecutionListener, org.springframework.boot.test.autoconfigure.web.servlet.MockMvcPrintOnlyOnFailureTestExecutionListener, org.springframework.boot.test.autoconfigure.web.servlet.WebDriverTestExecutionListener, org.springframework.test.context.web.ServletTestExecutionListener, org.springframework.test.context.support.DirtiesContextBeforeModesTestExecutionListener, org.springframework.test.context.support.DependencyInjectionTestExecutionListener, org.springframework.test.context.support.DirtiesContextTestExecutionListener, org.springframework.test.context.transaction.TransactionalTestExecutionListener, org.springframework.test.context.jdbc.SqlScriptsTestExecutionListener, org.springframework.test.context.event.EventPublishingTestExecutionListener]
 org.springframework.boot.test.mock.mockito.MockitoTestExecutionListener@39655d3e, org.springframework.boot.test.autoconfigure.SpringBootDependencyInjectionTestExecutionListener@34f22f9d, org.springframework.test.context.support.DirtiesContextTestExecutionListener@3d1848cc, org.springframework.test.context.event.EventPublishingTestExecutionListener@7dda48d9, org.springframework.boot.test.mock.mockito.ResetMocksTestExecutionListener@6e4566f1, org.springframework.boot.test.autoconfigure.restdocs.RestDocsTestExecutionListener@4b6e2263, org.springframework.boot.test.autoconfigure.web.client.MockRestServiceServerResetTestExecutionListener@344f4dea, org.springframework.boot.test.autoconfigure.web.servlet.MockMvcPrintOnlyOnFailureTestExecutionListener@1b7c473a, org.springframework.boot.test.autoconfigure.web.servlet.WebDriverTestExecutionListener@5e4bd84a]. See the dump file /workspace/source/target/surefire-reports/2020-03-03T10-54-07_453-jvmRun1.dumpstream
[INFO] 
[INFO] Results:
[INFO] 
[INFO] Tests run: 1, Failures: 0, Errors: 0, Skipped: 0
[INFO] 
[INFO] 
[INFO] --- maven-jar-plugin:3.1.2:jar (default-jar) @ fmtok8s-agenda ---
[INFO] Building jar: /workspace/source/target/fmtok8s-agenda-0.0.10.jar
[INFO] 
[INFO] --- spring-boot-maven-plugin:2.2.0.RELEASE:repackage (repackage) @ fmtok8s-agenda ---
[INFO] Replacing main artifact with repackaged archive
[INFO] 
[INFO] --- maven-install-plugin:2.5.2:install (default-install) @ fmtok8s-agenda ---
[INFO] Installing /workspace/source/target/fmtok8s-agenda-0.0.10.jar to /home/jenkins/.mvnrepository/com/*******/conferences/fmtok8s-agenda/0.0.10/fmtok8s-agenda-0.0.10.jar
[INFO] Installing /workspace/source/pom.xml to /home/jenkins/.mvnrepository/com/*******/conferences/fmtok8s-agenda/0.0.10/fmtok8s-agenda-0.0.10.pom
[INFO] 
[INFO] --- maven-deploy-plugin:2.8.2:deploy (default-deploy) @ fmtok8s-agenda ---
[INFO] Using alternate deployment repository local-nexus::default::http://nexus/repository/maven-releases/
[INFO] ------------------------------------------------------------------------
[INFO] BUILD SUCCESS
[INFO] ------------------------------------------------------------------------
[INFO] Total time:  47.498 s
[INFO] Finished at: 2020-03-03T10:54:31Z
[INFO] ------------------------------------------------------------------------

Showing logs for build [32msalaboy-fmtok8s-agenda-master-r-vblwx-10[0m stage [32mfrom-build-pack[0m and container [32mstep-build-skaffold-version[0m
v1.0.1

Showing logs for build [32msalaboy-fmtok8s-agenda-master-r-vblwx-10[0m stage [32mfrom-build-pack[0m and container [32mstep-build-container-build[0m
[36mINFO[0m[0000] Downloading base image openjdk:11-jre-slim   
ERROR: logging before flag.Parse: E0303 10:54:32.836324      11 metadata.go:142] while reading 'google-dockercfg' metadata: http status code: 404 while fetching url http://metadata.google.internal./computeMetadata/v1/instance/attributes/google-dockercfg
ERROR: logging before flag.Parse: E0303 10:54:32.840293      11 metadata.go:159] while reading 'google-dockercfg-url' metadata: http status code: 404 while fetching url http://metadata.google.internal./computeMetadata/v1/instance/attributes/google-dockercfg-url
2020/03/03 10:54:32 No matching credentials were found, falling back on anonymous
[36mINFO[0m[0001] Error while retrieving image from cache: getting file info: stat /workspace/sha256:88d4192a5dab8de64fbeec699bcea3739f097f78f3184cd4e2aea6d7ac238da7: no such file or directory 
[36mINFO[0m[0001] Downloading base image openjdk:11-jre-slim   
2020/03/03 10:54:34 No matching credentials were found, falling back on anonymous
[36mINFO[0m[0002] cmd: EXPOSE                                  
[36mINFO[0m[0002] Adding exposed port: 8080/tcp                
[36mINFO[0m[0002] Using files from context: [/workspace/source/pom.xml] 
[36mINFO[0m[0002] Using files from context: [/workspace/source/target/fmtok8s-agenda-0.0.10.jar] 
[36mINFO[0m[0002] Skipping unpacking as no commands require it. 
[36mINFO[0m[0002] Taking snapshot of full filesystem...        
[36mINFO[0m[0002] ENV PORT 8080                                
[36mINFO[0m[0002] No files changed in this command, skipping snapshotting. 
[36mINFO[0m[0002] ENV CLASSPATH /opt/lib                       
[36mINFO[0m[0002] No files changed in this command, skipping snapshotting. 
[36mINFO[0m[0002] EXPOSE 8080                                  
[36mINFO[0m[0002] cmd: EXPOSE                                  
[36mINFO[0m[0002] Adding exposed port: 8080/tcp                
[36mINFO[0m[0002] No files changed in this command, skipping snapshotting. 
[36mINFO[0m[0002] Using files from context: [/workspace/source/pom.xml] 
[36mINFO[0m[0002] COPY pom.xml target/lib* /opt/lib/           
[36mINFO[0m[0002] Taking snapshot of files...                  
[36mINFO[0m[0002] Using files from context: [/workspace/source/target/fmtok8s-agenda-0.0.10.jar] 
[36mINFO[0m[0002] COPY target/*.jar /opt/app.jar               
[36mINFO[0m[0002] Taking snapshot of files...                  
[36mINFO[0m[0002] WORKDIR /opt                                 
[36mINFO[0m[0002] cmd: workdir                                 
[36mINFO[0m[0002] Changed working directory to /opt            
[36mINFO[0m[0002] No files changed in this command, skipping snapshotting. 
[36mINFO[0m[0002] ENTRYPOINT exec java $JAVA_OPTS -jar app.jar 
[36mINFO[0m[0002] No files changed in this command, skipping snapshotting. 
2020/03/03 10:54:36 existing blob: sha256:4874c5772968dcab87c114bee2baf2c7e9a06dda36e63bdfeab71bd4d6f02890
2020/03/03 10:54:36 existing blob: sha256:d5c28bc4eb5532356cd06f142ed9cd6cee0811be74e992fdd2190fee8cbcf710
2020/03/03 10:54:36 existing blob: sha256:8afa8e973e226cdc57cde0ef199d85ee1aa93b5f6a04abf68dc4952cdab931d5
2020/03/03 10:54:36 existing blob: sha256:68ced04f60ab5c7a5f1d0b0b4e7572c5a4c8cce44866513d30d9df1a15277d6b
2020/03/03 10:54:39 pushed blob: sha256:7f3955bf9f51ed4e80f22452374cce845af0d8c2183d6916cad7f8c7e6bc7258
2020/03/03 10:54:39 pushed blob: sha256:5f3a929bfd8c8b76617db86ff3cebb6fc1850353d131e6cac10a90b0cc6e98f2
2020/03/03 10:54:40 pushed blob: sha256:6588053fc946d5e3ba89838fce0ad091cc60095560b94e541ac156f3dc9cfdcb
2020/03/03 10:54:41 gcr.io/camunda-consulting-de/fmtok8s-agenda:0.0.10: digest: sha256:d166640030060164adde5115c15cff767bcde1be6ef2a6e1175c2db818a03e6d size: 1243

Showing logs for build [32msalaboy-fmtok8s-agenda-master-r-vblwx-10[0m stage [32mfrom-build-pack[0m and container [32mstep-build-post-build[0m
no CVE provider running in the current ** namespace so skip adding image to be analysed

Showing logs for build [32msalaboy-fmtok8s-agenda-master-r-vblwx-10[0m stage [32mfrom-build-pack[0m and container [32mstep-promote-changelog[0m
Converted /workspace/source/charts/fmtok8s-agenda to an unshallow repository
Generating change log from git ref 85c8252bc0a5ecf783624eafce355bdacf2d7ad6 => d7c9e4d6f158e9e6918e20a53657f8bba0aa4c8a
WARNING: No release found for *******/fmtok8s-agenda and tag v0.0.10 so creating a new release
Updated the release information at https://github.com/*******/fmtok8s-agenda/releases/tag/v0.0.10
generated: /workspace/source/charts/fmtok8s-agenda/templates/release.yaml
Created Release fmtok8s-agenda-0-0-10 resource in namespace **
Updating PipelineActivity *******-fmtok8s-agenda-master-10 with version 0.0.10
Updated PipelineActivities *******-fmtok8s-agenda-master-10 with release notes URL: https://github.com/*******/fmtok8s-agenda/releases/tag/v0.0.10

Showing logs for build [32msalaboy-fmtok8s-agenda-master-r-vblwx-10[0m stage [32mfrom-build-pack[0m and container [32mstep-promote-helm-release[0m
WARNING: No $CHART_REPOSITORY defined so using the default value of: http://jenkins-x-chartmuseum:8080
Adding missing Helm repo: storage.googleapis.com https://storage.googleapis.com/chartmuseum.jenkins-x.io
Successfully added Helm repository storage.googleapis.com.
Adding missing Helm repo: jenkins-x-chartmuseum http://jenkins-x-chartmuseum:8080
Successfully added Helm repository jenkins-x-chartmuseum.
WARNING: No $CHART_REPOSITORY defined so using the default value of: http://jenkins-x-chartmuseum:8080
Uploading chart file fmtok8s-agenda-0.0.10.tgz to http://jenkins-x-chartmuseum:8080/api/charts
Received 201 response: {"saved":true}

Showing logs for build [32msalaboy-fmtok8s-agenda-master-r-vblwx-10[0m stage [32mfrom-build-pack[0m and container [32mstep-promote-jx-promote[0m
WARNING: prow based install so skip waiting for the merge of Pull Requests to go green as currently there is an issue with gettingstatuses from the PR, see https://github.com/jenkins-x/**/issues/2410
WARNING: No $CHART_REPOSITORY defined so using the default value of: http://jenkins-x-chartmuseum:8080
Promoting app fmtok8s-agenda version 0.0.10 to namespace **-staging
WARNING: 
Created Pull Request: https://github.com/*******/environment-kubecon-prep-staging/pull/66
Added label updatebot to Pull Request https://github.com/*******/environment-kubecon-prep-staging/pull/66
got git provider status pending from PR https://github.com/*******/environment-kubecon-prep-staging/pull/66
got git provider status pending from PR https://github.com/*******/environment-kubecon-prep-staging/pull/66
got git provider status pending from PR https://github.com/*******/environment-kubecon-prep-staging/pull/66
got git provider status pending from PR https://github.com/*******/environment-kubecon-prep-staging/pull/66
got git provider status pending from PR https://github.com/*******/environment-kubecon-prep-staging/pull/66
got git provider status pending from PR https://github.com/*******/environment-kubecon-prep-staging/pull/66
got git provider status pending from PR https://github.com/*******/environment-kubecon-prep-staging/pull/66
got git provider status pending from PR https://github.com/*******/environment-kubecon-prep-staging/pull/66
got git provider status pending from PR https://github.com/*******/environment-kubecon-prep-staging/pull/66
got git provider status pending from PR https://github.com/*******/environment-kubecon-prep-staging/pull/66
got git provider status pending from PR https://github.com/*******/environment-kubecon-prep-staging/pull/66
got git provider status pending from PR https://github.com/*******/environment-kubecon-prep-staging/pull/66
got git provider status pending from PR https://github.com/*******/environment-kubecon-prep-staging/pull/66
got git provider status pending from PR https://github.com/*******/environment-kubecon-prep-staging/pull/66
got git provider status pending from PR https://github.com/*******/environment-kubecon-prep-staging/pull/66
got git provider status pending from PR https://github.com/*******/environment-kubecon-prep-staging/pull/66
got git provider status pending from PR https://github.com/*******/environment-kubecon-prep-staging/pull/66
Pull Request https://github.com/*******/environment-kubecon-prep-staging/pull/66 is merged at sha 08853b677d80b4528da69c25f19b8c0af8740d57
Pull Request merged but we are not waiting for the update pipeline to complete!

Showing logs for build [32msalaboy-fmtok8s-agenda-master-r-vblwx-10[0m stage [32mfrom-build-pack[0m and container [32mstep-promote-step10[0m
Using https://github.com/*******/fmtok8s-agenda as source for change discovered from git repo in /workspace/source
WARNING: 
Updated Pull Request: https://github.com/*******/fmtok8s-kubecon-app/pull/1
Added label updatebot to Pull Request https://github.com/*******/fmtok8s-kubecon-app/pull/1
