
Showing logs for build [32msalaboy-fmtok8s-agenda-master-r-9d6v8-15[0m stage [32mfrom-build-pack[0m and container [32mstep-credential-initializer-5h6qp[0m
{"level":"info","ts":1591007653.2134936,"logger":"fallback-logger","caller":"logging/config.go:69","msg":"Fetch GitHub commit ID from kodata failed: open /var/run/ko/refs/heads/0.8.0-ns-support: no such file or directory"}
{"level":"info","ts":1591007653.214264,"logger":"fallback-logger","caller":"creds-init/main.go:40","msg":"Credentials initialized."}

Showing logs for build [32msalaboy-fmtok8s-agenda-master-r-9d6v8-15[0m stage [32mfrom-build-pack[0m and container [32mstep-working-dir-initializer-xrk4r[0m
{"level":"info","ts":1591007654.1659384,"logger":"fallback-logger","caller":"logging/config.go:69","msg":"Fetch GitHub commit ID from kodata failed: open /var/run/ko/HEAD: no such file or directory"}
{"level":"info","ts":1591007654.1801665,"logger":"fallback-logger","caller":"bash/main.go:64","msg":"Successfully executed command \"sh -c mkdir -p /workspace/source\"; output "}

Showing logs for build [32msalaboy-fmtok8s-agenda-master-r-9d6v8-15[0m stage [32mfrom-build-pack[0m and container [32mstep-place-tools[0m

Showing logs for build [32msalaboy-fmtok8s-agenda-master-r-9d6v8-15[0m stage [32mfrom-build-pack[0m and container [32mstep-git-source-salaboy-fmtok8s-agenda-master-r-9d6v8-lnjzr[0m
{"level":"info","ts":1591007660.3452156,"logger":"fallback-logger","caller":"logging/config.go:69","msg":"Fetch GitHub commit ID from kodata failed: open /var/run/ko/refs/heads/0.8.0-ns-support: no such file or directory"}
{"level":"info","ts":1591007661.683856,"logger":"fallback-logger","caller":"git/git.go:103","msg":"Successfully cloned https://github.com/*******/fmtok8s-agenda.git @ v0.0.28 in path /workspace/source"}

Showing logs for build [32msalaboy-fmtok8s-agenda-master-r-9d6v8-15[0m stage [32mfrom-build-pack[0m and container [32mstep-git-merge[0m
Using SHAs from PULL_REFS=master:fed975e5dbd936cce2103bb6c05a8b90f0b040e4
WARNING: no SHAs to merge, falling back to initial cloned commit

Showing logs for build [32msalaboy-fmtok8s-agenda-master-r-9d6v8-15[0m stage [32mfrom-build-pack[0m and container [32mstep-setup-jx-git-credentials[0m
Generated Git credentials file /workspace/xdg_config/git/credentials

Showing logs for build [32msalaboy-fmtok8s-agenda-master-r-9d6v8-15[0m stage [32mfrom-build-pack[0m and container [32mstep-build-mvn-deploy[0m
Picked up _JAVA_OPTIONS: -XX:+UnlockExperimentalVMOptions -Dsun.zip.disableMemoryMapping=true -XX:+UseParallelGC -XX:MinHeapFreeRatio=5 -XX:MaxHeapFreeRatio=10 -XX:GCTimeRatio=4 -XX:AdaptiveSizePolicyWeight=90 -Xms10m -Xmx192m
[INFO] Scanning for projects...
[INFO] 
[INFO] ---------------< com.*******.conferences:fmtok8s-agenda >---------------
[INFO] Building From Monolith to K8S :: Agenda Service 0.0.28
[INFO] --------------------------------[ jar ]---------------------------------
[WARNING] The POM for com.sun.xml.bind:jaxb-osgi:jar:2.2.10 is invalid, transitive dependencies (if any) will not be available, enable debug logging for more details
[INFO] 
[INFO] --- maven-clean-plugin:3.1.0:clean (default-clean) @ fmtok8s-agenda ---
[INFO] 
[INFO] --- maven-resources-plugin:3.1.0:resources (default-resources) @ fmtok8s-agenda ---
[INFO] Using 'UTF-8' encoding to copy filtered resources.
[INFO] Copying 1 resource
[INFO] Copying 0 resource
[INFO] 
[INFO] --- maven-compiler-plugin:3.8.1:compile (default-compile) @ fmtok8s-agenda ---
[INFO] Changes detected - recompiling the module!
[INFO] Compiling 3 source files to /workspace/source/target/classes
[INFO] 
[INFO] --- spring-cloud-contract-maven-plugin:2.2.1.RELEASE:generateTests (default-generateTests) @ fmtok8s-agenda ---
[INFO] Generating server tests source code for Spring Cloud Contract Verifier contract verification
[INFO] Will use contracts provided in the folder [/workspace/source/src/test/resources/contracts]
[INFO] Directory with contract is present at [/workspace/source/src/test/resources/contracts]
[INFO] Test Source directory: /workspace/source/target/generated-test-sources/contracts added.
[INFO] Using [null] as base class for test classes, [null] as base package for tests, [com.*******.conferences.agenda] as package with base classes, base class mappings []
[INFO] Creating new class file [/workspace/source/target/generated-test-sources/contracts/com/*******/conferences/agenda/ContractVerifierTest.java]
[INFO] Generated 1 test classes.
[INFO] 
[INFO] --- spring-cloud-contract-maven-plugin:2.2.1.RELEASE:convert (default-convert) @ fmtok8s-agenda ---
[INFO] Will use contracts provided in the folder [/workspace/source/src/test/resources/contracts]
[INFO] Copying Spring Cloud Contract Verifier contracts to [/workspace/source/target/stubs/META-INF/com.*******.conferences/fmtok8s-agenda/0.0.28/contracts]. Only files matching [.*] pattern will end up in the final JAR with stubs.
[INFO] Using 'UTF-8' encoding to copy filtered resources.
[INFO] Copying 1 resource
[INFO] Converting from Spring Cloud Contract Verifier contracts to WireMock stubs mappings
[INFO]      Spring Cloud Contract Verifier contracts directory: /workspace/source/src/test/resources/contracts
[INFO] Stub Server stubs mappings directory: /workspace/source/target/stubs/META-INF/com.*******.conferences/fmtok8s-agenda/0.0.28/mappings
[INFO] Creating new stub [/workspace/source/target/stubs/META-INF/com.*******.conferences/fmtok8s-agenda/0.0.28/mappings/should accept POST with new Proposal.json]
[INFO] 
[INFO] --- maven-resources-plugin:3.1.0:testResources (default-testResources) @ fmtok8s-agenda ---
[INFO] Using 'UTF-8' encoding to copy filtered resources.
[INFO] Copying 1 resource
[INFO] skip non existing resourceDirectory /workspace/source/target/generated-test-resources/contracts
[INFO] 
[INFO] --- maven-compiler-plugin:3.8.1:testCompile (default-testCompile) @ fmtok8s-agenda ---
[INFO] Changes detected - recompiling the module!
[INFO] Compiling 3 source files to /workspace/source/target/test-classes
[INFO] 
[INFO] --- maven-surefire-plugin:3.0.0-M1:test (default-test) @ fmtok8s-agenda ---
[INFO] 
[INFO] -------------------------------------------------------
[INFO]  T E S T S
[INFO] -------------------------------------------------------
[WARNING] Corrupted STDOUT by directly writing to native stream in forked JVM 1. See FAQ web page and the dump file /workspace/source/target/surefire-reports/2020-06-01T10-35-13_961-jvmRun1.dumpstream
10:35:19.757 [main] DEBUG org.springframework.test.context.junit4.SpringJUnit4ClassRunner - SpringJUnit4ClassRunner constructor called with [class com.*******.conferences.agenda.ContractVerifierTest]
10:35:19.758 [main] DEBUG org.springframework.test.context.BootstrapUtils - Instantiating CacheAwareContextLoaderDelegate from class [org.springframework.test.context.cache.DefaultCacheAwareContextLoaderDelegate]
10:35:19.758 [main] DEBUG org.springframework.test.context.BootstrapUtils - Instantiating BootstrapContext using constructor [public org.springframework.test.context.support.DefaultBootstrapContext(java.lang.Class,org.springframework.test.context.CacheAwareContextLoaderDelegate)]
10:35:19.758 [main] DEBUG org.springframework.test.context.BootstrapUtils - Instantiating TestContextBootstrapper for test class [com.*******.conferences.agenda.ContractVerifierTest] from class [org.springframework.boot.test.context.SpringBootTestContextBootstrapper]
10:35:19.764 [main] INFO org.springframework.boot.test.context.SpringBootTestContextBootstrapper - Neither @ContextConfiguration nor @ContextHierarchy found for test class [com.*******.conferences.agenda.ContractVerifierTest], using SpringBootContextLoader
10:35:19.766 [main] DEBUG org.springframework.test.context.support.AbstractContextLoader - Did not detect default resource location for test class [com.*******.conferences.agenda.ContractVerifierTest]: class path resource [com/*******/conferences/agenda/ContractVerifierTest-context.xml] does not exist
10:35:19.767 [main] DEBUG org.springframework.test.context.support.AbstractContextLoader - Did not detect default resource location for test class [com.*******.conferences.agenda.ContractVerifierTest]: class path resource [com/*******/conferences/agenda/ContractVerifierTestContext.groovy] does not exist
10:35:19.767 [main] INFO org.springframework.test.context.support.AbstractContextLoader - Could not detect default resource locations for test class [com.*******.conferences.agenda.ContractVerifierTest]: no resource found for suffixes {-context.xml, Context.groovy}.
10:35:19.768 [main] INFO org.springframework.test.context.support.AnnotationConfigContextLoaderUtils - Could not detect default configuration classes for test class [com.*******.conferences.agenda.ContractVerifierTest]: ContractVerifierTest does not declare any static, non-private, non-final, nested classes annotated with @Configuration.
10:35:19.773 [main] DEBUG org.springframework.test.context.support.ActiveProfilesUtils - Could not find an 'annotation declaring class' for annotation type [org.springframework.test.context.ActiveProfiles] and class [com.*******.conferences.agenda.ContractVerifierTest]
10:35:19.775 [main] INFO org.springframework.boot.test.context.SpringBootTestContextBootstrapper - Found @SpringBootConfiguration com.*******.conferences.agenda.DemoApplication for test class com.*******.conferences.agenda.ContractVerifierTest
10:35:19.833 [main] DEBUG org.springframework.boot.test.context.SpringBootTestContextBootstrapper - @TestExecutionListeners is not present for class [com.*******.conferences.agenda.ContractVerifierTest]: using defaults.
10:35:19.833 [main] INFO org.springframework.boot.test.context.SpringBootTestContextBootstrapper - Loaded default TestExecutionListener class names from location [META-INF/spring.factories]: [org.springframework.boot.test.mock.mockito.MockitoTestExecutionListener, org.springframework.boot.test.mock.mockito.ResetMocksTestExecutionListener, org.springframework.boot.test.autoconfigure.restdocs.RestDocsTestExecutionListener, org.springframework.boot.test.autoconfigure.web.client.MockRestServiceServerResetTestExecutionListener, org.springframework.boot.test.autoconfigure.web.servlet.MockMvcPrintOnlyOnFailureTestExecutionListener, org.springframework.boot.test.autoconfigure.web.servlet.WebDriverTestExecutionListener, org.springframework.test.context.web.ServletTestExecutionListener, org.springframework.test.context.support.DirtiesContextBeforeModesTestExecutionListener, org.springframework.test.context.support.DependencyInjectionTestExecutionListener, org.springframework.test.context.support.DirtiesContextTestExecutionListener, org.springframework.test.context.transaction.TransactionalTestExecutionListener, org.springframework.test.context.jdbc.SqlScriptsTestExecutionListener, org.springframework.test.context.event.EventPublishingTestExecutionListener]
10:35:19.844 [main] DEBUG org.springframework.boot.test.context.SpringBootTestContextBootstrapper - Skipping candidate TestExecutionListener [org.springframework.test.context.web.ServletTestExecutionListener] due to a missing dependency. Specify custom listener classes or make the default listener classes and their required dependencies available. Offending class: [javax/servlet/ServletContext]
10:35:19.847 [main] DEBUG org.springframework.boot.test.context.SpringBootTestContextBootstrapper - Skipping candidate TestExecutionListener [org.springframework.test.context.transaction.TransactionalTestExecutionListener] due to a missing dependency. Specify custom listener classes or make the default listener classes and their required dependencies available. Offending class: [org/springframework/transaction/TransactionDefinition]
10:35:19.852 [main] DEBUG org.springframework.boot.test.context.SpringBootTestContextBootstrapper - Skipping candidate TestExecutionListener [org.springframework.test.context.jdbc.SqlScriptsTestExecutionListener] due to a missing dependency. Specify custom listener classes or make the default listener classes and their required dependencies available. Offending class: [org/springframework/transaction/interceptor/TransactionAttribute]
10:35:19.855 [main] INFO org.springframework.boot.test.context.SpringBootTestContextBootstrapper - Using TestExecutionListeners: [org.springframework.test.context.support.DirtiesContextBeforeModesTestExecutionListener@61ce23ac, org.springframework.boot.test.mock.mockito.MockitoTestExecutionListener@3668d4, org.springframework.boot.test.autoconfigure.SpringBootDependencyInjectionTestExecutionListener@1c3b9394, org.springframework.test.context.support.DirtiesContextTestExecutionListener@6f2cfcc2, org.springframework.test.context.event.EventPublishingTestExecutionListener@7f6f61c8, org.springframework.boot.test.mock.mockito.ResetMocksTestExecutionListener@4c2cc639, org.springframework.boot.test.autoconfigure.restdocs.RestDocsTestExecutionListener@ccb4b1b, org.springframework.boot.test.autoconfigure.web.client.MockRestServiceServerResetTestExecutionListener@4097cac, org.springframework.boot.test.autoconfigure.web.servlet.MockMvcPrintOnlyOnFailureTestExecutionListener@ec2cc4, org.springframework.boot.test.autoconfigure.web.servlet.WebDriverTestExecutionListener@2a5b3fee]
10:35:19.855 [main] DEBUG org.springframework.test.annotation.ProfileValueUtils - Retrieved @ProfileValueSourceConfiguration [null] for test class [com.*******.conferences.agenda.ContractVerifierTest]
10:35:19.856 [main] DEBUG org.springframework.test.annotation.ProfileValueUtils - Retrieved ProfileValueSource type [class org.springframework.test.annotation.SystemProfileValueSource] for class [com.*******.conferences.agenda.ContractVerifierTest]
10:35:20.143 [main] DEBUG org.springframework.test.annotation.ProfileValueUtils - Retrieved @ProfileValueSourceConfiguration [null] for test class [com.*******.conferences.agenda.ContractVerifierTest]
10:35:20.143 [main] DEBUG org.springframework.test.annotation.ProfileValueUtils - Retrieved ProfileValueSource type [class org.springframework.test.annotation.SystemProfileValueSource] for class [com.*******.conferences.agenda.ContractVerifierTest]
[INFO] Running com.*******.conferences.agenda.ContractVerifierTest
10:35:20.170 [main] DEBUG org.springframework.test.annotation.ProfileValueUtils - Retrieved @ProfileValueSourceConfiguration [null] for test class [com.*******.conferences.agenda.ContractVerifierTest]
10:35:20.171 [main] DEBUG org.springframework.test.annotation.ProfileValueUtils - Retrieved ProfileValueSource type [class org.springframework.test.annotation.SystemProfileValueSource] for class [com.*******.conferences.agenda.ContractVerifierTest]
10:35:20.175 [main] DEBUG org.springframework.test.annotation.ProfileValueUtils - Retrieved @ProfileValueSourceConfiguration [null] for test class [com.*******.conferences.agenda.ContractVerifierTest]
10:35:20.176 [main] DEBUG org.springframework.test.annotation.ProfileValueUtils - Retrieved ProfileValueSource type [class org.springframework.test.annotation.SystemProfileValueSource] for class [com.*******.conferences.agenda.ContractVerifierTest]
10:35:20.229 [main] DEBUG org.springframework.test.context.support.AbstractDirtiesContextTestExecutionListener - Before test class: context [DefaultTestContext@ed3068a testClass = ContractVerifierTest, testInstance = [null], testMethod = [null], testException = [null], mergedContextConfiguration = [ReactiveWebMergedContextConfiguration@7c2b6087 testClass = ContractVerifierTest, locations = '{}', classes = '{class com.*******.conferences.agenda.DemoApplication}', contextInitializerClasses = '[]', activeProfiles = '{}', propertySourceLocations = '{}', propertySourceProperties = '{server.port=0, org.springframework.boot.test.context.SpringBootTestContextBootstrapper=true, server.port=0}', contextCustomizers = set[org.springframework.boot.test.context.filter.ExcludeFilterContextCustomizer@1c9b0314, org.springframework.boot.test.json.DuplicateJsonObjectContextCustomizerFactory$DuplicateJsonObjectContextCustomizer@2d29b4ee, org.springframework.boot.test.mock.mockito.MockitoContextCustomizer@0, org.springframework.boot.test.web.client.TestRestTemplateContextCustomizer@7098b907, org.springframework.boot.test.web.reactive.server.WebTestClientContextCustomizer@5c86dbc5, org.springframework.boot.test.autoconfigure.properties.PropertyMappingContextCustomizer@0, org.springframework.boot.test.autoconfigure.web.servlet.WebDriverContextCustomizerFactory$Customizer@a8ef162], contextLoader = 'org.springframework.boot.test.context.SpringBootContextLoader', parent = [null]], attributes = map['org.springframework.test.context.web.ServletTestExecutionListener.activateListener' -> false]], class annotated with @DirtiesContext [false] with mode [null].
10:35:20.235 [main] DEBUG org.springframework.test.annotation.ProfileValueUtils - Retrieved @ProfileValueSourceConfiguration [null] for test class [com.*******.conferences.agenda.ContractVerifierTest]
10:35:20.236 [main] DEBUG org.springframework.test.annotation.ProfileValueUtils - Retrieved ProfileValueSource type [class org.springframework.test.annotation.SystemProfileValueSource] for class [com.*******.conferences.agenda.ContractVerifierTest]
10:35:20.243 [main] DEBUG org.springframework.test.context.support.DependencyInjectionTestExecutionListener - Performing dependency injection for test context [[DefaultTestContext@ed3068a testClass = ContractVerifierTest, testInstance = com.*******.conferences.agenda.ContractVerifierTest@4cc6fa2a, testMethod = [null], testException = [null], mergedContextConfiguration = [ReactiveWebMergedContextConfiguration@7c2b6087 testClass = ContractVerifierTest, locations = '{}', classes = '{class com.*******.conferences.agenda.DemoApplication}', contextInitializerClasses = '[]', activeProfiles = '{}', propertySourceLocations = '{}', propertySourceProperties = '{server.port=0, org.springframework.boot.test.context.SpringBootTestContextBootstrapper=true, server.port=0}', contextCustomizers = set[org.springframework.boot.test.context.filter.ExcludeFilterContextCustomizer@1c9b0314, org.springframework.boot.test.json.DuplicateJsonObjectContextCustomizerFactory$DuplicateJsonObjectContextCustomizer@2d29b4ee, org.springframework.boot.test.mock.mockito.MockitoContextCustomizer@0, org.springframework.boot.test.web.client.TestRestTemplateContextCustomizer@7098b907, org.springframework.boot.test.web.reactive.server.WebTestClientContextCustomizer@5c86dbc5, org.springframework.boot.test.autoconfigure.properties.PropertyMappingContextCustomizer@0, org.springframework.boot.test.autoconfigure.web.servlet.WebDriverContextCustomizerFactory$Customizer@a8ef162], contextLoader = 'org.springframework.boot.test.context.SpringBootContextLoader', parent = [null]], attributes = map['org.springframework.test.context.web.ServletTestExecutionListener.activateListener' -> false]]].
10:35:20.347 [main] DEBUG org.springframework.test.context.support.TestPropertySourceUtils - Adding inlined properties to environment: {spring.jmx.enabled=false, server.port=0, org.springframework.boot.test.context.SpringBootTestContextBootstrapper=true, server.port=0}

  .   ____          _            __ _ _
 /\\ / ___'_ __ _ _(_)_ __  __ _ \ \ \ \
( ( )\___ | '_ | '_| | '_ \/ _` | \ \ \ \
 \\/  ___)| |_)| | | | | || (_| |  ) ) ) )
  '  |____| .__|_| |_|_| |_\__, | / / / /
 =========|_|==============|___/=/_/_/_/
 :: Spring Boot ::        (v2.2.6.RELEASE)

2020-06-01 10:35:21.239  INFO 71 --- [           main] c.s.c.agenda.ContractVerifierTest        : Starting ContractVerifierTest on *******-fmtok8s-agenda-master-r-9d6v8-15-from-build-pack-sqtxg with PID 71 (started by root in /workspace/source)
2020-06-01 10:35:21.242  INFO 71 --- [           main] c.s.c.agenda.ContractVerifierTest        : No active profile set, falling back to default profiles: default
2020-06-01 10:35:27.656  INFO 71 --- [           main] trationDelegate$BeanPostProcessorChecker : Bean 'io.zeebe.spring.client.config.processor.PostProcessorConfiguration' of type [io.zeebe.spring.client.config.processor.PostProcessorConfiguration] is not eligible for getting processed by all BeanPostProcessors (for example: not eligible for auto-proxying)
2020-06-01 10:35:27.668  INFO 71 --- [           main] trationDelegate$BeanPostProcessorChecker : Bean 'io.zeebe.spring.client.bean.value.factory.ReadAnnotationValueConfiguration' of type [io.zeebe.spring.client.bean.value.factory.ReadAnnotationValueConfiguration] is not eligible for getting processed by all BeanPostProcessors (for example: not eligible for auto-proxying)
2020-06-01 10:35:27.678  INFO 71 --- [           main] trationDelegate$BeanPostProcessorChecker : Bean 'zeebeExpressionResolver' of type [io.zeebe.spring.util.ZeebeExpressionResolver] is not eligible for getting processed by all BeanPostProcessors (for example: not eligible for auto-proxying)
2020-06-01 10:35:27.740  INFO 71 --- [           main] trationDelegate$BeanPostProcessorChecker : Bean 'readZeebeDeploymentValue' of type [io.zeebe.spring.client.bean.value.factory.ReadZeebeDeploymentValue] is not eligible for getting processed by all BeanPostProcessors (for example: not eligible for auto-proxying)
2020-06-01 10:35:27.749  INFO 71 --- [           main] trationDelegate$BeanPostProcessorChecker : Bean 'deploymentPostProcessor' of type [io.zeebe.spring.client.config.processor.DeploymentPostProcessor] is not eligible for getting processed by all BeanPostProcessors (for example: not eligible for auto-proxying)
2020-06-01 10:35:27.766  INFO 71 --- [           main] trationDelegate$BeanPostProcessorChecker : Bean 'readZeebeWorkerValue' of type [io.zeebe.spring.client.bean.value.factory.ReadZeebeWorkerValue] is not eligible for getting processed by all BeanPostProcessors (for example: not eligible for auto-proxying)
2020-06-01 10:35:27.772  INFO 71 --- [           main] trationDelegate$BeanPostProcessorChecker : Bean 'zeebeWorkerPostProcessor' of type [io.zeebe.spring.client.config.processor.ZeebeWorkerPostProcessor] is not eligible for getting processed by all BeanPostProcessors (for example: not eligible for auto-proxying)
2020-06-01 10:35:28.845  INFO 71 --- [           main] i.z.s.c.c.p.ZeebeWorkerPostProcessor     : zeebeWorker: ClassInfo(bean=com.*******.conferences.agenda.DemoApplication$$EnhancerBySpringCGLIB$$5a10e46@2fca3eb5, beanName=demoApplication)
2020-06-01 10:35:37.196  INFO 71 --- [           main] o.s.b.a.e.web.EndpointLinksResolver      : Exposing 2 endpoint(s) beneath base path '/actuator'
2020-06-01 10:35:41.964  INFO 71 --- [           main] o.s.b.web.embedded.netty.NettyWebServer  : Netty started on port(s): 44653
2020-06-01 10:35:42.028  INFO 71 --- [           main] c.s.c.agenda.ContractVerifierTest        : Started ContractVerifierTest in 21.676 seconds (JVM running for 26.893)
2020-06-01 10:35:47.227  INFO 71 --- [or-http-epoll-2] c.s.conferences.agenda.DemoApplication   : > New Agenda Item Received: AgendaItem{id='00df5aa1-75e5-4c21-ad25-d356a075e648', title='SSSAAUXRTOMFTIFRMEDF', author='DOXLFGXZHBNQHKEBPSRT', day='ILHVZNLOOTFAICKCQQJY', time='DPDWUFOSOFTNTRPINQMD'}
[INFO] Tests run: 1, Failures: 0, Errors: 0, Skipped: 0, Time elapsed: 27.696 s - in com.*******.conferences.agenda.ContractVerifierTest
[WARNING] ForkStarter IOException: org.springframework.test.context.CacheAwareContextLoaderDelegate)]
 using SpringBootContextLoader
 Context.groovy}.
 non-private, non-final, nested classes annotated with @Configuration.
 org.springframework.boot.test.mock.mockito.ResetMocksTestExecutionListener, org.springframework.boot.test.autoconfigure.restdocs.RestDocsTestExecutionListener, org.springframework.boot.test.autoconfigure.web.client.MockRestServiceServerResetTestExecutionListener, org.springframework.boot.test.autoconfigure.web.servlet.MockMvcPrintOnlyOnFailureTestExecutionListener, org.springframework.boot.test.autoconfigure.web.servlet.WebDriverTestExecutionListener, org.springframework.test.context.web.ServletTestExecutionListener, org.springframework.test.context.support.DirtiesContextBeforeModesTestExecutionListener, org.springframework.test.context.support.DependencyInjectionTestExecutionListener, org.springframework.test.context.support.DirtiesContextTestExecutionListener, org.springframework.test.context.transaction.TransactionalTestExecutionListener, org.springframework.test.context.jdbc.SqlScriptsTestExecutionListener, org.springframework.test.context.event.EventPublishingTestExecutionListener]
 org.springframework.boot.test.mock.mockito.MockitoTestExecutionListener@42463763, org.springframework.boot.test.autoconfigure.SpringBootDependencyInjectionTestExecutionListener@59f63e24, org.springframework.test.context.support.DirtiesContextTestExecutionListener@61f05988, org.springframework.test.context.event.EventPublishingTestExecutionListener@7ca33c24, org.springframework.boot.test.mock.mockito.ResetMocksTestExecutionListener@fade1fc, org.springframework.boot.test.autoconfigure.restdocs.RestDocsTestExecutionListener@67c2e933, org.springframework.boot.test.autoconfigure.web.client.MockRestServiceServerResetTestExecutionListener@41dd05a, org.springframework.boot.test.autoconfigure.web.servlet.MockMvcPrintOnlyOnFailureTestExecutionListener@613a8ee1, org.springframework.boot.test.autoconfigure.web.servlet.WebDriverTestExecutionListener@178213b]. See the dump file /workspace/source/target/surefire-reports/2020-06-01T10-35-13_961-jvmRun1.dumpstream
[INFO] 
[INFO] Results:
[INFO] 
[INFO] Tests run: 1, Failures: 0, Errors: 0, Skipped: 0
[INFO] 
[INFO] 
[INFO] --- spring-cloud-contract-maven-plugin:2.2.1.RELEASE:generateStubs (default-generateStubs) @ fmtok8s-agenda ---
[INFO] Files matching this pattern will be excluded from stubs generation []
[INFO] Building jar: /workspace/source/target/fmtok8s-agenda-0.0.28-stubs.jar
[INFO] 
[INFO] --- maven-jar-plugin:3.1.2:jar (default-jar) @ fmtok8s-agenda ---
[INFO] Building jar: /workspace/source/target/fmtok8s-agenda-0.0.28.jar
[INFO] 
[INFO] --- spring-boot-maven-plugin:2.2.6.RELEASE:repackage (repackage) @ fmtok8s-agenda ---
[INFO] Replacing main artifact with repackaged archive
[INFO] 
[INFO] --- maven-install-plugin:2.5.2:install (default-install) @ fmtok8s-agenda ---
[INFO] Installing /workspace/source/target/app.jar to /home/jenkins/.mvnrepository/com/*******/conferences/fmtok8s-agenda/0.0.28/fmtok8s-agenda-0.0.28.jar
[INFO] Installing /workspace/source/pom.xml to /home/jenkins/.mvnrepository/com/*******/conferences/fmtok8s-agenda/0.0.28/fmtok8s-agenda-0.0.28.pom
[INFO] Installing /workspace/source/target/fmtok8s-agenda-0.0.28-stubs.jar to /home/jenkins/.mvnrepository/com/*******/conferences/fmtok8s-agenda/0.0.28/fmtok8s-agenda-0.0.28-stubs.jar
[INFO] 
[INFO] --- maven-deploy-plugin:2.8.2:deploy (default-deploy) @ fmtok8s-agenda ---
[INFO] Using alternate deployment repository local-nexus::default::http://nexus/repository/maven-releases/
[INFO] ------------------------------------------------------------------------
[INFO] BUILD SUCCESS
[INFO] ------------------------------------------------------------------------
[INFO] Total time:  01:30 min
[INFO] Finished at: 2020-06-01T10:35:59Z
[INFO] ------------------------------------------------------------------------

Showing logs for build [32msalaboy-fmtok8s-agenda-master-r-9d6v8-15[0m stage [32mfrom-build-pack[0m and container [32mstep-build-skaffold-version[0m
v1.0.1

Showing logs for build [32msalaboy-fmtok8s-agenda-master-r-9d6v8-15[0m stage [32mfrom-build-pack[0m and container [32mstep-build-container-build[0m
E0601 10:36:01.931685       9 aws_credentials.go:77] while getting AWS credentials NoCredentialProviders: no valid providers in chain. Deprecated.
	For verbose messaging see aws.Config.CredentialsChainVerboseErrors
[36mINFO[0m[0001] Using dockerignore file: /workspace/source/.dockerignore 
[36mINFO[0m[0001] Retrieving image manifest openjdk:11-jre-slim 
E0601 10:36:02.404355       9 metadata.go:154] while reading 'google-dockercfg' metadata: http status code: 404 while fetching url http://metadata.google.internal./computeMetadata/v1/instance/attributes/google-dockercfg
E0601 10:36:02.408060       9 metadata.go:166] while reading 'google-dockercfg-url' metadata: http status code: 404 while fetching url http://metadata.google.internal./computeMetadata/v1/instance/attributes/google-dockercfg-url
[36mINFO[0m[0002] Retrieving image manifest openjdk:11-jre-slim 
[36mINFO[0m[0003] Built cross stage deps: map[]                
[36mINFO[0m[0003] Retrieving image manifest openjdk:11-jre-slim 
[36mINFO[0m[0004] Retrieving image manifest openjdk:11-jre-slim 
[36mINFO[0m[0005] Executing 0 build triggers                   
[36mINFO[0m[0005] cmd: EXPOSE                                  
[36mINFO[0m[0005] Adding exposed port: 8080/tcp                
[36mINFO[0m[0005] Resolving srcs [pom.xml target/lib*]...      
[36mINFO[0m[0005] Checking for cached layer gcr.io/camunda-researchanddevelopment/cache:b8f8b5d7bbdf61803360cb7396e4797a46f23b560082a6babd3f5ad6428b41af... 
[36mINFO[0m[0005] No cached layer found for cmd COPY pom.xml target/lib* /opt/lib/ 
[36mINFO[0m[0005] Unpacking rootfs as cmd COPY pom.xml target/lib* /opt/lib/ requires it. 
[36mINFO[0m[0011] ENV PORT 8080                                
[36mINFO[0m[0011] No files changed in this command, skipping snapshotting. 
[36mINFO[0m[0011] ENV CLASSPATH /opt/lib                       
[36mINFO[0m[0011] No files changed in this command, skipping snapshotting. 
[36mINFO[0m[0011] EXPOSE 8080                                  
[36mINFO[0m[0011] cmd: EXPOSE                                  
[36mINFO[0m[0011] Adding exposed port: 8080/tcp                
[36mINFO[0m[0011] No files changed in this command, skipping snapshotting. 
[36mINFO[0m[0011] Resolving srcs [pom.xml target/lib*]...      
[36mINFO[0m[0011] COPY pom.xml target/lib* /opt/lib/           
[36mINFO[0m[0011] Resolving srcs [pom.xml target/lib*]...      
[36mINFO[0m[0011] Resolving 1 paths                            
[36mINFO[0m[0011] Taking snapshot of files...                  
[36mINFO[0m[0011] Pushing layer gcr.io/camunda-researchanddevelopment/cache:b8f8b5d7bbdf61803360cb7396e4797a46f23b560082a6babd3f5ad6428b41af to cache now 
[36mINFO[0m[0011] COPY target/app.jar /opt/app.jar             
[36mINFO[0m[0011] Resolving 1 paths                            
[36mINFO[0m[0011] Taking snapshot of files...                  
[36mINFO[0m[0013] Pushing layer gcr.io/camunda-researchanddevelopment/cache:4331c0a08a84e32fd4b1444f434d39f3f31031ec61b4c4684adbf9990ba10faf to cache now 
[36mINFO[0m[0013] WORKDIR /opt                                 
[36mINFO[0m[0013] cmd: workdir                                 
[36mINFO[0m[0013] Changed working directory to /opt            
[36mINFO[0m[0013] No files changed in this command, skipping snapshotting. 
[36mINFO[0m[0013] ENTRYPOINT exec java $JAVA_OPTS -noverify -jar app.jar 
[36mINFO[0m[0013] No files changed in this command, skipping snapshotting. 

Showing logs for build [32msalaboy-fmtok8s-agenda-master-r-9d6v8-15[0m stage [32mfrom-build-pack[0m and container [32mstep-build-post-build[0m
no CVE provider running in the current ** namespace so skip adding image to be analysed

Showing logs for build [32msalaboy-fmtok8s-agenda-master-r-9d6v8-15[0m stage [32mfrom-build-pack[0m and container [32mstep-promote-changelog[0m
Converted /workspace/source/charts/fmtok8s-agenda to an unshallow repository
Generating change log from git ref 509cbfa1c967bdbc3253d0b4bad7047967ad0276 => 409fa1c73c9e48296ff5a58a279046db153834c7
WARNING: Failed to enrich commit fed975e5dbd936cce2103bb6c05a8b90f0b040e4 with issues: users.jenkins.io "x-0" already exists
WARNING: Failed to enrich commit fed975e5dbd936cce2103bb6c05a8b90f0b040e4 with issues: users.jenkins.io "x-0" already exists
Finding issues in commit messages using git format
WARNING: No release found for *******/fmtok8s-agenda and tag v0.0.28 so creating a new release
Updated the release information at https://github.com/*******/fmtok8s-agenda/releases/tag/v0.0.28
generated: /workspace/source/charts/fmtok8s-agenda/templates/release.yaml
Created Release fmtok8s-agenda-0-0-28 resource in namespace **
Updating PipelineActivity *******-fmtok8s-agenda-master-15 with version 0.0.28
Updated PipelineActivities *******-fmtok8s-agenda-master-15 with release notes URL: https://github.com/*******/fmtok8s-agenda/releases/tag/v0.0.28

Showing logs for build [32msalaboy-fmtok8s-agenda-master-r-9d6v8-15[0m stage [32mfrom-build-pack[0m and container [32mstep-promote-helm-release[0m
WARNING: No $CHART_REPOSITORY defined so using the default value of: http://jenkins-x-chartmuseum:8080
Adding missing Helm repo: storage.googleapis.com https://storage.googleapis.com/chartmuseum.jenkins-x.io
Successfully added Helm repository storage.googleapis.com.
Adding missing Helm repo: jenkins-x-chartmuseum http://jenkins-x-chartmuseum:8080
Successfully added Helm repository jenkins-x-chartmuseum.
WARNING: No $CHART_REPOSITORY defined so using the default value of: http://jenkins-x-chartmuseum:8080
Uploading chart file fmtok8s-agenda-0.0.28.tgz to http://jenkins-x-chartmuseum:8080/api/charts
Received 201 response: {"saved":true}

Showing logs for build [32msalaboy-fmtok8s-agenda-master-r-9d6v8-15[0m stage [32mfrom-build-pack[0m and container [32mstep-promote-jx-promote[0m
WARNING: prow based install so skip waiting for the merge of Pull Requests to go green as currently there is an issue with gettingstatuses from the PR, see https://github.com/jenkins-x/**/issues/2410
WARNING: No $CHART_REPOSITORY defined so using the default value of: http://jenkins-x-chartmuseum:8080
Promoting app fmtok8s-agenda version 0.0.28 to namespace **-staging
Created Pull Request: https://github.com/*******/environment-jnation-tests-staging/pull/38
Added label updatebot to Pull Request https://github.com/*******/environment-jnation-tests-staging/pull/38
got git provider status pending from PR https://github.com/*******/environment-jnation-tests-staging/pull/38
Pull Request https://github.com/*******/environment-jnation-tests-staging/pull/38 is merged at sha a12da0a57cc0073f84022d6838ce9616acee8981
Pull Request merged but we are not waiting for the update pipeline to complete!

Showing logs for build [32msalaboy-fmtok8s-agenda-master-r-9d6v8-15[0m stage [32mfrom-build-pack[0m and container [32mstep-promote-step10[0m
Using https://github.com/*******/fmtok8s-agenda as source for change discovered from git repo in /workspace/source
Updated Pull Request: https://github.com/*******/fmtok8s-kubecon-app/pull/15
Added label updatebot to Pull Request https://github.com/*******/fmtok8s-kubecon-app/pull/15
