
Showing logs for build [32msalaboy-fmtok8s-agenda-master-xpgd4-5[0m stage [32mfrom-build-pack[0m and container [32mstep-credential-initializer-llpwj[0m
{"level":"info","ts":1590502774.3586564,"logger":"fallback-logger","caller":"logging/config.go:69","msg":"Fetch GitHub commit ID from kodata failed: open /var/run/ko/refs/heads/0.8.0-ns-support: no such file or directory"}
{"level":"info","ts":1590502774.359486,"logger":"fallback-logger","caller":"creds-init/main.go:40","msg":"Credentials initialized."}

Showing logs for build [32msalaboy-fmtok8s-agenda-master-xpgd4-5[0m stage [32mfrom-build-pack[0m and container [32mstep-working-dir-initializer-t5gzh[0m
{"level":"info","ts":1590502774.7789764,"logger":"fallback-logger","caller":"logging/config.go:69","msg":"Fetch GitHub commit ID from kodata failed: open /var/run/ko/HEAD: no such file or directory"}
{"level":"info","ts":1590502774.7964647,"logger":"fallback-logger","caller":"bash/main.go:64","msg":"Successfully executed command \"sh -c mkdir -p /workspace/source\"; output "}

Showing logs for build [32msalaboy-fmtok8s-agenda-master-xpgd4-5[0m stage [32mfrom-build-pack[0m and container [32mstep-place-tools[0m

Showing logs for build [32msalaboy-fmtok8s-agenda-master-xpgd4-5[0m stage [32mfrom-build-pack[0m and container [32mstep-git-source-salaboy-fmtok8s-agenda-master-xpgd4-2xsbh[0m
{"level":"info","ts":1590502780.894742,"logger":"fallback-logger","caller":"logging/config.go:69","msg":"Fetch GitHub commit ID from kodata failed: open /var/run/ko/refs/heads/0.8.0-ns-support: no such file or directory"}
{"level":"info","ts":1590502782.0789871,"logger":"fallback-logger","caller":"git/git.go:103","msg":"Successfully cloned https://github.com/*******/fmtok8s-agenda.git @ v0.0.18 in path /workspace/source"}

Showing logs for build [32msalaboy-fmtok8s-agenda-master-xpgd4-5[0m stage [32mfrom-build-pack[0m and container [32mstep-git-merge[0m
Using SHAs from PULL_REFS=master:
WARNING: no SHAs to merge, falling back to initial cloned commit

Showing logs for build [32msalaboy-fmtok8s-agenda-master-xpgd4-5[0m stage [32mfrom-build-pack[0m and container [32mstep-setup-jx-git-credentials[0m
Generated Git credentials file /workspace/xdg_config/git/credentials

Showing logs for build [32msalaboy-fmtok8s-agenda-master-xpgd4-5[0m stage [32mfrom-build-pack[0m and container [32mstep-build-mvn-deploy[0m
Picked up _JAVA_OPTIONS: -XX:+UnlockExperimentalVMOptions -Dsun.zip.disableMemoryMapping=true -XX:+UseParallelGC -XX:MinHeapFreeRatio=5 -XX:MaxHeapFreeRatio=10 -XX:GCTimeRatio=4 -XX:AdaptiveSizePolicyWeight=90 -Xms10m -Xmx192m
[INFO] Scanning for projects...
[INFO] 
[INFO] ---------------< com.*******.conferences:fmtok8s-agenda >---------------
[INFO] Building From Monolith to K8S :: Agenda Service 0.0.18
[INFO] --------------------------------[ jar ]---------------------------------
[INFO] 
[INFO] --- maven-clean-plugin:3.1.0:clean (default-clean) @ fmtok8s-agenda ---
[INFO] 
[INFO] --- maven-resources-plugin:3.1.0:resources (default-resources) @ fmtok8s-agenda ---
[INFO] Using 'UTF-8' encoding to copy filtered resources.
[INFO] Copying 1 resource
[INFO] Copying 0 resource
[INFO] 
[INFO] --- maven-compiler-plugin:3.8.1:compile (default-compile) @ fmtok8s-agenda ---
[INFO] Changes detected - recompiling the module!
[INFO] Compiling 3 source files to /workspace/source/target/classes
[INFO] -------------------------------------------------------------
[ERROR] COMPILATION ERROR : 
[INFO] -------------------------------------------------------------
[ERROR] /workspace/source/src/main/java/com/*******/conferences/agenda/DemoApplication.java:[47,5] illegal start of type
[ERROR] /workspace/source/src/main/java/com/*******/conferences/agenda/DemoApplication.java:[47,73] <identifier> expected
[ERROR] /workspace/source/src/main/java/com/*******/conferences/agenda/DemoApplication.java:[47,160] <identifier> expected
[INFO] 3 errors 
[INFO] -------------------------------------------------------------
[INFO] ------------------------------------------------------------------------
[INFO] BUILD FAILURE
[INFO] ------------------------------------------------------------------------
[INFO] Total time:  20.660 s
[INFO] Finished at: 2020-05-26T14:20:09Z
[INFO] ------------------------------------------------------------------------
[ERROR] Failed to execute goal org.apache.maven.plugins:maven-compiler-plugin:3.8.1:compile (default-compile) on project fmtok8s-agenda: Compilation failure: Compilation failure: 
[ERROR] /workspace/source/src/main/java/com/*******/conferences/agenda/DemoApplication.java:[47,5] illegal start of type
[ERROR] /workspace/source/src/main/java/com/*******/conferences/agenda/DemoApplication.java:[47,73] <identifier> expected
[ERROR] /workspace/source/src/main/java/com/*******/conferences/agenda/DemoApplication.java:[47,160] <identifier> expected
[ERROR] -> [Help 1]
[ERROR] 
[ERROR] To see the full stack trace of the errors, re-run Maven with the -e switch.
[ERROR] Re-run Maven using the -X switch to enable full debug logging.
[ERROR] 
[ERROR] For more information about the errors and possible solutions, please read the following articles:
[ERROR] [Help 1] http://cwiki.apache.org/confluence/display/MAVEN/MojoFailureException
[31m
Pipeline failed on stage 'from-build-pack' : container 'step-build-mvn-deploy'. The execution of the pipeline has stopped.[0m
