
Showing logs for build [32msalaboy-fmtok8s-agenda-master-r-fwgpw-6[0m stage [32mfrom-build-pack[0m and container [32mstep-credential-initializer-hzb7c[0m
{"level":"info","ts":1590503015.8818362,"logger":"fallback-logger","caller":"logging/config.go:69","msg":"Fetch GitHub commit ID from kodata failed: open /var/run/ko/refs/heads/0.8.0-ns-support: no such file or directory"}
{"level":"info","ts":1590503015.882599,"logger":"fallback-logger","caller":"creds-init/main.go:40","msg":"Credentials initialized."}

Showing logs for build [32msalaboy-fmtok8s-agenda-master-r-fwgpw-6[0m stage [32mfrom-build-pack[0m and container [32mstep-working-dir-initializer-nncmm[0m
{"level":"info","ts":1590503016.209077,"logger":"fallback-logger","caller":"logging/config.go:69","msg":"Fetch GitHub commit ID from kodata failed: open /var/run/ko/HEAD: no such file or directory"}
{"level":"info","ts":1590503016.2103927,"logger":"fallback-logger","caller":"bash/main.go:64","msg":"Successfully executed command \"sh -c mkdir -p /workspace/source\"; output "}

Showing logs for build [32msalaboy-fmtok8s-agenda-master-r-fwgpw-6[0m stage [32mfrom-build-pack[0m and container [32mstep-place-tools[0m

Showing logs for build [32msalaboy-fmtok8s-agenda-master-r-fwgpw-6[0m stage [32mfrom-build-pack[0m and container [32mstep-git-source-salaboy-fmtok8s-agenda-master-r-fwgpw-8444q[0m
{"level":"info","ts":1590503022.284661,"logger":"fallback-logger","caller":"logging/config.go:69","msg":"Fetch GitHub commit ID from kodata failed: open /var/run/ko/refs/heads/0.8.0-ns-support: no such file or directory"}
{"level":"info","ts":1590503023.418603,"logger":"fallback-logger","caller":"git/git.go:103","msg":"Successfully cloned https://github.com/*******/fmtok8s-agenda.git @ v0.0.19 in path /workspace/source"}

Showing logs for build [32msalaboy-fmtok8s-agenda-master-r-fwgpw-6[0m stage [32mfrom-build-pack[0m and container [32mstep-git-merge[0m
Using SHAs from PULL_REFS=master:e9c3451df603796363280d2054bd6702591bd410
WARNING: no SHAs to merge, falling back to initial cloned commit

Showing logs for build [32msalaboy-fmtok8s-agenda-master-r-fwgpw-6[0m stage [32mfrom-build-pack[0m and container [32mstep-setup-jx-git-credentials[0m
Generated Git credentials file /workspace/xdg_config/git/credentials

Showing logs for build [32msalaboy-fmtok8s-agenda-master-r-fwgpw-6[0m stage [32mfrom-build-pack[0m and container [32mstep-build-mvn-deploy[0m
Picked up _JAVA_OPTIONS: -XX:+UnlockExperimentalVMOptions -Dsun.zip.disableMemoryMapping=true -XX:+UseParallelGC -XX:MinHeapFreeRatio=5 -XX:MaxHeapFreeRatio=10 -XX:GCTimeRatio=4 -XX:AdaptiveSizePolicyWeight=90 -Xms10m -Xmx192m
[INFO] Scanning for projects...
[INFO] 
[INFO] ---------------< com.*******.conferences:fmtok8s-agenda >---------------
[INFO] Building From Monolith to K8S :: Agenda Service 0.0.19
[INFO] --------------------------------[ jar ]---------------------------------
[INFO] 
[INFO] --- maven-clean-plugin:3.1.0:clean (default-clean) @ fmtok8s-agenda ---
[INFO] 
[INFO] --- maven-resources-plugin:3.1.0:resources (default-resources) @ fmtok8s-agenda ---
[INFO] Using 'UTF-8' encoding to copy filtered resources.
[INFO] Copying 1 resource
[INFO] Copying 0 resource
[INFO] 
[INFO] --- maven-compiler-plugin:3.8.1:compile (default-compile) @ fmtok8s-agenda ---
[INFO] Changes detected - recompiling the module!
[INFO] Compiling 3 source files to /workspace/source/target/classes
[INFO] 
[INFO] --- maven-resources-plugin:3.1.0:testResources (default-testResources) @ fmtok8s-agenda ---
[INFO] Using 'UTF-8' encoding to copy filtered resources.
[INFO] skip non existing resourceDirectory /workspace/source/src/test/resources
[INFO] 
[INFO] --- maven-compiler-plugin:3.8.1:testCompile (default-testCompile) @ fmtok8s-agenda ---
[INFO] Changes detected - recompiling the module!
[INFO] Compiling 1 source file to /workspace/source/target/test-classes
[INFO] 
[INFO] --- maven-surefire-plugin:3.0.0-M1:test (default-test) @ fmtok8s-agenda ---
[INFO] 
[INFO] -------------------------------------------------------
[INFO]  T E S T S
[INFO] -------------------------------------------------------
[WARNING] Corrupted STDOUT by directly writing to native stream in forked JVM 1. See FAQ web page and the dump file /workspace/source/target/surefire-reports/2020-05-26T14-24-16_410-jvmRun1.dumpstream
14:24:21.137 [main] DEBUG org.springframework.test.context.junit4.SpringJUnit4ClassRunner - SpringJUnit4ClassRunner constructor called with [class com.*******.conferences.agenda.DemoApplicationTests]
14:24:21.137 [main] DEBUG org.springframework.test.context.BootstrapUtils - Instantiating CacheAwareContextLoaderDelegate from class [org.springframework.test.context.cache.DefaultCacheAwareContextLoaderDelegate]
14:24:21.137 [main] DEBUG org.springframework.test.context.BootstrapUtils - Instantiating BootstrapContext using constructor [public org.springframework.test.context.support.DefaultBootstrapContext(java.lang.Class,org.springframework.test.context.CacheAwareContextLoaderDelegate)]
14:24:21.139 [main] DEBUG org.springframework.test.context.BootstrapUtils - Instantiating TestContextBootstrapper for test class [com.*******.conferences.agenda.DemoApplicationTests] from class [org.springframework.boot.test.context.SpringBootTestContextBootstrapper]
14:24:21.142 [main] INFO org.springframework.boot.test.context.SpringBootTestContextBootstrapper - Neither @ContextConfiguration nor @ContextHierarchy found for test class [com.*******.conferences.agenda.DemoApplicationTests], using SpringBootContextLoader
14:24:21.148 [main] DEBUG org.springframework.test.context.support.AbstractContextLoader - Did not detect default resource location for test class [com.*******.conferences.agenda.DemoApplicationTests]: class path resource [com/*******/conferences/agenda/DemoApplicationTests-context.xml] does not exist
14:24:21.151 [main] DEBUG org.springframework.test.context.support.AbstractContextLoader - Did not detect default resource location for test class [com.*******.conferences.agenda.DemoApplicationTests]: class path resource [com/*******/conferences/agenda/DemoApplicationTestsContext.groovy] does not exist
14:24:21.151 [main] INFO org.springframework.test.context.support.AbstractContextLoader - Could not detect default resource locations for test class [com.*******.conferences.agenda.DemoApplicationTests]: no resource found for suffixes {-context.xml, Context.groovy}.
14:24:21.155 [main] INFO org.springframework.test.context.support.AnnotationConfigContextLoaderUtils - Could not detect default configuration classes for test class [com.*******.conferences.agenda.DemoApplicationTests]: DemoApplicationTests does not declare any static, non-private, non-final, nested classes annotated with @Configuration.
14:24:21.208 [main] DEBUG org.springframework.test.context.support.ActiveProfilesUtils - Could not find an 'annotation declaring class' for annotation type [org.springframework.test.context.ActiveProfiles] and class [com.*******.conferences.agenda.DemoApplicationTests]
14:24:21.212 [main] INFO org.springframework.boot.test.context.SpringBootTestContextBootstrapper - Found @SpringBootConfiguration com.*******.conferences.agenda.DemoApplication for test class com.*******.conferences.agenda.DemoApplicationTests
14:24:21.226 [main] DEBUG org.springframework.boot.test.context.SpringBootTestContextBootstrapper - @TestExecutionListeners is not present for class [com.*******.conferences.agenda.DemoApplicationTests]: using defaults.
14:24:21.227 [main] INFO org.springframework.boot.test.context.SpringBootTestContextBootstrapper - Loaded default TestExecutionListener class names from location [META-INF/spring.factories]: [org.springframework.boot.test.mock.mockito.MockitoTestExecutionListener, org.springframework.boot.test.mock.mockito.ResetMocksTestExecutionListener, org.springframework.boot.test.autoconfigure.restdocs.RestDocsTestExecutionListener, org.springframework.boot.test.autoconfigure.web.client.MockRestServiceServerResetTestExecutionListener, org.springframework.boot.test.autoconfigure.web.servlet.MockMvcPrintOnlyOnFailureTestExecutionListener, org.springframework.boot.test.autoconfigure.web.servlet.WebDriverTestExecutionListener, org.springframework.test.context.web.ServletTestExecutionListener, org.springframework.test.context.support.DirtiesContextBeforeModesTestExecutionListener, org.springframework.test.context.support.DependencyInjectionTestExecutionListener, org.springframework.test.context.support.DirtiesContextTestExecutionListener, org.springframework.test.context.transaction.TransactionalTestExecutionListener, org.springframework.test.context.jdbc.SqlScriptsTestExecutionListener, org.springframework.test.context.event.EventPublishingTestExecutionListener]
14:24:21.229 [main] DEBUG org.springframework.boot.test.context.SpringBootTestContextBootstrapper - Skipping candidate TestExecutionListener [org.springframework.test.context.web.ServletTestExecutionListener] due to a missing dependency. Specify custom listener classes or make the default listener classes and their required dependencies available. Offending class: [javax/servlet/ServletContext]
14:24:21.235 [main] DEBUG org.springframework.boot.test.context.SpringBootTestContextBootstrapper - Skipping candidate TestExecutionListener [org.springframework.test.context.transaction.TransactionalTestExecutionListener] due to a missing dependency. Specify custom listener classes or make the default listener classes and their required dependencies available. Offending class: [org/springframework/transaction/TransactionDefinition]
14:24:21.238 [main] DEBUG org.springframework.boot.test.context.SpringBootTestContextBootstrapper - Skipping candidate TestExecutionListener [org.springframework.test.context.jdbc.SqlScriptsTestExecutionListener] due to a missing dependency. Specify custom listener classes or make the default listener classes and their required dependencies available. Offending class: [org/springframework/transaction/interceptor/TransactionAttribute]
14:24:21.239 [main] INFO org.springframework.boot.test.context.SpringBootTestContextBootstrapper - Using TestExecutionListeners: [org.springframework.test.context.support.DirtiesContextBeforeModesTestExecutionListener@767e20cf, org.springframework.boot.test.mock.mockito.MockitoTestExecutionListener@3a3e78f, org.springframework.boot.test.autoconfigure.SpringBootDependencyInjectionTestExecutionListener@301ec38b, org.springframework.test.context.support.DirtiesContextTestExecutionListener@17a1e4ca, org.springframework.test.context.event.EventPublishingTestExecutionListener@10ded6a9, org.springframework.boot.test.mock.mockito.ResetMocksTestExecutionListener@c5dc4a2, org.springframework.boot.test.autoconfigure.restdocs.RestDocsTestExecutionListener@4a194c39, org.springframework.boot.test.autoconfigure.web.client.MockRestServiceServerResetTestExecutionListener@52066604, org.springframework.boot.test.autoconfigure.web.servlet.MockMvcPrintOnlyOnFailureTestExecutionListener@340b9973, org.springframework.boot.test.autoconfigure.web.servlet.WebDriverTestExecutionListener@56113384]
14:24:21.240 [main] DEBUG org.springframework.test.annotation.ProfileValueUtils - Retrieved @ProfileValueSourceConfiguration [null] for test class [com.*******.conferences.agenda.DemoApplicationTests]
14:24:21.240 [main] DEBUG org.springframework.test.annotation.ProfileValueUtils - Retrieved ProfileValueSource type [class org.springframework.test.annotation.SystemProfileValueSource] for class [com.*******.conferences.agenda.DemoApplicationTests]
14:24:21.524 [main] DEBUG org.springframework.test.annotation.ProfileValueUtils - Retrieved @ProfileValueSourceConfiguration [null] for test class [com.*******.conferences.agenda.DemoApplicationTests]
14:24:21.538 [main] DEBUG org.springframework.test.annotation.ProfileValueUtils - Retrieved ProfileValueSource type [class org.springframework.test.annotation.SystemProfileValueSource] for class [com.*******.conferences.agenda.DemoApplicationTests]
[INFO] Running com.*******.conferences.agenda.DemoApplicationTests
14:24:21.608 [main] DEBUG org.springframework.test.annotation.ProfileValueUtils - Retrieved @ProfileValueSourceConfiguration [null] for test class [com.*******.conferences.agenda.DemoApplicationTests]
14:24:21.617 [main] DEBUG org.springframework.test.annotation.ProfileValueUtils - Retrieved ProfileValueSource type [class org.springframework.test.annotation.SystemProfileValueSource] for class [com.*******.conferences.agenda.DemoApplicationTests]
14:24:21.627 [main] DEBUG org.springframework.test.annotation.ProfileValueUtils - Retrieved @ProfileValueSourceConfiguration [null] for test class [com.*******.conferences.agenda.DemoApplicationTests]
14:24:21.630 [main] DEBUG org.springframework.test.annotation.ProfileValueUtils - Retrieved ProfileValueSource type [class org.springframework.test.annotation.SystemProfileValueSource] for class [com.*******.conferences.agenda.DemoApplicationTests]
14:24:21.646 [main] DEBUG org.springframework.test.context.support.AbstractDirtiesContextTestExecutionListener - Before test class: context [DefaultTestContext@72ea6193 testClass = DemoApplicationTests, testInstance = [null], testMethod = [null], testException = [null], mergedContextConfiguration = [ReactiveWebMergedContextConfiguration@31aa3ca5 testClass = DemoApplicationTests, locations = '{}', classes = '{class com.*******.conferences.agenda.DemoApplication}', contextInitializerClasses = '[]', activeProfiles = '{}', propertySourceLocations = '{}', propertySourceProperties = '{org.springframework.boot.test.context.SpringBootTestContextBootstrapper=true}', contextCustomizers = set[org.springframework.boot.test.context.filter.ExcludeFilterContextCustomizer@3e08ff24, org.springframework.boot.test.json.DuplicateJsonObjectContextCustomizerFactory$DuplicateJsonObjectContextCustomizer@24569dba, org.springframework.boot.test.mock.mockito.MockitoContextCustomizer@0, org.springframework.boot.test.web.client.TestRestTemplateContextCustomizer@548a24a, org.springframework.boot.test.web.reactive.server.WebTestClientContextCustomizer@4c163e3, org.springframework.boot.test.autoconfigure.properties.PropertyMappingContextCustomizer@0, org.springframework.boot.test.autoconfigure.web.servlet.WebDriverContextCustomizerFactory$Customizer@5745ca0e], contextLoader = 'org.springframework.boot.test.context.SpringBootContextLoader', parent = [null]], attributes = map[[empty]]], class annotated with @DirtiesContext [false] with mode [null].
14:24:21.676 [main] DEBUG org.springframework.test.annotation.ProfileValueUtils - Retrieved @ProfileValueSourceConfiguration [null] for test class [com.*******.conferences.agenda.DemoApplicationTests]
14:24:21.681 [main] DEBUG org.springframework.test.annotation.ProfileValueUtils - Retrieved ProfileValueSource type [class org.springframework.test.annotation.SystemProfileValueSource] for class [com.*******.conferences.agenda.DemoApplicationTests]
14:24:21.720 [main] DEBUG org.springframework.test.context.support.DependencyInjectionTestExecutionListener - Performing dependency injection for test context [[DefaultTestContext@72ea6193 testClass = DemoApplicationTests, testInstance = com.*******.conferences.agenda.DemoApplicationTests@5a7005d, testMethod = [null], testException = [null], mergedContextConfiguration = [ReactiveWebMergedContextConfiguration@31aa3ca5 testClass = DemoApplicationTests, locations = '{}', classes = '{class com.*******.conferences.agenda.DemoApplication}', contextInitializerClasses = '[]', activeProfiles = '{}', propertySourceLocations = '{}', propertySourceProperties = '{org.springframework.boot.test.context.SpringBootTestContextBootstrapper=true}', contextCustomizers = set[org.springframework.boot.test.context.filter.ExcludeFilterContextCustomizer@3e08ff24, org.springframework.boot.test.json.DuplicateJsonObjectContextCustomizerFactory$DuplicateJsonObjectContextCustomizer@24569dba, org.springframework.boot.test.mock.mockito.MockitoContextCustomizer@0, org.springframework.boot.test.web.client.TestRestTemplateContextCustomizer@548a24a, org.springframework.boot.test.web.reactive.server.WebTestClientContextCustomizer@4c163e3, org.springframework.boot.test.autoconfigure.properties.PropertyMappingContextCustomizer@0, org.springframework.boot.test.autoconfigure.web.servlet.WebDriverContextCustomizerFactory$Customizer@5745ca0e], contextLoader = 'org.springframework.boot.test.context.SpringBootContextLoader', parent = [null]], attributes = map[[empty]]]].
14:24:21.820 [main] DEBUG org.springframework.test.context.support.TestPropertySourceUtils - Adding inlined properties to environment: {spring.jmx.enabled=false, org.springframework.boot.test.context.SpringBootTestContextBootstrapper=true, server.port=-1}

  .   ____          _            __ _ _
 /\\ / ___'_ __ _ _(_)_ __  __ _ \ \ \ \
( ( )\___ | '_ | '_| | '_ \/ _` | \ \ \ \
 \\/  ___)| |_)| | | | | || (_| |  ) ) ) )
  '  |____| .__|_| |_|_| |_\__, | / / / /
 =========|_|==============|___/=/_/_/_/
 :: Spring Boot ::        (v2.2.6.RELEASE)

2020-05-26 14:24:22.745  INFO 72 --- [           main] c.s.c.agenda.DemoApplicationTests        : Starting DemoApplicationTests on *******-fmtok8s-agenda-master-r-fwgpw-6-from-build-pack-9nhnc-p with PID 72 (started by root in /workspace/source)
2020-05-26 14:24:22.750  INFO 72 --- [           main] c.s.c.agenda.DemoApplicationTests        : No active profile set, falling back to default profiles: default
2020-05-26 14:24:26.530  INFO 72 --- [           main] trationDelegate$BeanPostProcessorChecker : Bean 'io.zeebe.spring.client.config.processor.PostProcessorConfiguration' of type [io.zeebe.spring.client.config.processor.PostProcessorConfiguration] is not eligible for getting processed by all BeanPostProcessors (for example: not eligible for auto-proxying)
2020-05-26 14:24:26.550  INFO 72 --- [           main] trationDelegate$BeanPostProcessorChecker : Bean 'io.zeebe.spring.client.bean.value.factory.ReadAnnotationValueConfiguration' of type [io.zeebe.spring.client.bean.value.factory.ReadAnnotationValueConfiguration] is not eligible for getting processed by all BeanPostProcessors (for example: not eligible for auto-proxying)
2020-05-26 14:24:26.613  INFO 72 --- [           main] trationDelegate$BeanPostProcessorChecker : Bean 'zeebeExpressionResolver' of type [io.zeebe.spring.util.ZeebeExpressionResolver] is not eligible for getting processed by all BeanPostProcessors (for example: not eligible for auto-proxying)
2020-05-26 14:24:26.671  INFO 72 --- [           main] trationDelegate$BeanPostProcessorChecker : Bean 'readZeebeDeploymentValue' of type [io.zeebe.spring.client.bean.value.factory.ReadZeebeDeploymentValue] is not eligible for getting processed by all BeanPostProcessors (for example: not eligible for auto-proxying)
2020-05-26 14:24:26.725  INFO 72 --- [           main] trationDelegate$BeanPostProcessorChecker : Bean 'deploymentPostProcessor' of type [io.zeebe.spring.client.config.processor.DeploymentPostProcessor] is not eligible for getting processed by all BeanPostProcessors (for example: not eligible for auto-proxying)
2020-05-26 14:24:26.735  INFO 72 --- [           main] trationDelegate$BeanPostProcessorChecker : Bean 'readZeebeWorkerValue' of type [io.zeebe.spring.client.bean.value.factory.ReadZeebeWorkerValue] is not eligible for getting processed by all BeanPostProcessors (for example: not eligible for auto-proxying)
2020-05-26 14:24:26.758  INFO 72 --- [           main] trationDelegate$BeanPostProcessorChecker : Bean 'zeebeWorkerPostProcessor' of type [io.zeebe.spring.client.config.processor.ZeebeWorkerPostProcessor] is not eligible for getting processed by all BeanPostProcessors (for example: not eligible for auto-proxying)
2020-05-26 14:24:26.926  INFO 72 --- [           main] trationDelegate$BeanPostProcessorChecker : Bean 'zeebe.client-io.zeebe.spring.client.properties.ZeebeClientConfigurationProperties' of type [io.zeebe.spring.client.properties.ZeebeClientConfigurationProperties] is not eligible for getting processed by all BeanPostProcessors (for example: not eligible for auto-proxying)
2020-05-26 14:24:26.940  INFO 72 --- [           main] trationDelegate$BeanPostProcessorChecker : Bean 'io.zeebe.spring.client.config.ZeebeClientStarterAutoConfiguration' of type [io.zeebe.spring.client.config.ZeebeClientStarterAutoConfiguration$$EnhancerBySpringCGLIB$$4bf3f214] is not eligible for getting processed by all BeanPostProcessors (for example: not eligible for auto-proxying)
2020-05-26 14:24:27.123  INFO 72 --- [           main] trationDelegate$BeanPostProcessorChecker : Bean 'builder' of type [io.zeebe.client.impl.ZeebeClientBuilderImpl] is not eligible for getting processed by all BeanPostProcessors (for example: not eligible for auto-proxying)
2020-05-26 14:24:27.129  INFO 72 --- [           main] trationDelegate$BeanPostProcessorChecker : Bean 'io.zeebe.spring.client.config.ZeebeClientSpringConfiguration' of type [io.zeebe.spring.client.config.ZeebeClientSpringConfiguration] is not eligible for getting processed by all BeanPostProcessors (for example: not eligible for auto-proxying)
2020-05-26 14:24:27.146  INFO 72 --- [           main] trationDelegate$BeanPostProcessorChecker : Bean 'zeebeClientObjectFactory' of type [io.zeebe.spring.client.config.ZeebeClientSpringConfiguration$$Lambda$452/0x0000000100397840] is not eligible for getting processed by all BeanPostProcessors (for example: not eligible for auto-proxying)
2020-05-26 14:24:27.210  INFO 72 --- [           main] trationDelegate$BeanPostProcessorChecker : Bean 'zeebeClientLifecycle' of type [io.zeebe.spring.client.ZeebeClientLifecycle] is not eligible for getting processed by all BeanPostProcessors (for example: not eligible for auto-proxying)
2020-05-26 14:24:27.619  INFO 72 --- [           main] i.z.s.c.c.p.ZeebeWorkerPostProcessor     : zeebeWorker: ClassInfo(bean=com.*******.conferences.agenda.DemoApplication$$EnhancerBySpringCGLIB$$d0c154d9@13dbed9e, beanName=demoApplication)
2020-05-26 14:24:34.864  INFO 72 --- [           main] o.s.b.a.e.web.EndpointLinksResolver      : Exposing 2 endpoint(s) beneath base path '/actuator'
2020-05-26 14:24:39.722  INFO 72 --- [           main] i.z.s.c.c.p.ZeebeWorkerPostProcessor     : register job worker: ZeebeWorkerValue(type=agenda-publish, name=agenda-worker, timeout=-1, maxJobsActive=-1, beanInfo=MethodInfo(classInfo=ClassInfo(bean=com.*******.conferences.agenda.DemoApplication$$EnhancerBySpringCGLIB$$d0c154d9@13dbed9e, beanName=demoApplication), method=public void com.*******.conferences.agenda.DemoApplication.newAgendaItemJob(io.zeebe.client.api.worker.JobClient,io.zeebe.client.api.response.ActivatedJob)))
2020-05-26 14:24:39.818  INFO 72 --- [           main] c.s.c.agenda.DemoApplicationTests        : Started DemoApplicationTests in 17.966 seconds (JVM running for 22.504)
2020-05-26 14:24:40.216  WARN 72 --- [ault-executor-0] io.grpc.internal.ManagedChannelImpl      : [Channel<1>: (**-zeebe:26500)] Failed to resolve name. status=Status{code=UNAVAILABLE, description=Unable to resolve host **-zeebe, cause=java.lang.RuntimeException: java.net.UnknownHostException: **-zeebe: Name or service not known
	at io.grpc.internal.DnsNameResolver.resolveAll(DnsNameResolver.java:436)
	at io.grpc.internal.DnsNameResolver$Resolve.resolveInternal(DnsNameResolver.java:272)
	at io.grpc.internal.DnsNameResolver$Resolve.run(DnsNameResolver.java:228)
	at java.base/java.util.concurrent.ThreadPoolExecutor.runWorker(ThreadPoolExecutor.java:1128)
	at java.base/java.util.concurrent.ThreadPoolExecutor$Worker.run(ThreadPoolExecutor.java:628)
	at java.base/java.lang.Thread.run(Thread.java:834)
Caused by: java.net.UnknownHostException: **-zeebe: Name or service not known
	at java.base/java.net.Inet4AddressImpl.lookupAllHostAddr(Native Method)
	at java.base/java.net.InetAddress$PlatformNameService.lookupAllHostAddr(InetAddress.java:929)
	at java.base/java.net.InetAddress.getAddressesFromNameService(InetAddress.java:1515)
	at java.base/java.net.InetAddress$NameServiceAddresses.get(InetAddress.java:848)
	at java.base/java.net.InetAddress.getAllByName0(InetAddress.java:1505)
	at java.base/java.net.InetAddress.getAllByName(InetAddress.java:1364)
	at java.base/java.net.InetAddress.getAllByName(InetAddress.java:1298)
	at io.grpc.internal.DnsNameResolver$JdkAddressResolver.resolveAddress(DnsNameResolver.java:646)
	at io.grpc.internal.DnsNameResolver.resolveAll(DnsNameResolver.java:404)
	... 5 more
}
2020-05-26 14:24:40.250  WARN 72 --- [ault-executor-0] io.zeebe.client.job.poller               : Failed to activated jobs for worker agenda-worker and job type agenda-publish

io.grpc.StatusRuntimeException: UNAVAILABLE: Unable to resolve host **-zeebe
	at io.grpc.Status.asRuntimeException(Status.java:533) ~[grpc-api-1.28.1.jar:1.28.1]
	at io.grpc.stub.ClientCalls$StreamObserverToCallListenerAdapter.onClose(ClientCalls.java:449) ~[grpc-stub-1.28.1.jar:1.28.1]
	at io.grpc.internal.ClientCallImpl.closeObserver(ClientCallImpl.java:426) ~[grpc-core-1.28.1.jar:1.28.1]
	at io.grpc.internal.ClientCallImpl.access$500(ClientCallImpl.java:66) ~[grpc-core-1.28.1.jar:1.28.1]
	at io.grpc.internal.ClientCallImpl$ClientStreamListenerImpl.close(ClientCallImpl.java:689) ~[grpc-core-1.28.1.jar:1.28.1]
	at io.grpc.internal.ClientCallImpl$ClientStreamListenerImpl.access$900(ClientCallImpl.java:577) ~[grpc-core-1.28.1.jar:1.28.1]
	at io.grpc.internal.ClientCallImpl$ClientStreamListenerImpl$1StreamClosed.runInternal(ClientCallImpl.java:751) ~[grpc-core-1.28.1.jar:1.28.1]
	at io.grpc.internal.ClientCallImpl$ClientStreamListenerImpl$1StreamClosed.runInContext(ClientCallImpl.java:740) ~[grpc-core-1.28.1.jar:1.28.1]
	at io.grpc.internal.ContextRunnable.run(ContextRunnable.java:37) ~[grpc-core-1.28.1.jar:1.28.1]
	at io.grpc.internal.SerializingExecutor.run(SerializingExecutor.java:123) ~[grpc-core-1.28.1.jar:1.28.1]
	at java.base/java.util.concurrent.ThreadPoolExecutor.runWorker(ThreadPoolExecutor.java:1128) ~[na:na]
	at java.base/java.util.concurrent.ThreadPoolExecutor$Worker.run(ThreadPoolExecutor.java:628) ~[na:na]
	at java.base/java.lang.Thread.run(Thread.java:834) ~[na:na]
Caused by: java.lang.RuntimeException: java.net.UnknownHostException: **-zeebe: Name or service not known
	at io.grpc.internal.DnsNameResolver.resolveAll(DnsNameResolver.java:436) ~[grpc-core-1.28.1.jar:1.28.1]
	at io.grpc.internal.DnsNameResolver$Resolve.resolveInternal(DnsNameResolver.java:272) ~[grpc-core-1.28.1.jar:1.28.1]
	at io.grpc.internal.DnsNameResolver$Resolve.run(DnsNameResolver.java:228) ~[grpc-core-1.28.1.jar:1.28.1]
	... 3 common frames omitted
Caused by: java.net.UnknownHostException: **-zeebe: Name or service not known
	at java.base/java.net.Inet4AddressImpl.lookupAllHostAddr(Native Method) ~[na:na]
	at java.base/java.net.InetAddress$PlatformNameService.lookupAllHostAddr(InetAddress.java:929) ~[na:na]
	at java.base/java.net.InetAddress.getAddressesFromNameService(InetAddress.java:1515) ~[na:na]
	at java.base/java.net.InetAddress$NameServiceAddresses.get(InetAddress.java:848) ~[na:na]
	at java.base/java.net.InetAddress.getAllByName0(InetAddress.java:1505) ~[na:na]
	at java.base/java.net.InetAddress.getAllByName(InetAddress.java:1364) ~[na:na]
	at java.base/java.net.InetAddress.getAllByName(InetAddress.java:1298) ~[na:na]
	at io.grpc.internal.DnsNameResolver$JdkAddressResolver.resolveAddress(DnsNameResolver.java:646) ~[grpc-core-1.28.1.jar:1.28.1]
	at io.grpc.internal.DnsNameResolver.resolveAll(DnsNameResolver.java:404) ~[grpc-core-1.28.1.jar:1.28.1]
	... 5 common frames omitted

2020-05-26 14:24:40.314  WARN 72 --- [ault-executor-0] io.zeebe.client.job.poller               : Failed to activated jobs for worker agenda-worker and job type agenda-publish

io.grpc.StatusRuntimeException: UNAVAILABLE: Unable to resolve host **-zeebe
	at io.grpc.Status.asRuntimeException(Status.java:533) ~[grpc-api-1.28.1.jar:1.28.1]
	at io.grpc.stub.ClientCalls$StreamObserverToCallListenerAdapter.onClose(ClientCalls.java:449) ~[grpc-stub-1.28.1.jar:1.28.1]
	at io.grpc.internal.ClientCallImpl.closeObserver(ClientCallImpl.java:426) ~[grpc-core-1.28.1.jar:1.28.1]
	at io.grpc.internal.ClientCallImpl.access$500(ClientCallImpl.java:66) ~[grpc-core-1.28.1.jar:1.28.1]
	at io.grpc.internal.ClientCallImpl$ClientStreamListenerImpl.close(ClientCallImpl.java:689) ~[grpc-core-1.28.1.jar:1.28.1]
	at io.grpc.internal.ClientCallImpl$ClientStreamListenerImpl.access$900(ClientCallImpl.java:577) ~[grpc-core-1.28.1.jar:1.28.1]
	at io.grpc.internal.ClientCallImpl$ClientStreamListenerImpl$1StreamClosed.runInternal(ClientCallImpl.java:751) ~[grpc-core-1.28.1.jar:1.28.1]
	at io.grpc.internal.ClientCallImpl$ClientStreamListenerImpl$1StreamClosed.runInContext(ClientCallImpl.java:740) ~[grpc-core-1.28.1.jar:1.28.1]
	at io.grpc.internal.ContextRunnable.run(ContextRunnable.java:37) ~[grpc-core-1.28.1.jar:1.28.1]
	at io.grpc.internal.SerializingExecutor.run(SerializingExecutor.java:123) ~[grpc-core-1.28.1.jar:1.28.1]
	at java.base/java.util.concurrent.ThreadPoolExecutor.runWorker(ThreadPoolExecutor.java:1128) ~[na:na]
	at java.base/java.util.concurrent.ThreadPoolExecutor$Worker.run(ThreadPoolExecutor.java:628) ~[na:na]
	at java.base/java.lang.Thread.run(Thread.java:834) ~[na:na]
Caused by: java.lang.RuntimeException: java.net.UnknownHostException: **-zeebe: Name or service not known
	at io.grpc.internal.DnsNameResolver.resolveAll(DnsNameResolver.java:436) ~[grpc-core-1.28.1.jar:1.28.1]
	at io.grpc.internal.DnsNameResolver$Resolve.resolveInternal(DnsNameResolver.java:272) ~[grpc-core-1.28.1.jar:1.28.1]
	at io.grpc.internal.DnsNameResolver$Resolve.run(DnsNameResolver.java:228) ~[grpc-core-1.28.1.jar:1.28.1]
	... 3 common frames omitted
Caused by: java.net.UnknownHostException: **-zeebe: Name or service not known
	at java.base/java.net.Inet4AddressImpl.lookupAllHostAddr(Native Method) ~[na:na]
	at java.base/java.net.InetAddress$PlatformNameService.lookupAllHostAddr(InetAddress.java:929) ~[na:na]
	at java.base/java.net.InetAddress.getAddressesFromNameService(InetAddress.java:1515) ~[na:na]
	at java.base/java.net.InetAddress$NameServiceAddresses.get(InetAddress.java:848) ~[na:na]
	at java.base/java.net.InetAddress.getAllByName0(InetAddress.java:1505) ~[na:na]
	at java.base/java.net.InetAddress.getAllByName(InetAddress.java:1364) ~[na:na]
	at java.base/java.net.InetAddress.getAllByName(InetAddress.java:1298) ~[na:na]
	at io.grpc.internal.DnsNameResolver$JdkAddressResolver.resolveAddress(DnsNameResolver.java:646) ~[grpc-core-1.28.1.jar:1.28.1]
	at io.grpc.internal.DnsNameResolver.resolveAll(DnsNameResolver.java:404) ~[grpc-core-1.28.1.jar:1.28.1]
	... 5 common frames omitted

2020-05-26 14:24:40.636  WARN 72 --- [ault-executor-0] io.zeebe.client.job.poller               : Failed to activated jobs for worker agenda-worker and job type agenda-publish

io.grpc.StatusRuntimeException: UNAVAILABLE: Unable to resolve host **-zeebe
	at io.grpc.Status.asRuntimeException(Status.java:533) ~[grpc-api-1.28.1.jar:1.28.1]
	at io.grpc.stub.ClientCalls$StreamObserverToCallListenerAdapter.onClose(ClientCalls.java:449) ~[grpc-stub-1.28.1.jar:1.28.1]
	at io.grpc.internal.ClientCallImpl.closeObserver(ClientCallImpl.java:426) ~[grpc-core-1.28.1.jar:1.28.1]
	at io.grpc.internal.ClientCallImpl.access$500(ClientCallImpl.java:66) ~[grpc-core-1.28.1.jar:1.28.1]
	at io.grpc.internal.ClientCallImpl$ClientStreamListenerImpl.close(ClientCallImpl.java:689) ~[grpc-core-1.28.1.jar:1.28.1]
	at io.grpc.internal.ClientCallImpl$ClientStreamListenerImpl.access$900(ClientCallImpl.java:577) ~[grpc-core-1.28.1.jar:1.28.1]
	at io.grpc.internal.ClientCallImpl$ClientStreamListenerImpl$1StreamClosed.runInternal(ClientCallImpl.java:751) ~[grpc-core-1.28.1.jar:1.28.1]
	at io.grpc.internal.ClientCallImpl$ClientStreamListenerImpl$1StreamClosed.runInContext(ClientCallImpl.java:740) ~[grpc-core-1.28.1.jar:1.28.1]
	at io.grpc.internal.ContextRunnable.run(ContextRunnable.java:37) ~[grpc-core-1.28.1.jar:1.28.1]
	at io.grpc.internal.SerializingExecutor.run(SerializingExecutor.java:123) ~[grpc-core-1.28.1.jar:1.28.1]
	at java.base/java.util.concurrent.ThreadPoolExecutor.runWorker(ThreadPoolExecutor.java:1128) ~[na:na]
	at java.base/java.util.concurrent.ThreadPoolExecutor$Worker.run(ThreadPoolExecutor.java:628) ~[na:na]
	at java.base/java.lang.Thread.run(Thread.java:834) ~[na:na]
Caused by: java.lang.RuntimeException: java.net.UnknownHostException: **-zeebe: Name or service not known
	at io.grpc.internal.DnsNameResolver.resolveAll(DnsNameResolver.java:436) ~[grpc-core-1.28.1.jar:1.28.1]
	at io.grpc.internal.DnsNameResolver$Resolve.resolveInternal(DnsNameResolver.java:272) ~[grpc-core-1.28.1.jar:1.28.1]
	at io.grpc.internal.DnsNameResolver$Resolve.run(DnsNameResolver.java:228) ~[grpc-core-1.28.1.jar:1.28.1]
	... 3 common frames omitted
Caused by: java.net.UnknownHostException: **-zeebe: Name or service not known
	at java.base/java.net.Inet4AddressImpl.lookupAllHostAddr(Native Method) ~[na:na]
	at java.base/java.net.InetAddress$PlatformNameService.lookupAllHostAddr(InetAddress.java:929) ~[na:na]
	at java.base/java.net.InetAddress.getAddressesFromNameService(InetAddress.java:1515) ~[na:na]
	at java.base/java.net.InetAddress$NameServiceAddresses.get(InetAddress.java:848) ~[na:na]
	at java.base/java.net.InetAddress.getAllByName0(InetAddress.java:1505) ~[na:na]
	at java.base/java.net.InetAddress.getAllByName(InetAddress.java:1364) ~[na:na]
	at java.base/java.net.InetAddress.getAllByName(InetAddress.java:1298) ~[na:na]
	at io.grpc.internal.DnsNameResolver$JdkAddressResolver.resolveAddress(DnsNameResolver.java:646) ~[grpc-core-1.28.1.jar:1.28.1]
	at io.grpc.internal.DnsNameResolver.resolveAll(DnsNameResolver.java:404) ~[grpc-core-1.28.1.jar:1.28.1]
	... 5 common frames omitted

2020-05-26 14:24:40.734  WARN 72 --- [ault-executor-0] io.zeebe.client.job.poller               : Failed to activated jobs for worker agenda-worker and job type agenda-publish

io.grpc.StatusRuntimeException: UNAVAILABLE: Unable to resolve host **-zeebe
	at io.grpc.Status.asRuntimeException(Status.java:533) ~[grpc-api-1.28.1.jar:1.28.1]
	at io.grpc.stub.ClientCalls$StreamObserverToCallListenerAdapter.onClose(ClientCalls.java:449) ~[grpc-stub-1.28.1.jar:1.28.1]
	at io.grpc.internal.ClientCallImpl.closeObserver(ClientCallImpl.java:426) ~[grpc-core-1.28.1.jar:1.28.1]
	at io.grpc.internal.ClientCallImpl.access$500(ClientCallImpl.java:66) ~[grpc-core-1.28.1.jar:1.28.1]
	at io.grpc.internal.ClientCallImpl$ClientStreamListenerImpl.close(ClientCallImpl.java:689) ~[grpc-core-1.28.1.jar:1.28.1]
	at io.grpc.internal.ClientCallImpl$ClientStreamListenerImpl.access$900(ClientCallImpl.java:577) ~[grpc-core-1.28.1.jar:1.28.1]
	at io.grpc.internal.ClientCallImpl$ClientStreamListenerImpl$1StreamClosed.runInternal(ClientCallImpl.java:751) ~[grpc-core-1.28.1.jar:1.28.1]
	at io.grpc.internal.ClientCallImpl$ClientStreamListenerImpl$1StreamClosed.runInContext(ClientCallImpl.java:740) ~[grpc-core-1.28.1.jar:1.28.1]
	at io.grpc.internal.ContextRunnable.run(ContextRunnable.java:37) ~[grpc-core-1.28.1.jar:1.28.1]
	at io.grpc.internal.SerializingExecutor.run(SerializingExecutor.java:123) ~[grpc-core-1.28.1.jar:1.28.1]
	at java.base/java.util.concurrent.ThreadPoolExecutor.runWorker(ThreadPoolExecutor.java:1128) ~[na:na]
	at java.base/java.util.concurrent.ThreadPoolExecutor$Worker.run(ThreadPoolExecutor.java:628) ~[na:na]
	at java.base/java.lang.Thread.run(Thread.java:834) ~[na:na]
Caused by: java.lang.RuntimeException: java.net.UnknownHostException: **-zeebe: Name or service not known
	at io.grpc.internal.DnsNameResolver.resolveAll(DnsNameResolver.java:436) ~[grpc-core-1.28.1.jar:1.28.1]
	at io.grpc.internal.DnsNameResolver$Resolve.resolveInternal(DnsNameResolver.java:272) ~[grpc-core-1.28.1.jar:1.28.1]
	at io.grpc.internal.DnsNameResolver$Resolve.run(DnsNameResolver.java:228) ~[grpc-core-1.28.1.jar:1.28.1]
	... 3 common frames omitted
Caused by: java.net.UnknownHostException: **-zeebe: Name or service not known
	at java.base/java.net.Inet4AddressImpl.lookupAllHostAddr(Native Method) ~[na:na]
	at java.base/java.net.InetAddress$PlatformNameService.lookupAllHostAddr(InetAddress.java:929) ~[na:na]
	at java.base/java.net.InetAddress.getAddressesFromNameService(InetAddress.java:1515) ~[na:na]
	at java.base/java.net.InetAddress$NameServiceAddresses.get(InetAddress.java:848) ~[na:na]
	at java.base/java.net.InetAddress.getAllByName0(InetAddress.java:1505) ~[na:na]
	at java.base/java.net.InetAddress.getAllByName(InetAddress.java:1364) ~[na:na]
	at java.base/java.net.InetAddress.getAllByName(InetAddress.java:1298) ~[na:na]
	at io.grpc.internal.DnsNameResolver$JdkAddressResolver.resolveAddress(DnsNameResolver.java:646) ~[grpc-core-1.28.1.jar:1.28.1]
	at io.grpc.internal.DnsNameResolver.resolveAll(DnsNameResolver.java:404) ~[grpc-core-1.28.1.jar:1.28.1]
	... 5 common frames omitted

2020-05-26 14:24:40.834  WARN 72 --- [ault-executor-0] io.zeebe.client.job.poller               : Failed to activated jobs for worker agenda-worker and job type agenda-publish

io.grpc.StatusRuntimeException: UNAVAILABLE: Unable to resolve host **-zeebe
	at io.grpc.Status.asRuntimeException(Status.java:533) ~[grpc-api-1.28.1.jar:1.28.1]
	at io.grpc.stub.ClientCalls$StreamObserverToCallListenerAdapter.onClose(ClientCalls.java:449) ~[grpc-stub-1.28.1.jar:1.28.1]
	at io.grpc.internal.ClientCallImpl.closeObserver(ClientCallImpl.java:426) ~[grpc-core-1.28.1.jar:1.28.1]
	at io.grpc.internal.ClientCallImpl.access$500(ClientCallImpl.java:66) ~[grpc-core-1.28.1.jar:1.28.1]
	at io.grpc.internal.ClientCallImpl$ClientStreamListenerImpl.close(ClientCallImpl.java:689) ~[grpc-core-1.28.1.jar:1.28.1]
	at io.grpc.internal.ClientCallImpl$ClientStreamListenerImpl.access$900(ClientCallImpl.java:577) ~[grpc-core-1.28.1.jar:1.28.1]
	at io.grpc.internal.ClientCallImpl$ClientStreamListenerImpl$1StreamClosed.runInternal(ClientCallImpl.java:751) ~[grpc-core-1.28.1.jar:1.28.1]
	at io.grpc.internal.ClientCallImpl$ClientStreamListenerImpl$1StreamClosed.runInContext(ClientCallImpl.java:740) ~[grpc-core-1.28.1.jar:1.28.1]
	at io.grpc.internal.ContextRunnable.run(ContextRunnable.java:37) ~[grpc-core-1.28.1.jar:1.28.1]
	at io.grpc.internal.SerializingExecutor.run(SerializingExecutor.java:123) ~[grpc-core-1.28.1.jar:1.28.1]
	at java.base/java.util.concurrent.ThreadPoolExecutor.runWorker(ThreadPoolExecutor.java:1128) ~[na:na]
	at java.base/java.util.concurrent.ThreadPoolExecutor$Worker.run(ThreadPoolExecutor.java:628) ~[na:na]
	at java.base/java.lang.Thread.run(Thread.java:834) ~[na:na]
Caused by: java.lang.RuntimeException: java.net.UnknownHostException: **-zeebe: Name or service not known
	at io.grpc.internal.DnsNameResolver.resolveAll(DnsNameResolver.java:436) ~[grpc-core-1.28.1.jar:1.28.1]
	at io.grpc.internal.DnsNameResolver$Resolve.resolveInternal(DnsNameResolver.java:272) ~[grpc-core-1.28.1.jar:1.28.1]
	at io.grpc.internal.DnsNameResolver$Resolve.run(DnsNameResolver.java:228) ~[grpc-core-1.28.1.jar:1.28.1]
	... 3 common frames omitted
Caused by: java.net.UnknownHostException: **-zeebe: Name or service not known
	at java.base/java.net.Inet4AddressImpl.lookupAllHostAddr(Native Method) ~[na:na]
	at java.base/java.net.InetAddress$PlatformNameService.lookupAllHostAddr(InetAddress.java:929) ~[na:na]
	at java.base/java.net.InetAddress.getAddressesFromNameService(InetAddress.java:1515) ~[na:na]
	at java.base/java.net.InetAddress$NameServiceAddresses.get(InetAddress.java:848) ~[na:na]
	at java.base/java.net.InetAddress.getAllByName0(InetAddress.java:1505) ~[na:na]
	at java.base/java.net.InetAddress.getAllByName(InetAddress.java:1364) ~[na:na]
	at java.base/java.net.InetAddress.getAllByName(InetAddress.java:1298) ~[na:na]
	at io.grpc.internal.DnsNameResolver$JdkAddressResolver.resolveAddress(DnsNameResolver.java:646) ~[grpc-core-1.28.1.jar:1.28.1]
	at io.grpc.internal.DnsNameResolver.resolveAll(DnsNameResolver.java:404) ~[grpc-core-1.28.1.jar:1.28.1]
	... 5 common frames omitted

2020-05-26 14:24:40.935  WARN 72 --- [ault-executor-0] io.zeebe.client.job.poller               : Failed to activated jobs for worker agenda-worker and job type agenda-publish

io.grpc.StatusRuntimeException: UNAVAILABLE: Unable to resolve host **-zeebe
	at io.grpc.Status.asRuntimeException(Status.java:533) ~[grpc-api-1.28.1.jar:1.28.1]
	at io.grpc.stub.ClientCalls$StreamObserverToCallListenerAdapter.onClose(ClientCalls.java:449) ~[grpc-stub-1.28.1.jar:1.28.1]
	at io.grpc.internal.ClientCallImpl.closeObserver(ClientCallImpl.java:426) ~[grpc-core-1.28.1.jar:1.28.1]
	at io.grpc.internal.ClientCallImpl.access$500(ClientCallImpl.java:66) ~[grpc-core-1.28.1.jar:1.28.1]
	at io.grpc.internal.ClientCallImpl$ClientStreamListenerImpl.close(ClientCallImpl.java:689) ~[grpc-core-1.28.1.jar:1.28.1]
	at io.grpc.internal.ClientCallImpl$ClientStreamListenerImpl.access$900(ClientCallImpl.java:577) ~[grpc-core-1.28.1.jar:1.28.1]
	at io.grpc.internal.ClientCallImpl$ClientStreamListenerImpl$1StreamClosed.runInternal(ClientCallImpl.java:751) ~[grpc-core-1.28.1.jar:1.28.1]
	at io.grpc.internal.ClientCallImpl$ClientStreamListenerImpl$1StreamClosed.runInContext(ClientCallImpl.java:740) ~[grpc-core-1.28.1.jar:1.28.1]
	at io.grpc.internal.ContextRunnable.run(ContextRunnable.java:37) ~[grpc-core-1.28.1.jar:1.28.1]
	at io.grpc.internal.SerializingExecutor.run(SerializingExecutor.java:123) ~[grpc-core-1.28.1.jar:1.28.1]
	at java.base/java.util.concurrent.ThreadPoolExecutor.runWorker(ThreadPoolExecutor.java:1128) ~[na:na]
	at java.base/java.util.concurrent.ThreadPoolExecutor$Worker.run(ThreadPoolExecutor.java:628) ~[na:na]
	at java.base/java.lang.Thread.run(Thread.java:834) ~[na:na]
Caused by: java.lang.RuntimeException: java.net.UnknownHostException: **-zeebe: Name or service not known
	at io.grpc.internal.DnsNameResolver.resolveAll(DnsNameResolver.java:436) ~[grpc-core-1.28.1.jar:1.28.1]
	at io.grpc.internal.DnsNameResolver$Resolve.resolveInternal(DnsNameResolver.java:272) ~[grpc-core-1.28.1.jar:1.28.1]
	at io.grpc.internal.DnsNameResolver$Resolve.run(DnsNameResolver.java:228) ~[grpc-core-1.28.1.jar:1.28.1]
	... 3 common frames omitted
Caused by: java.net.UnknownHostException: **-zeebe: Name or service not known
	at java.base/java.net.Inet4AddressImpl.lookupAllHostAddr(Native Method) ~[na:na]
	at java.base/java.net.InetAddress$PlatformNameService.lookupAllHostAddr(InetAddress.java:929) ~[na:na]
	at java.base/java.net.InetAddress.getAddressesFromNameService(InetAddress.java:1515) ~[na:na]
	at java.base/java.net.InetAddress$NameServiceAddresses.get(InetAddress.java:848) ~[na:na]
	at java.base/java.net.InetAddress.getAllByName0(InetAddress.java:1505) ~[na:na]
	at java.base/java.net.InetAddress.getAllByName(InetAddress.java:1364) ~[na:na]
	at java.base/java.net.InetAddress.getAllByName(InetAddress.java:1298) ~[na:na]
	at io.grpc.internal.DnsNameResolver$JdkAddressResolver.resolveAddress(DnsNameResolver.java:646) ~[grpc-core-1.28.1.jar:1.28.1]
	at io.grpc.internal.DnsNameResolver.resolveAll(DnsNameResolver.java:404) ~[grpc-core-1.28.1.jar:1.28.1]
	... 5 common frames omitted

2020-05-26 14:24:41.144  WARN 72 --- [ault-executor-0] io.zeebe.client.job.poller               : Failed to activated jobs for worker agenda-worker and job type agenda-publish

io.grpc.StatusRuntimeException: UNAVAILABLE: Unable to resolve host **-zeebe
	at io.grpc.Status.asRuntimeException(Status.java:533) ~[grpc-api-1.28.1.jar:1.28.1]
	at io.grpc.stub.ClientCalls$StreamObserverToCallListenerAdapter.onClose(ClientCalls.java:449) ~[grpc-stub-1.28.1.jar:1.28.1]
	at io.grpc.internal.ClientCallImpl.closeObserver(ClientCallImpl.java:426) ~[grpc-core-1.28.1.jar:1.28.1]
	at io.grpc.internal.ClientCallImpl.access$500(ClientCallImpl.java:66) ~[grpc-core-1.28.1.jar:1.28.1]
	at io.grpc.internal.ClientCallImpl$ClientStreamListenerImpl.close(ClientCallImpl.java:689) ~[grpc-core-1.28.1.jar:1.28.1]
	at io.grpc.internal.ClientCallImpl$ClientStreamListenerImpl.access$900(ClientCallImpl.java:577) ~[grpc-core-1.28.1.jar:1.28.1]
	at io.grpc.internal.ClientCallImpl$ClientStreamListenerImpl$1StreamClosed.runInternal(ClientCallImpl.java:751) ~[grpc-core-1.28.1.jar:1.28.1]
	at io.grpc.internal.ClientCallImpl$ClientStreamListenerImpl$1StreamClosed.runInContext(ClientCallImpl.java:740) ~[grpc-core-1.28.1.jar:1.28.1]
	at io.grpc.internal.ContextRunnable.run(ContextRunnable.java:37) ~[grpc-core-1.28.1.jar:1.28.1]
	at io.grpc.internal.SerializingExecutor.run(SerializingExecutor.java:123) ~[grpc-core-1.28.1.jar:1.28.1]
	at java.base/java.util.concurrent.ThreadPoolExecutor.runWorker(ThreadPoolExecutor.java:1128) ~[na:na]
	at java.base/java.util.concurrent.ThreadPoolExecutor$Worker.run(ThreadPoolExecutor.java:628) ~[na:na]
	at java.base/java.lang.Thread.run(Thread.java:834) ~[na:na]
Caused by: java.lang.RuntimeException: java.net.UnknownHostException: **-zeebe: Name or service not known
	at io.grpc.internal.DnsNameResolver.resolveAll(DnsNameResolver.java:436) ~[grpc-core-1.28.1.jar:1.28.1]
	at io.grpc.internal.DnsNameResolver$Resolve.resolveInternal(DnsNameResolver.java:272) ~[grpc-core-1.28.1.jar:1.28.1]
	at io.grpc.internal.DnsNameResolver$Resolve.run(DnsNameResolver.java:228) ~[grpc-core-1.28.1.jar:1.28.1]
	... 3 common frames omitted
Caused by: java.net.UnknownHostException: **-zeebe: Name or service not known
	at java.base/java.net.Inet4AddressImpl.lookupAllHostAddr(Native Method) ~[na:na]
	at java.base/java.net.InetAddress$PlatformNameService.lookupAllHostAddr(InetAddress.java:929) ~[na:na]
	at java.base/java.net.InetAddress.getAddressesFromNameService(InetAddress.java:1515) ~[na:na]
	at java.base/java.net.InetAddress$NameServiceAddresses.get(InetAddress.java:848) ~[na:na]
	at java.base/java.net.InetAddress.getAllByName0(InetAddress.java:1505) ~[na:na]
	at java.base/java.net.InetAddress.getAllByName(InetAddress.java:1364) ~[na:na]
	at java.base/java.net.InetAddress.getAllByName(InetAddress.java:1298) ~[na:na]
	at io.grpc.internal.DnsNameResolver$JdkAddressResolver.resolveAddress(DnsNameResolver.java:646) ~[grpc-core-1.28.1.jar:1.28.1]
	at io.grpc.internal.DnsNameResolver.resolveAll(DnsNameResolver.java:404) ~[grpc-core-1.28.1.jar:1.28.1]
	... 5 common frames omitted

2020-05-26 14:24:41.244  WARN 72 --- [ault-executor-0] io.zeebe.client.job.poller               : Failed to activated jobs for worker agenda-worker and job type agenda-publish

io.grpc.StatusRuntimeException: UNAVAILABLE: Unable to resolve host **-zeebe
	at io.grpc.Status.asRuntimeException(Status.java:533) ~[grpc-api-1.28.1.jar:1.28.1]
	at io.grpc.stub.ClientCalls$StreamObserverToCallListenerAdapter.onClose(ClientCalls.java:449) ~[grpc-stub-1.28.1.jar:1.28.1]
	at io.grpc.internal.ClientCallImpl.closeObserver(ClientCallImpl.java:426) ~[grpc-core-1.28.1.jar:1.28.1]
	at io.grpc.internal.ClientCallImpl.access$500(ClientCallImpl.java:66) ~[grpc-core-1.28.1.jar:1.28.1]
	at io.grpc.internal.ClientCallImpl$ClientStreamListenerImpl.close(ClientCallImpl.java:689) ~[grpc-core-1.28.1.jar:1.28.1]
	at io.grpc.internal.ClientCallImpl$ClientStreamListenerImpl.access$900(ClientCallImpl.java:577) ~[grpc-core-1.28.1.jar:1.28.1]
	at io.grpc.internal.ClientCallImpl$ClientStreamListenerImpl$1StreamClosed.runInternal(ClientCallImpl.java:751) ~[grpc-core-1.28.1.jar:1.28.1]
	at io.grpc.internal.ClientCallImpl$ClientStreamListenerImpl$1StreamClosed.runInContext(ClientCallImpl.java:740) ~[grpc-core-1.28.1.jar:1.28.1]
	at io.grpc.internal.ContextRunnable.run(ContextRunnable.java:37) ~[grpc-core-1.28.1.jar:1.28.1]
	at io.grpc.internal.SerializingExecutor.run(SerializingExecutor.java:123) ~[grpc-core-1.28.1.jar:1.28.1]
	at java.base/java.util.concurrent.ThreadPoolExecutor.runWorker(ThreadPoolExecutor.java:1128) ~[na:na]
	at java.base/java.util.concurrent.ThreadPoolExecutor$Worker.run(ThreadPoolExecutor.java:628) ~[na:na]
	at java.base/java.lang.Thread.run(Thread.java:834) ~[na:na]
Caused by: java.lang.RuntimeException: java.net.UnknownHostException: **-zeebe: Name or service not known
	at io.grpc.internal.DnsNameResolver.resolveAll(DnsNameResolver.java:436) ~[grpc-core-1.28.1.jar:1.28.1]
	at io.grpc.internal.DnsNameResolver$Resolve.resolveInternal(DnsNameResolver.java:272) ~[grpc-core-1.28.1.jar:1.28.1]
	at io.grpc.internal.DnsNameResolver$Resolve.run(DnsNameResolver.java:228) ~[grpc-core-1.28.1.jar:1.28.1]
	... 3 common frames omitted
Caused by: java.net.UnknownHostException: **-zeebe: Name or service not known
	at java.base/java.net.Inet4AddressImpl.lookupAllHostAddr(Native Method) ~[na:na]
	at java.base/java.net.InetAddress$PlatformNameService.lookupAllHostAddr(InetAddress.java:929) ~[na:na]
	at java.base/java.net.InetAddress.getAddressesFromNameService(InetAddress.java:1515) ~[na:na]
	at java.base/java.net.InetAddress$NameServiceAddresses.get(InetAddress.java:848) ~[na:na]
	at java.base/java.net.InetAddress.getAllByName0(InetAddress.java:1505) ~[na:na]
	at java.base/java.net.InetAddress.getAllByName(InetAddress.java:1364) ~[na:na]
	at java.base/java.net.InetAddress.getAllByName(InetAddress.java:1298) ~[na:na]
	at io.grpc.internal.DnsNameResolver$JdkAddressResolver.resolveAddress(DnsNameResolver.java:646) ~[grpc-core-1.28.1.jar:1.28.1]
	at io.grpc.internal.DnsNameResolver.resolveAll(DnsNameResolver.java:404) ~[grpc-core-1.28.1.jar:1.28.1]
	... 5 common frames omitted

2020-05-26 14:24:41.345  WARN 72 --- [ault-executor-0] io.zeebe.client.job.poller               : Failed to activated jobs for worker agenda-worker and job type agenda-publish

io.grpc.StatusRuntimeException: UNAVAILABLE: Unable to resolve host **-zeebe
	at io.grpc.Status.asRuntimeException(Status.java:533) ~[grpc-api-1.28.1.jar:1.28.1]
	at io.grpc.stub.ClientCalls$StreamObserverToCallListenerAdapter.onClose(ClientCalls.java:449) ~[grpc-stub-1.28.1.jar:1.28.1]
	at io.grpc.internal.ClientCallImpl.closeObserver(ClientCallImpl.java:426) ~[grpc-core-1.28.1.jar:1.28.1]
	at io.grpc.internal.ClientCallImpl.access$500(ClientCallImpl.java:66) ~[grpc-core-1.28.1.jar:1.28.1]
	at io.grpc.internal.ClientCallImpl$ClientStreamListenerImpl.close(ClientCallImpl.java:689) ~[grpc-core-1.28.1.jar:1.28.1]
	at io.grpc.internal.ClientCallImpl$ClientStreamListenerImpl.access$900(ClientCallImpl.java:577) ~[grpc-core-1.28.1.jar:1.28.1]
	at io.grpc.internal.ClientCallImpl$ClientStreamListenerImpl$1StreamClosed.runInternal(ClientCallImpl.java:751) ~[grpc-core-1.28.1.jar:1.28.1]
	at io.grpc.internal.ClientCallImpl$ClientStreamListenerImpl$1StreamClosed.runInContext(ClientCallImpl.java:740) ~[grpc-core-1.28.1.jar:1.28.1]
	at io.grpc.internal.ContextRunnable.run(ContextRunnable.java:37) ~[grpc-core-1.28.1.jar:1.28.1]
	at io.grpc.internal.SerializingExecutor.run(SerializingExecutor.java:123) ~[grpc-core-1.28.1.jar:1.28.1]
	at java.base/java.util.concurrent.ThreadPoolExecutor.runWorker(ThreadPoolExecutor.java:1128) ~[na:na]
	at java.base/java.util.concurrent.ThreadPoolExecutor$Worker.run(ThreadPoolExecutor.java:628) ~[na:na]
	at java.base/java.lang.Thread.run(Thread.java:834) ~[na:na]
Caused by: java.lang.RuntimeException: java.net.UnknownHostException: **-zeebe: Name or service not known
	at io.grpc.internal.DnsNameResolver.resolveAll(DnsNameResolver.java:436) ~[grpc-core-1.28.1.jar:1.28.1]
	at io.grpc.internal.DnsNameResolver$Resolve.resolveInternal(DnsNameResolver.java:272) ~[grpc-core-1.28.1.jar:1.28.1]
	at io.grpc.internal.DnsNameResolver$Resolve.run(DnsNameResolver.java:228) ~[grpc-core-1.28.1.jar:1.28.1]
	... 3 common frames omitted
Caused by: java.net.UnknownHostException: **-zeebe: Name or service not known
	at java.base/java.net.Inet4AddressImpl.lookupAllHostAddr(Native Method) ~[na:na]
	at java.base/java.net.InetAddress$PlatformNameService.lookupAllHostAddr(InetAddress.java:929) ~[na:na]
	at java.base/java.net.InetAddress.getAddressesFromNameService(InetAddress.java:1515) ~[na:na]
	at java.base/java.net.InetAddress$NameServiceAddresses.get(InetAddress.java:848) ~[na:na]
	at java.base/java.net.InetAddress.getAllByName0(InetAddress.java:1505) ~[na:na]
	at java.base/java.net.InetAddress.getAllByName(InetAddress.java:1364) ~[na:na]
	at java.base/java.net.InetAddress.getAllByName(InetAddress.java:1298) ~[na:na]
	at io.grpc.internal.DnsNameResolver$JdkAddressResolver.resolveAddress(DnsNameResolver.java:646) ~[grpc-core-1.28.1.jar:1.28.1]
	at io.grpc.internal.DnsNameResolver.resolveAll(DnsNameResolver.java:404) ~[grpc-core-1.28.1.jar:1.28.1]
	... 5 common frames omitted

2020-05-26 14:24:41.483  WARN 72 --- [ault-executor-0] io.zeebe.client.job.poller               : Failed to activated jobs for worker agenda-worker and job type agenda-publish

io.grpc.StatusRuntimeException: UNAVAILABLE: Unable to resolve host **-zeebe
	at io.grpc.Status.asRuntimeException(Status.java:533) ~[grpc-api-1.28.1.jar:1.28.1]
	at io.grpc.stub.ClientCalls$StreamObserverToCallListenerAdapter.onClose(ClientCalls.java:449) ~[grpc-stub-1.28.1.jar:1.28.1]
	at io.grpc.internal.ClientCallImpl.closeObserver(ClientCallImpl.java:426) ~[grpc-core-1.28.1.jar:1.28.1]
	at io.grpc.internal.ClientCallImpl.access$500(ClientCallImpl.java:66) ~[grpc-core-1.28.1.jar:1.28.1]
	at io.grpc.internal.ClientCallImpl$ClientStreamListenerImpl.close(ClientCallImpl.java:689) ~[grpc-core-1.28.1.jar:1.28.1]
	at io.grpc.internal.ClientCallImpl$ClientStreamListenerImpl.access$900(ClientCallImpl.java:577) ~[grpc-core-1.28.1.jar:1.28.1]
	at io.grpc.internal.ClientCallImpl$ClientStreamListenerImpl$1StreamClosed.runInternal(ClientCallImpl.java:751) ~[grpc-core-1.28.1.jar:1.28.1]
	at io.grpc.internal.ClientCallImpl$ClientStreamListenerImpl$1StreamClosed.runInContext(ClientCallImpl.java:740) ~[grpc-core-1.28.1.jar:1.28.1]
	at io.grpc.internal.ContextRunnable.run(ContextRunnable.java:37) ~[grpc-core-1.28.1.jar:1.28.1]
	at io.grpc.internal.SerializingExecutor.run(SerializingExecutor.java:123) ~[grpc-core-1.28.1.jar:1.28.1]
	at java.base/java.util.concurrent.ThreadPoolExecutor.runWorker(ThreadPoolExecutor.java:1128) ~[na:na]
	at java.base/java.util.concurrent.ThreadPoolExecutor$Worker.run(ThreadPoolExecutor.java:628) ~[na:na]
	at java.base/java.lang.Thread.run(Thread.java:834) ~[na:na]
Caused by: java.lang.RuntimeException: java.net.UnknownHostException: **-zeebe: Name or service not known
	at io.grpc.internal.DnsNameResolver.resolveAll(DnsNameResolver.java:436) ~[grpc-core-1.28.1.jar:1.28.1]
	at io.grpc.internal.DnsNameResolver$Resolve.resolveInternal(DnsNameResolver.java:272) ~[grpc-core-1.28.1.jar:1.28.1]
	at io.grpc.internal.DnsNameResolver$Resolve.run(DnsNameResolver.java:228) ~[grpc-core-1.28.1.jar:1.28.1]
	... 3 common frames omitted
Caused by: java.net.UnknownHostException: **-zeebe: Name or service not known
	at java.base/java.net.Inet4AddressImpl.lookupAllHostAddr(Native Method) ~[na:na]
	at java.base/java.net.InetAddress$PlatformNameService.lookupAllHostAddr(InetAddress.java:929) ~[na:na]
	at java.base/java.net.InetAddress.getAddressesFromNameService(InetAddress.java:1515) ~[na:na]
	at java.base/java.net.InetAddress$NameServiceAddresses.get(InetAddress.java:848) ~[na:na]
	at java.base/java.net.InetAddress.getAllByName0(InetAddress.java:1505) ~[na:na]
	at java.base/java.net.InetAddress.getAllByName(InetAddress.java:1364) ~[na:na]
	at java.base/java.net.InetAddress.getAllByName(InetAddress.java:1298) ~[na:na]
	at io.grpc.internal.DnsNameResolver$JdkAddressResolver.resolveAddress(DnsNameResolver.java:646) ~[grpc-core-1.28.1.jar:1.28.1]
	at io.grpc.internal.DnsNameResolver.resolveAll(DnsNameResolver.java:404) ~[grpc-core-1.28.1.jar:1.28.1]
	... 5 common frames omitted

2020-05-26 14:24:41.516  WARN 72 --- [ault-executor-0] io.grpc.internal.ManagedChannelImpl      : [Channel<1>: (**-zeebe:26500)] Failed to resolve name. status=Status{code=UNAVAILABLE, description=Unable to resolve host **-zeebe, cause=java.lang.RuntimeException: java.net.UnknownHostException: **-zeebe
	at io.grpc.internal.DnsNameResolver.resolveAll(DnsNameResolver.java:436)
	at io.grpc.internal.DnsNameResolver$Resolve.resolveInternal(DnsNameResolver.java:272)
	at io.grpc.internal.DnsNameResolver$Resolve.run(DnsNameResolver.java:228)
	at java.base/java.util.concurrent.ThreadPoolExecutor.runWorker(ThreadPoolExecutor.java:1128)
	at java.base/java.util.concurrent.ThreadPoolExecutor$Worker.run(ThreadPoolExecutor.java:628)
	at java.base/java.lang.Thread.run(Thread.java:834)
Caused by: java.net.UnknownHostException: **-zeebe
	at java.base/java.net.InetAddress$CachedAddresses.get(InetAddress.java:797)
	at java.base/java.net.InetAddress.getAllByName0(InetAddress.java:1505)
	at java.base/java.net.InetAddress.getAllByName(InetAddress.java:1364)
	at java.base/java.net.InetAddress.getAllByName(InetAddress.java:1298)
	at io.grpc.internal.DnsNameResolver$JdkAddressResolver.resolveAddress(DnsNameResolver.java:646)
	at io.grpc.internal.DnsNameResolver.resolveAll(DnsNameResolver.java:404)
	... 5 more
}
2020-05-26 14:24:41.609  WARN 72 --- [ault-executor-0] io.zeebe.client.job.poller               : Failed to activated jobs for worker agenda-worker and job type agenda-publish

io.grpc.StatusRuntimeException: UNAVAILABLE: Unable to resolve host **-zeebe
	at io.grpc.Status.asRuntimeException(Status.java:533) ~[grpc-api-1.28.1.jar:1.28.1]
	at io.grpc.stub.ClientCalls$StreamObserverToCallListenerAdapter.onClose(ClientCalls.java:449) ~[grpc-stub-1.28.1.jar:1.28.1]
	at io.grpc.internal.ClientCallImpl.closeObserver(ClientCallImpl.java:426) ~[grpc-core-1.28.1.jar:1.28.1]
	at io.grpc.internal.ClientCallImpl.access$500(ClientCallImpl.java:66) ~[grpc-core-1.28.1.jar:1.28.1]
	at io.grpc.internal.ClientCallImpl$ClientStreamListenerImpl.close(ClientCallImpl.java:689) ~[grpc-core-1.28.1.jar:1.28.1]
	at io.grpc.internal.ClientCallImpl$ClientStreamListenerImpl.access$900(ClientCallImpl.java:577) ~[grpc-core-1.28.1.jar:1.28.1]
	at io.grpc.internal.ClientCallImpl$ClientStreamListenerImpl$1StreamClosed.runInternal(ClientCallImpl.java:751) ~[grpc-core-1.28.1.jar:1.28.1]
	at io.grpc.internal.ClientCallImpl$ClientStreamListenerImpl$1StreamClosed.runInContext(ClientCallImpl.java:740) ~[grpc-core-1.28.1.jar:1.28.1]
	at io.grpc.internal.ContextRunnable.run(ContextRunnable.java:37) ~[grpc-core-1.28.1.jar:1.28.1]
	at io.grpc.internal.SerializingExecutor.run(SerializingExecutor.java:123) ~[grpc-core-1.28.1.jar:1.28.1]
	at java.base/java.util.concurrent.ThreadPoolExecutor.runWorker(ThreadPoolExecutor.java:1128) ~[na:na]
	at java.base/java.util.concurrent.ThreadPoolExecutor$Worker.run(ThreadPoolExecutor.java:628) ~[na:na]
	at java.base/java.lang.Thread.run(Thread.java:834) ~[na:na]
Caused by: java.lang.RuntimeException: java.net.UnknownHostException: **-zeebe
	at io.grpc.internal.DnsNameResolver.resolveAll(DnsNameResolver.java:436) ~[grpc-core-1.28.1.jar:1.28.1]
	at io.grpc.internal.DnsNameResolver$Resolve.resolveInternal(DnsNameResolver.java:272) ~[grpc-core-1.28.1.jar:1.28.1]
	at io.grpc.internal.DnsNameResolver$Resolve.run(DnsNameResolver.java:228) ~[grpc-core-1.28.1.jar:1.28.1]
	... 3 common frames omitted
Caused by: java.net.UnknownHostException: **-zeebe
	at java.base/java.net.InetAddress$CachedAddresses.get(InetAddress.java:797) ~[na:na]
	at java.base/java.net.InetAddress.getAllByName0(InetAddress.java:1505) ~[na:na]
	at java.base/java.net.InetAddress.getAllByName(InetAddress.java:1364) ~[na:na]
	at java.base/java.net.InetAddress.getAllByName(InetAddress.java:1298) ~[na:na]
	at io.grpc.internal.DnsNameResolver$JdkAddressResolver.resolveAddress(DnsNameResolver.java:646) ~[grpc-core-1.28.1.jar:1.28.1]
	at io.grpc.internal.DnsNameResolver.resolveAll(DnsNameResolver.java:404) ~[grpc-core-1.28.1.jar:1.28.1]
	... 5 common frames omitted

2020-05-26 14:24:41.709  WARN 72 --- [ault-executor-0] io.zeebe.client.job.poller               : Failed to activated jobs for worker agenda-worker and job type agenda-publish

io.grpc.StatusRuntimeException: UNAVAILABLE: Unable to resolve host **-zeebe
	at io.grpc.Status.asRuntimeException(Status.java:533) ~[grpc-api-1.28.1.jar:1.28.1]
	at io.grpc.stub.ClientCalls$StreamObserverToCallListenerAdapter.onClose(ClientCalls.java:449) ~[grpc-stub-1.28.1.jar:1.28.1]
	at io.grpc.internal.ClientCallImpl.closeObserver(ClientCallImpl.java:426) ~[grpc-core-1.28.1.jar:1.28.1]
	at io.grpc.internal.ClientCallImpl.access$500(ClientCallImpl.java:66) ~[grpc-core-1.28.1.jar:1.28.1]
	at io.grpc.internal.ClientCallImpl$ClientStreamListenerImpl.close(ClientCallImpl.java:689) ~[grpc-core-1.28.1.jar:1.28.1]
	at io.grpc.internal.ClientCallImpl$ClientStreamListenerImpl.access$900(ClientCallImpl.java:577) ~[grpc-core-1.28.1.jar:1.28.1]
	at io.grpc.internal.ClientCallImpl$ClientStreamListenerImpl$1StreamClosed.runInternal(ClientCallImpl.java:751) ~[grpc-core-1.28.1.jar:1.28.1]
	at io.grpc.internal.ClientCallImpl$ClientStreamListenerImpl$1StreamClosed.runInContext(ClientCallImpl.java:740) ~[grpc-core-1.28.1.jar:1.28.1]
	at io.grpc.internal.ContextRunnable.run(ContextRunnable.java:37) ~[grpc-core-1.28.1.jar:1.28.1]
	at io.grpc.internal.SerializingExecutor.run(SerializingExecutor.java:123) ~[grpc-core-1.28.1.jar:1.28.1]
	at java.base/java.util.concurrent.ThreadPoolExecutor.runWorker(ThreadPoolExecutor.java:1128) ~[na:na]
	at java.base/java.util.concurrent.ThreadPoolExecutor$Worker.run(ThreadPoolExecutor.java:628) ~[na:na]
	at java.base/java.lang.Thread.run(Thread.java:834) ~[na:na]
Caused by: java.lang.RuntimeException: java.net.UnknownHostException: **-zeebe
	at io.grpc.internal.DnsNameResolver.resolveAll(DnsNameResolver.java:436) ~[grpc-core-1.28.1.jar:1.28.1]
	at io.grpc.internal.DnsNameResolver$Resolve.resolveInternal(DnsNameResolver.java:272) ~[grpc-core-1.28.1.jar:1.28.1]
	at io.grpc.internal.DnsNameResolver$Resolve.run(DnsNameResolver.java:228) ~[grpc-core-1.28.1.jar:1.28.1]
	... 3 common frames omitted
Caused by: java.net.UnknownHostException: **-zeebe
	at java.base/java.net.InetAddress$CachedAddresses.get(InetAddress.java:797) ~[na:na]
	at java.base/java.net.InetAddress.getAllByName0(InetAddress.java:1505) ~[na:na]
	at java.base/java.net.InetAddress.getAllByName(InetAddress.java:1364) ~[na:na]
	at java.base/java.net.InetAddress.getAllByName(InetAddress.java:1298) ~[na:na]
	at io.grpc.internal.DnsNameResolver$JdkAddressResolver.resolveAddress(DnsNameResolver.java:646) ~[grpc-core-1.28.1.jar:1.28.1]
	at io.grpc.internal.DnsNameResolver.resolveAll(DnsNameResolver.java:404) ~[grpc-core-1.28.1.jar:1.28.1]
	... 5 common frames omitted

2020-05-26 14:24:41.920  WARN 72 --- [ault-executor-0] io.zeebe.client.job.poller               : Failed to activated jobs for worker agenda-worker and job type agenda-publish

io.grpc.StatusRuntimeException: UNAVAILABLE: Unable to resolve host **-zeebe
	at io.grpc.Status.asRuntimeException(Status.java:533) ~[grpc-api-1.28.1.jar:1.28.1]
	at io.grpc.stub.ClientCalls$StreamObserverToCallListenerAdapter.onClose(ClientCalls.java:449) ~[grpc-stub-1.28.1.jar:1.28.1]
	at io.grpc.internal.ClientCallImpl.closeObserver(ClientCallImpl.java:426) ~[grpc-core-1.28.1.jar:1.28.1]
	at io.grpc.internal.ClientCallImpl.access$500(ClientCallImpl.java:66) ~[grpc-core-1.28.1.jar:1.28.1]
	at io.grpc.internal.ClientCallImpl$ClientStreamListenerImpl.close(ClientCallImpl.java:689) ~[grpc-core-1.28.1.jar:1.28.1]
	at io.grpc.internal.ClientCallImpl$ClientStreamListenerImpl.access$900(ClientCallImpl.java:577) ~[grpc-core-1.28.1.jar:1.28.1]
	at io.grpc.internal.ClientCallImpl$ClientStreamListenerImpl$1StreamClosed.runInternal(ClientCallImpl.java:751) ~[grpc-core-1.28.1.jar:1.28.1]
	at io.grpc.internal.ClientCallImpl$ClientStreamListenerImpl$1StreamClosed.runInContext(ClientCallImpl.java:740) ~[grpc-core-1.28.1.jar:1.28.1]
	at io.grpc.internal.ContextRunnable.run(ContextRunnable.java:37) ~[grpc-core-1.28.1.jar:1.28.1]
	at io.grpc.internal.SerializingExecutor.run(SerializingExecutor.java:123) ~[grpc-core-1.28.1.jar:1.28.1]
	at java.base/java.util.concurrent.ThreadPoolExecutor.runWorker(ThreadPoolExecutor.java:1128) ~[na:na]
	at java.base/java.util.concurrent.ThreadPoolExecutor$Worker.run(ThreadPoolExecutor.java:628) ~[na:na]
	at java.base/java.lang.Thread.run(Thread.java:834) ~[na:na]
Caused by: java.lang.RuntimeException: java.net.UnknownHostException: **-zeebe
	at io.grpc.internal.DnsNameResolver.resolveAll(DnsNameResolver.java:436) ~[grpc-core-1.28.1.jar:1.28.1]
	at io.grpc.internal.DnsNameResolver$Resolve.resolveInternal(DnsNameResolver.java:272) ~[grpc-core-1.28.1.jar:1.28.1]
	at io.grpc.internal.DnsNameResolver$Resolve.run(DnsNameResolver.java:228) ~[grpc-core-1.28.1.jar:1.28.1]
	... 3 common frames omitted
Caused by: java.net.UnknownHostException: **-zeebe
	at java.base/java.net.InetAddress$CachedAddresses.get(InetAddress.java:797) ~[na:na]
	at java.base/java.net.InetAddress.getAllByName0(InetAddress.java:1505) ~[na:na]
	at java.base/java.net.InetAddress.getAllByName(InetAddress.java:1364) ~[na:na]
	at java.base/java.net.InetAddress.getAllByName(InetAddress.java:1298) ~[na:na]
	at io.grpc.internal.DnsNameResolver$JdkAddressResolver.resolveAddress(DnsNameResolver.java:646) ~[grpc-core-1.28.1.jar:1.28.1]
	at io.grpc.internal.DnsNameResolver.resolveAll(DnsNameResolver.java:404) ~[grpc-core-1.28.1.jar:1.28.1]
	... 5 common frames omitted

[INFO] Tests run: 1, Failures: 0, Errors: 0, Skipped: 0, Time elapsed: 20.462 s - in com.*******.conferences.agenda.DemoApplicationTests
2020-05-26 14:24:42.021  WARN 72 --- [ault-executor-0] io.zeebe.client.job.poller               : Failed to activated jobs for worker agenda-worker and job type agenda-publish

io.grpc.StatusRuntimeException: UNAVAILABLE: Unable to resolve host **-zeebe
	at io.grpc.Status.asRuntimeException(Status.java:533) ~[grpc-api-1.28.1.jar:1.28.1]
	at io.grpc.stub.ClientCalls$StreamObserverToCallListenerAdapter.onClose(ClientCalls.java:449) ~[grpc-stub-1.28.1.jar:1.28.1]
	at io.grpc.internal.ClientCallImpl.closeObserver(ClientCallImpl.java:426) ~[grpc-core-1.28.1.jar:1.28.1]
	at io.grpc.internal.ClientCallImpl.access$500(ClientCallImpl.java:66) ~[grpc-core-1.28.1.jar:1.28.1]
	at io.grpc.internal.ClientCallImpl$ClientStreamListenerImpl.close(ClientCallImpl.java:689) ~[grpc-core-1.28.1.jar:1.28.1]
	at io.grpc.internal.ClientCallImpl$ClientStreamListenerImpl.access$900(ClientCallImpl.java:577) ~[grpc-core-1.28.1.jar:1.28.1]
	at io.grpc.internal.ClientCallImpl$ClientStreamListenerImpl$1StreamClosed.runInternal(ClientCallImpl.java:751) ~[grpc-core-1.28.1.jar:1.28.1]
	at io.grpc.internal.ClientCallImpl$ClientStreamListenerImpl$1StreamClosed.runInContext(ClientCallImpl.java:740) ~[grpc-core-1.28.1.jar:1.28.1]
	at io.grpc.internal.ContextRunnable.run(ContextRunnable.java:37) ~[grpc-core-1.28.1.jar:1.28.1]
	at io.grpc.internal.SerializingExecutor.run(SerializingExecutor.java:123) ~[grpc-core-1.28.1.jar:1.28.1]
	at java.base/java.util.concurrent.ThreadPoolExecutor.runWorker(ThreadPoolExecutor.java:1128) ~[na:na]
	at java.base/java.util.concurrent.ThreadPoolExecutor$Worker.run(ThreadPoolExecutor.java:628) ~[na:na]
	at java.base/java.lang.Thread.run(Thread.java:834) ~[na:na]
Caused by: java.lang.RuntimeException: java.net.UnknownHostException: **-zeebe
	at io.grpc.internal.DnsNameResolver.resolveAll(DnsNameResolver.java:436) ~[grpc-core-1.28.1.jar:1.28.1]
	at io.grpc.internal.DnsNameResolver$Resolve.resolveInternal(DnsNameResolver.java:272) ~[grpc-core-1.28.1.jar:1.28.1]
	at io.grpc.internal.DnsNameResolver$Resolve.run(DnsNameResolver.java:228) ~[grpc-core-1.28.1.jar:1.28.1]
	... 3 common frames omitted
Caused by: java.net.UnknownHostException: **-zeebe
	at java.base/java.net.InetAddress$CachedAddresses.get(InetAddress.java:797) ~[na:na]
	at java.base/java.net.InetAddress.getAllByName0(InetAddress.java:1505) ~[na:na]
	at java.base/java.net.InetAddress.getAllByName(InetAddress.java:1364) ~[na:na]
	at java.base/java.net.InetAddress.getAllByName(InetAddress.java:1298) ~[na:na]
	at io.grpc.internal.DnsNameResolver$JdkAddressResolver.resolveAddress(DnsNameResolver.java:646) ~[grpc-core-1.28.1.jar:1.28.1]
	at io.grpc.internal.DnsNameResolver.resolveAll(DnsNameResolver.java:404) ~[grpc-core-1.28.1.jar:1.28.1]
	... 5 common frames omitted

2020-05-26 14:24:42.121  WARN 72 --- [ault-executor-0] io.zeebe.client.job.poller               : Failed to activated jobs for worker agenda-worker and job type agenda-publish

io.grpc.StatusRuntimeException: UNAVAILABLE: Unable to resolve host **-zeebe
	at io.grpc.Status.asRuntimeException(Status.java:533) ~[grpc-api-1.28.1.jar:1.28.1]
	at io.grpc.stub.ClientCalls$StreamObserverToCallListenerAdapter.onClose(ClientCalls.java:449) ~[grpc-stub-1.28.1.jar:1.28.1]
	at io.grpc.internal.ClientCallImpl.closeObserver(ClientCallImpl.java:426) ~[grpc-core-1.28.1.jar:1.28.1]
	at io.grpc.internal.ClientCallImpl.access$500(ClientCallImpl.java:66) ~[grpc-core-1.28.1.jar:1.28.1]
	at io.grpc.internal.ClientCallImpl$ClientStreamListenerImpl.close(ClientCallImpl.java:689) ~[grpc-core-1.28.1.jar:1.28.1]
	at io.grpc.internal.ClientCallImpl$ClientStreamListenerImpl.access$900(ClientCallImpl.java:577) ~[grpc-core-1.28.1.jar:1.28.1]
	at io.grpc.internal.ClientCallImpl$ClientStreamListenerImpl$1StreamClosed.runInternal(ClientCallImpl.java:751) ~[grpc-core-1.28.1.jar:1.28.1]
	at io.grpc.internal.ClientCallImpl$ClientStreamListenerImpl$1StreamClosed.runInContext(ClientCallImpl.java:740) ~[grpc-core-1.28.1.jar:1.28.1]
	at io.grpc.internal.ContextRunnable.run(ContextRunnable.java:37) ~[grpc-core-1.28.1.jar:1.28.1]
	at io.grpc.internal.SerializingExecutor.run(SerializingExecutor.java:123) ~[grpc-core-1.28.1.jar:1.28.1]
	at java.base/java.util.concurrent.ThreadPoolExecutor.runWorker(ThreadPoolExecutor.java:1128) ~[na:na]
	at java.base/java.util.concurrent.ThreadPoolExecutor$Worker.run(ThreadPoolExecutor.java:628) ~[na:na]
	at java.base/java.lang.Thread.run(Thread.java:834) ~[na:na]
Caused by: java.lang.RuntimeException: java.net.UnknownHostException: **-zeebe
	at io.grpc.internal.DnsNameResolver.resolveAll(DnsNameResolver.java:436) ~[grpc-core-1.28.1.jar:1.28.1]
	at io.grpc.internal.DnsNameResolver$Resolve.resolveInternal(DnsNameResolver.java:272) ~[grpc-core-1.28.1.jar:1.28.1]
	at io.grpc.internal.DnsNameResolver$Resolve.run(DnsNameResolver.java:228) ~[grpc-core-1.28.1.jar:1.28.1]
	... 3 common frames omitted
Caused by: java.net.UnknownHostException: **-zeebe
	at java.base/java.net.InetAddress$CachedAddresses.get(InetAddress.java:797) ~[na:na]
	at java.base/java.net.InetAddress.getAllByName0(InetAddress.java:1505) ~[na:na]
	at java.base/java.net.InetAddress.getAllByName(InetAddress.java:1364) ~[na:na]
	at java.base/java.net.InetAddress.getAllByName(InetAddress.java:1298) ~[na:na]
	at io.grpc.internal.DnsNameResolver$JdkAddressResolver.resolveAddress(DnsNameResolver.java:646) ~[grpc-core-1.28.1.jar:1.28.1]
	at io.grpc.internal.DnsNameResolver.resolveAll(DnsNameResolver.java:404) ~[grpc-core-1.28.1.jar:1.28.1]
	... 5 common frames omitted

2020-05-26 14:24:42.224  WARN 72 --- [ault-executor-0] io.zeebe.client.job.poller               : Failed to activated jobs for worker agenda-worker and job type agenda-publish

io.grpc.StatusRuntimeException: UNAVAILABLE: Unable to resolve host **-zeebe
	at io.grpc.Status.asRuntimeException(Status.java:533) ~[grpc-api-1.28.1.jar:1.28.1]
	at io.grpc.stub.ClientCalls$StreamObserverToCallListenerAdapter.onClose(ClientCalls.java:449) ~[grpc-stub-1.28.1.jar:1.28.1]
	at io.grpc.internal.ClientCallImpl.closeObserver(ClientCallImpl.java:426) ~[grpc-core-1.28.1.jar:1.28.1]
	at io.grpc.internal.ClientCallImpl.access$500(ClientCallImpl.java:66) ~[grpc-core-1.28.1.jar:1.28.1]
	at io.grpc.internal.ClientCallImpl$ClientStreamListenerImpl.close(ClientCallImpl.java:689) ~[grpc-core-1.28.1.jar:1.28.1]
	at io.grpc.internal.ClientCallImpl$ClientStreamListenerImpl.access$900(ClientCallImpl.java:577) ~[grpc-core-1.28.1.jar:1.28.1]
	at io.grpc.internal.ClientCallImpl$ClientStreamListenerImpl$1StreamClosed.runInternal(ClientCallImpl.java:751) ~[grpc-core-1.28.1.jar:1.28.1]
	at io.grpc.internal.ClientCallImpl$ClientStreamListenerImpl$1StreamClosed.runInContext(ClientCallImpl.java:740) ~[grpc-core-1.28.1.jar:1.28.1]
	at io.grpc.internal.ContextRunnable.run(ContextRunnable.java:37) ~[grpc-core-1.28.1.jar:1.28.1]
	at io.grpc.internal.SerializingExecutor.run(SerializingExecutor.java:123) ~[grpc-core-1.28.1.jar:1.28.1]
	at java.base/java.util.concurrent.ThreadPoolExecutor.runWorker(ThreadPoolExecutor.java:1128) ~[na:na]
	at java.base/java.util.concurrent.ThreadPoolExecutor$Worker.run(ThreadPoolExecutor.java:628) ~[na:na]
	at java.base/java.lang.Thread.run(Thread.java:834) ~[na:na]
Caused by: java.lang.RuntimeException: java.net.UnknownHostException: **-zeebe
	at io.grpc.internal.DnsNameResolver.resolveAll(DnsNameResolver.java:436) ~[grpc-core-1.28.1.jar:1.28.1]
	at io.grpc.internal.DnsNameResolver$Resolve.resolveInternal(DnsNameResolver.java:272) ~[grpc-core-1.28.1.jar:1.28.1]
	at io.grpc.internal.DnsNameResolver$Resolve.run(DnsNameResolver.java:228) ~[grpc-core-1.28.1.jar:1.28.1]
	... 3 common frames omitted
Caused by: java.net.UnknownHostException: **-zeebe
	at java.base/java.net.InetAddress$CachedAddresses.get(InetAddress.java:797) ~[na:na]
	at java.base/java.net.InetAddress.getAllByName0(InetAddress.java:1505) ~[na:na]
	at java.base/java.net.InetAddress.getAllByName(InetAddress.java:1364) ~[na:na]
	at java.base/java.net.InetAddress.getAllByName(InetAddress.java:1298) ~[na:na]
	at io.grpc.internal.DnsNameResolver$JdkAddressResolver.resolveAddress(DnsNameResolver.java:646) ~[grpc-core-1.28.1.jar:1.28.1]
	at io.grpc.internal.DnsNameResolver.resolveAll(DnsNameResolver.java:404) ~[grpc-core-1.28.1.jar:1.28.1]
	... 5 common frames omitted

[WARNING] ForkStarter IOException: org.springframework.test.context.CacheAwareContextLoaderDelegate)]
 using SpringBootContextLoader
 Context.groovy}.
 non-private, non-final, nested classes annotated with @Configuration.
 org.springframework.boot.test.mock.mockito.ResetMocksTestExecutionListener, org.springframework.boot.test.autoconfigure.restdocs.RestDocsTestExecutionListener, org.springframework.boot.test.autoconfigure.web.client.MockRestServiceServerResetTestExecutionListener, org.springframework.boot.test.autoconfigure.web.servlet.MockMvcPrintOnlyOnFailureTestExecutionListener, org.springframework.boot.test.autoconfigure.web.servlet.WebDriverTestExecutionListener, org.springframework.test.context.web.ServletTestExecutionListener, org.springframework.test.context.support.DirtiesContextBeforeModesTestExecutionListener, org.springframework.test.context.support.DependencyInjectionTestExecutionListener, org.springframework.test.context.support.DirtiesContextTestExecutionListener, org.springframework.test.context.transaction.TransactionalTestExecutionListener, org.springframework.test.context.jdbc.SqlScriptsTestExecutionListener, org.springframework.test.context.event.EventPublishingTestExecutionListener]
 org.springframework.boot.test.mock.mockito.MockitoTestExecutionListener@487db668, org.springframework.boot.test.autoconfigure.SpringBootDependencyInjectionTestExecutionListener@46944ca9, org.springframework.test.context.support.DirtiesContextTestExecutionListener@22bac7bc, org.springframework.test.context.event.EventPublishingTestExecutionListener@63798ca7, org.springframework.boot.test.mock.mockito.ResetMocksTestExecutionListener@4612b856, org.springframework.boot.test.autoconfigure.restdocs.RestDocsTestExecutionListener@22875539, org.springframework.boot.test.autoconfigure.web.client.MockRestServiceServerResetTestExecutionListener@5674e1f2, org.springframework.boot.test.autoconfigure.web.servlet.MockMvcPrintOnlyOnFailureTestExecutionListener@79c7532f, org.springframework.boot.test.autoconfigure.web.servlet.WebDriverTestExecutionListener@2a448449]. See the dump file /workspace/source/target/surefire-reports/2020-05-26T14-24-16_410-jvmRun1.dumpstream
[INFO] 
[INFO] Results:
[INFO] 
[INFO] Tests run: 1, Failures: 0, Errors: 0, Skipped: 0
[INFO] 
[INFO] 
[INFO] --- maven-jar-plugin:3.1.2:jar (default-jar) @ fmtok8s-agenda ---
[INFO] Building jar: /workspace/source/target/fmtok8s-agenda-0.0.19.jar
[INFO] 
[INFO] --- spring-boot-maven-plugin:2.2.6.RELEASE:repackage (repackage) @ fmtok8s-agenda ---
[INFO] Replacing main artifact with repackaged archive
[INFO] 
[INFO] --- maven-install-plugin:2.5.2:install (default-install) @ fmtok8s-agenda ---
[INFO] Installing /workspace/source/target/fmtok8s-agenda-0.0.19.jar to /home/jenkins/.mvnrepository/com/*******/conferences/fmtok8s-agenda/0.0.19/fmtok8s-agenda-0.0.19.jar
[INFO] Installing /workspace/source/pom.xml to /home/jenkins/.mvnrepository/com/*******/conferences/fmtok8s-agenda/0.0.19/fmtok8s-agenda-0.0.19.pom
[INFO] 
[INFO] --- maven-deploy-plugin:2.8.2:deploy (default-deploy) @ fmtok8s-agenda ---
[INFO] Using alternate deployment repository local-nexus::default::http://nexus/repository/maven-releases/
[INFO] ------------------------------------------------------------------------
[INFO] BUILD SUCCESS
[INFO] ------------------------------------------------------------------------
[INFO] Total time:  59.917 s
[INFO] Finished at: 2020-05-26T14:24:49Z
[INFO] ------------------------------------------------------------------------

Showing logs for build [32msalaboy-fmtok8s-agenda-master-r-fwgpw-6[0m stage [32mfrom-build-pack[0m and container [32mstep-build-skaffold-version[0m
v1.0.1

Showing logs for build [32msalaboy-fmtok8s-agenda-master-r-fwgpw-6[0m stage [32mfrom-build-pack[0m and container [32mstep-build-container-build[0m
E0526 14:24:52.016578      11 aws_credentials.go:77] while getting AWS credentials NoCredentialProviders: no valid providers in chain. Deprecated.
	For verbose messaging see aws.Config.CredentialsChainVerboseErrors
[36mINFO[0m[0001] Using dockerignore file: /workspace/source/.dockerignore 
[36mINFO[0m[0001] Retrieving image manifest openjdk:11-jre-slim 
E0526 14:24:52.382254      11 metadata.go:154] while reading 'google-dockercfg' metadata: http status code: 404 while fetching url http://metadata.google.internal./computeMetadata/v1/instance/attributes/google-dockercfg
E0526 14:24:52.385143      11 metadata.go:166] while reading 'google-dockercfg-url' metadata: http status code: 404 while fetching url http://metadata.google.internal./computeMetadata/v1/instance/attributes/google-dockercfg-url
[36mINFO[0m[0002] Retrieving image manifest openjdk:11-jre-slim 
[36mINFO[0m[0004] Built cross stage deps: map[]                
[36mINFO[0m[0004] Retrieving image manifest openjdk:11-jre-slim 
[36mINFO[0m[0005] Retrieving image manifest openjdk:11-jre-slim 
[36mINFO[0m[0006] Executing 0 build triggers                   
[36mINFO[0m[0006] cmd: EXPOSE                                  
[36mINFO[0m[0006] Adding exposed port: 8080/tcp                
[36mINFO[0m[0006] Resolving srcs [pom.xml target/lib*]...      
[36mINFO[0m[0006] Checking for cached layer gcr.io/camunda-researchanddevelopment/cache:a91f37d06cc81cce63c188559cf48b4fc5c7b15212064180ad712a7c557d1800... 
[36mINFO[0m[0006] No cached layer found for cmd COPY pom.xml target/lib* /opt/lib/ 
[36mINFO[0m[0006] Resolving srcs [target/*.jar]...             
[36mINFO[0m[0006] Unpacking rootfs as cmd COPY pom.xml target/lib* /opt/lib/ requires it. 
[36mINFO[0m[0012] ENV PORT 8080                                
[36mINFO[0m[0012] No files changed in this command, skipping snapshotting. 
[36mINFO[0m[0012] ENV CLASSPATH /opt/lib                       
[36mINFO[0m[0012] No files changed in this command, skipping snapshotting. 
[36mINFO[0m[0012] EXPOSE 8080                                  
[36mINFO[0m[0012] cmd: EXPOSE                                  
[36mINFO[0m[0012] Adding exposed port: 8080/tcp                
[36mINFO[0m[0012] No files changed in this command, skipping snapshotting. 
[36mINFO[0m[0012] Resolving srcs [pom.xml target/lib*]...      
[36mINFO[0m[0012] COPY pom.xml target/lib* /opt/lib/           
[36mINFO[0m[0012] Resolving srcs [pom.xml target/lib*]...      
[36mINFO[0m[0012] Resolving 1 paths                            
[36mINFO[0m[0012] Taking snapshot of files...                  
[36mINFO[0m[0012] Pushing layer gcr.io/camunda-researchanddevelopment/cache:a91f37d06cc81cce63c188559cf48b4fc5c7b15212064180ad712a7c557d1800 to cache now 
[36mINFO[0m[0012] Resolving srcs [target/*.jar]...             
[36mINFO[0m[0012] COPY target/*.jar /opt/app.jar               
[36mINFO[0m[0012] Resolving srcs [target/*.jar]...             
[36mINFO[0m[0012] Resolving 1 paths                            
[36mINFO[0m[0012] Taking snapshot of files...                  
[36mINFO[0m[0014] Pushing layer gcr.io/camunda-researchanddevelopment/cache:ee4071b39330243e842cf738ac3dec14d8d116b6fd848a46c3ebcce8566794fe to cache now 
[36mINFO[0m[0014] WORKDIR /opt                                 
[36mINFO[0m[0014] cmd: workdir                                 
[36mINFO[0m[0014] Changed working directory to /opt            
[36mINFO[0m[0014] No files changed in this command, skipping snapshotting. 
[36mINFO[0m[0014] ENTRYPOINT exec java $JAVA_OPTS -jar app.jar 
[36mINFO[0m[0014] No files changed in this command, skipping snapshotting. 

Showing logs for build [32msalaboy-fmtok8s-agenda-master-r-fwgpw-6[0m stage [32mfrom-build-pack[0m and container [32mstep-build-post-build[0m
no CVE provider running in the current ** namespace so skip adding image to be analysed

Showing logs for build [32msalaboy-fmtok8s-agenda-master-r-fwgpw-6[0m stage [32mfrom-build-pack[0m and container [32mstep-promote-changelog[0m
Converted /workspace/source/charts/fmtok8s-agenda to an unshallow repository
Generating change log from git ref fdbeac152aa2a93ea57a5699943818c81a7e9389 => 575d6c08e1651dfa555618375649e2b7e4310816
Associating user x-0 in users.jenkins.io with email *******@gmail.com to git GitProvider user with login -0 as emails match
Adding label jenkins.io/git-github-userid=-0 to user x-0 in users.jenkins.io
WARNING: Failed to enrich commit e9c3451df603796363280d2054bd6702591bd410 with issues: User.jenkins.io "x-0" is invalid: metadata.labels: Invalid value: "-0": a valid label must be an empty string or consist of alphanumeric characters, '-', '_' or '.', and must start and end with an alphanumeric character (e.g. 'MyValue',  or 'my_value',  or '12345', regex used for validation is '(([A-Za-z0-9][-A-Za-z0-9_.]*)?[A-Za-z0-9])?')
Associating user x-0 in users.jenkins.io with email *******@gmail.com to git GitProvider user with login -0 as emails match
Adding label jenkins.io/git-github-userid=-0 to user x-0 in users.jenkins.io
WARNING: Failed to enrich commit e9c3451df603796363280d2054bd6702591bd410 with issues: User.jenkins.io "x-0" is invalid: metadata.labels: Invalid value: "-0": a valid label must be an empty string or consist of alphanumeric characters, '-', '_' or '.', and must start and end with an alphanumeric character (e.g. 'MyValue',  or 'my_value',  or '12345', regex used for validation is '(([A-Za-z0-9][-A-Za-z0-9_.]*)?[A-Za-z0-9])?')
Finding issues in commit messages using git format
WARNING: No release found for *******/fmtok8s-agenda and tag v0.0.19 so creating a new release
Updated the release information at https://github.com/*******/fmtok8s-agenda/releases/tag/v0.0.19
generated: /workspace/source/charts/fmtok8s-agenda/templates/release.yaml
Created Release fmtok8s-agenda-0-0-19 resource in namespace **
Updating PipelineActivity *******-fmtok8s-agenda-master-6 with version 0.0.19
Updated PipelineActivities *******-fmtok8s-agenda-master-6 with release notes URL: https://github.com/*******/fmtok8s-agenda/releases/tag/v0.0.19

Showing logs for build [32msalaboy-fmtok8s-agenda-master-r-fwgpw-6[0m stage [32mfrom-build-pack[0m and container [32mstep-promote-helm-release[0m
WARNING: No $CHART_REPOSITORY defined so using the default value of: http://jenkins-x-chartmuseum:8080
Adding missing Helm repo: storage.googleapis.com https://storage.googleapis.com/chartmuseum.jenkins-x.io
Successfully added Helm repository storage.googleapis.com.
Adding missing Helm repo: jenkins-x-chartmuseum http://jenkins-x-chartmuseum:8080
Successfully added Helm repository jenkins-x-chartmuseum.
WARNING: No $CHART_REPOSITORY defined so using the default value of: http://jenkins-x-chartmuseum:8080
Uploading chart file fmtok8s-agenda-0.0.19.tgz to http://jenkins-x-chartmuseum:8080/api/charts
Received 201 response: {"saved":true}

Showing logs for build [32msalaboy-fmtok8s-agenda-master-r-fwgpw-6[0m stage [32mfrom-build-pack[0m and container [32mstep-promote-jx-promote[0m
WARNING: prow based install so skip waiting for the merge of Pull Requests to go green as currently there is an issue with gettingstatuses from the PR, see https://github.com/jenkins-x/**/issues/2410
WARNING: No $CHART_REPOSITORY defined so using the default value of: http://jenkins-x-chartmuseum:8080
Promoting app fmtok8s-agenda version 0.0.19 to namespace **-staging
Created Pull Request: https://github.com/*******/environment-jnation-tests-staging/pull/19
Added label updatebot to Pull Request https://github.com/*******/environment-jnation-tests-staging/pull/19
got git provider status pending from PR https://github.com/*******/environment-jnation-tests-staging/pull/19
Pull Request https://github.com/*******/environment-jnation-tests-staging/pull/19 is merged at sha 52de8c08b77a4b069881938c69403a96e86c842f
Pull Request merged but we are not waiting for the update pipeline to complete!

Showing logs for build [32msalaboy-fmtok8s-agenda-master-r-fwgpw-6[0m stage [32mfrom-build-pack[0m and container [32mstep-promote-step10[0m
Using https://github.com/*******/fmtok8s-agenda as source for change discovered from git repo in /workspace/source
Updated Pull Request: https://github.com/*******/fmtok8s-kubecon-app/pull/15
Added label updatebot to Pull Request https://github.com/*******/fmtok8s-kubecon-app/pull/15
