
Showing logs for build [32msalaboy-fmtok8s-agenda-master-r-d4tb8-8[0m stage [32mfrom-build-pack[0m and container [32mstep-credential-initializer-ngcbp[0m
{"level":"info","ts":1590744141.526452,"logger":"fallback-logger","caller":"logging/config.go:69","msg":"Fetch GitHub commit ID from kodata failed: open /var/run/ko/refs/heads/0.8.0-ns-support: no such file or directory"}
{"level":"info","ts":1590744141.527386,"logger":"fallback-logger","caller":"creds-init/main.go:40","msg":"Credentials initialized."}

Showing logs for build [32msalaboy-fmtok8s-agenda-master-r-d4tb8-8[0m stage [32mfrom-build-pack[0m and container [32mstep-working-dir-initializer-th4p8[0m
{"level":"info","ts":1590744142.8033078,"logger":"fallback-logger","caller":"logging/config.go:69","msg":"Fetch GitHub commit ID from kodata failed: open /var/run/ko/HEAD: no such file or directory"}
{"level":"info","ts":1590744142.8169985,"logger":"fallback-logger","caller":"bash/main.go:64","msg":"Successfully executed command \"sh -c mkdir -p /workspace/source\"; output "}

Showing logs for build [32msalaboy-fmtok8s-agenda-master-r-d4tb8-8[0m stage [32mfrom-build-pack[0m and container [32mstep-place-tools[0m

Showing logs for build [32msalaboy-fmtok8s-agenda-master-r-d4tb8-8[0m stage [32mfrom-build-pack[0m and container [32mstep-git-source-salaboy-fmtok8s-agenda-master-r-d4tb8-gbs8n[0m
{"level":"info","ts":1590744149.93105,"logger":"fallback-logger","caller":"logging/config.go:69","msg":"Fetch GitHub commit ID from kodata failed: open /var/run/ko/refs/heads/0.8.0-ns-support: no such file or directory"}
{"level":"info","ts":1590744151.2321446,"logger":"fallback-logger","caller":"git/git.go:103","msg":"Successfully cloned https://github.com/*******/fmtok8s-agenda.git @ v0.0.21 in path /workspace/source"}

Showing logs for build [32msalaboy-fmtok8s-agenda-master-r-d4tb8-8[0m stage [32mfrom-build-pack[0m and container [32mstep-git-merge[0m
Using SHAs from PULL_REFS=master:912d6041af1b0acc1833aae8737720b9b748d6af
WARNING: no SHAs to merge, falling back to initial cloned commit

Showing logs for build [32msalaboy-fmtok8s-agenda-master-r-d4tb8-8[0m stage [32mfrom-build-pack[0m and container [32mstep-setup-jx-git-credentials[0m
Generated Git credentials file /workspace/xdg_config/git/credentials

Showing logs for build [32msalaboy-fmtok8s-agenda-master-r-d4tb8-8[0m stage [32mfrom-build-pack[0m and container [32mstep-build-mvn-deploy[0m
Picked up _JAVA_OPTIONS: -XX:+UnlockExperimentalVMOptions -Dsun.zip.disableMemoryMapping=true -XX:+UseParallelGC -XX:MinHeapFreeRatio=5 -XX:MaxHeapFreeRatio=10 -XX:GCTimeRatio=4 -XX:AdaptiveSizePolicyWeight=90 -Xms10m -Xmx192m
[INFO] Scanning for projects...
[INFO] 
[INFO] ---------------< com.*******.conferences:fmtok8s-agenda >---------------
[INFO] Building From Monolith to K8S :: Agenda Service 0.0.21
[INFO] --------------------------------[ jar ]---------------------------------
[INFO] 
[INFO] --- maven-clean-plugin:3.1.0:clean (default-clean) @ fmtok8s-agenda ---
[INFO] 
[INFO] --- maven-resources-plugin:3.1.0:resources (default-resources) @ fmtok8s-agenda ---
[INFO] Using 'UTF-8' encoding to copy filtered resources.
[INFO] Copying 1 resource
[INFO] Copying 0 resource
[INFO] 
[INFO] --- maven-compiler-plugin:3.8.1:compile (default-compile) @ fmtok8s-agenda ---
[INFO] Changes detected - recompiling the module!
[INFO] Compiling 3 source files to /workspace/source/target/classes
[INFO] 
[INFO] --- maven-resources-plugin:3.1.0:testResources (default-testResources) @ fmtok8s-agenda ---
[INFO] Using 'UTF-8' encoding to copy filtered resources.
[INFO] skip non existing resourceDirectory /workspace/source/src/test/resources
[INFO] 
[INFO] --- maven-compiler-plugin:3.8.1:testCompile (default-testCompile) @ fmtok8s-agenda ---
[INFO] Changes detected - recompiling the module!
[INFO] Compiling 1 source file to /workspace/source/target/test-classes
[INFO] 
[INFO] --- maven-surefire-plugin:3.0.0-M1:test (default-test) @ fmtok8s-agenda ---
[INFO] 
[INFO] -------------------------------------------------------
[INFO]  T E S T S
[INFO] -------------------------------------------------------
[WARNING] Corrupted STDOUT by directly writing to native stream in forked JVM 1. See FAQ web page and the dump file /workspace/source/target/surefire-reports/2020-05-29T09-23-10_386-jvmRun1.dumpstream
09:23:14.984 [main] DEBUG org.springframework.test.context.junit4.SpringJUnit4ClassRunner - SpringJUnit4ClassRunner constructor called with [class com.*******.conferences.agenda.DemoApplicationTests]
09:23:15.040 [main] DEBUG org.springframework.test.context.BootstrapUtils - Instantiating CacheAwareContextLoaderDelegate from class [org.springframework.test.context.cache.DefaultCacheAwareContextLoaderDelegate]
09:23:15.041 [main] DEBUG org.springframework.test.context.BootstrapUtils - Instantiating BootstrapContext using constructor [public org.springframework.test.context.support.DefaultBootstrapContext(java.lang.Class,org.springframework.test.context.CacheAwareContextLoaderDelegate)]
09:23:15.043 [main] DEBUG org.springframework.test.context.BootstrapUtils - Instantiating TestContextBootstrapper for test class [com.*******.conferences.agenda.DemoApplicationTests] from class [org.springframework.boot.test.context.SpringBootTestContextBootstrapper]
09:23:15.046 [main] INFO org.springframework.boot.test.context.SpringBootTestContextBootstrapper - Neither @ContextConfiguration nor @ContextHierarchy found for test class [com.*******.conferences.agenda.DemoApplicationTests], using SpringBootContextLoader
09:23:15.047 [main] DEBUG org.springframework.test.context.support.AbstractContextLoader - Did not detect default resource location for test class [com.*******.conferences.agenda.DemoApplicationTests]: class path resource [com/*******/conferences/agenda/DemoApplicationTests-context.xml] does not exist
09:23:15.048 [main] DEBUG org.springframework.test.context.support.AbstractContextLoader - Did not detect default resource location for test class [com.*******.conferences.agenda.DemoApplicationTests]: class path resource [com/*******/conferences/agenda/DemoApplicationTestsContext.groovy] does not exist
09:23:15.049 [main] INFO org.springframework.test.context.support.AbstractContextLoader - Could not detect default resource locations for test class [com.*******.conferences.agenda.DemoApplicationTests]: no resource found for suffixes {-context.xml, Context.groovy}.
09:23:15.054 [main] INFO org.springframework.test.context.support.AnnotationConfigContextLoaderUtils - Could not detect default configuration classes for test class [com.*******.conferences.agenda.DemoApplicationTests]: DemoApplicationTests does not declare any static, non-private, non-final, nested classes annotated with @Configuration.
09:23:15.059 [main] DEBUG org.springframework.test.context.support.ActiveProfilesUtils - Could not find an 'annotation declaring class' for annotation type [org.springframework.test.context.ActiveProfiles] and class [com.*******.conferences.agenda.DemoApplicationTests]
09:23:15.060 [main] INFO org.springframework.boot.test.context.SpringBootTestContextBootstrapper - Found @SpringBootConfiguration com.*******.conferences.agenda.DemoApplication for test class com.*******.conferences.agenda.DemoApplicationTests
09:23:15.066 [main] DEBUG org.springframework.boot.test.context.SpringBootTestContextBootstrapper - @TestExecutionListeners is not present for class [com.*******.conferences.agenda.DemoApplicationTests]: using defaults.
09:23:15.067 [main] INFO org.springframework.boot.test.context.SpringBootTestContextBootstrapper - Loaded default TestExecutionListener class names from location [META-INF/spring.factories]: [org.springframework.boot.test.mock.mockito.MockitoTestExecutionListener, org.springframework.boot.test.mock.mockito.ResetMocksTestExecutionListener, org.springframework.boot.test.autoconfigure.restdocs.RestDocsTestExecutionListener, org.springframework.boot.test.autoconfigure.web.client.MockRestServiceServerResetTestExecutionListener, org.springframework.boot.test.autoconfigure.web.servlet.MockMvcPrintOnlyOnFailureTestExecutionListener, org.springframework.boot.test.autoconfigure.web.servlet.WebDriverTestExecutionListener, org.springframework.test.context.web.ServletTestExecutionListener, org.springframework.test.context.support.DirtiesContextBeforeModesTestExecutionListener, org.springframework.test.context.support.DependencyInjectionTestExecutionListener, org.springframework.test.context.support.DirtiesContextTestExecutionListener, org.springframework.test.context.transaction.TransactionalTestExecutionListener, org.springframework.test.context.jdbc.SqlScriptsTestExecutionListener, org.springframework.test.context.event.EventPublishingTestExecutionListener]
09:23:15.070 [main] DEBUG org.springframework.boot.test.context.SpringBootTestContextBootstrapper - Skipping candidate TestExecutionListener [org.springframework.test.context.web.ServletTestExecutionListener] due to a missing dependency. Specify custom listener classes or make the default listener classes and their required dependencies available. Offending class: [javax/servlet/ServletContext]
09:23:15.073 [main] DEBUG org.springframework.boot.test.context.SpringBootTestContextBootstrapper - Skipping candidate TestExecutionListener [org.springframework.test.context.transaction.TransactionalTestExecutionListener] due to a missing dependency. Specify custom listener classes or make the default listener classes and their required dependencies available. Offending class: [org/springframework/transaction/TransactionDefinition]
09:23:15.077 [main] DEBUG org.springframework.boot.test.context.SpringBootTestContextBootstrapper - Skipping candidate TestExecutionListener [org.springframework.test.context.jdbc.SqlScriptsTestExecutionListener] due to a missing dependency. Specify custom listener classes or make the default listener classes and their required dependencies available. Offending class: [org/springframework/transaction/interceptor/TransactionAttribute]
09:23:15.078 [main] INFO org.springframework.boot.test.context.SpringBootTestContextBootstrapper - Using TestExecutionListeners: [org.springframework.test.context.support.DirtiesContextBeforeModesTestExecutionListener@1817f1eb, org.springframework.boot.test.mock.mockito.MockitoTestExecutionListener@767e20cf, org.springframework.boot.test.autoconfigure.SpringBootDependencyInjectionTestExecutionListener@3a3e78f, org.springframework.test.context.support.DirtiesContextTestExecutionListener@301ec38b, org.springframework.test.context.event.EventPublishingTestExecutionListener@17a1e4ca, org.springframework.boot.test.mock.mockito.ResetMocksTestExecutionListener@10ded6a9, org.springframework.boot.test.autoconfigure.restdocs.RestDocsTestExecutionListener@c5dc4a2, org.springframework.boot.test.autoconfigure.web.client.MockRestServiceServerResetTestExecutionListener@4a194c39, org.springframework.boot.test.autoconfigure.web.servlet.MockMvcPrintOnlyOnFailureTestExecutionListener@52066604, org.springframework.boot.test.autoconfigure.web.servlet.WebDriverTestExecutionListener@340b9973]
09:23:15.080 [main] DEBUG org.springframework.test.annotation.ProfileValueUtils - Retrieved @ProfileValueSourceConfiguration [null] for test class [com.*******.conferences.agenda.DemoApplicationTests]
09:23:15.080 [main] DEBUG org.springframework.test.annotation.ProfileValueUtils - Retrieved ProfileValueSource type [class org.springframework.test.annotation.SystemProfileValueSource] for class [com.*******.conferences.agenda.DemoApplicationTests]
09:23:15.454 [main] DEBUG org.springframework.test.annotation.ProfileValueUtils - Retrieved @ProfileValueSourceConfiguration [null] for test class [com.*******.conferences.agenda.DemoApplicationTests]
09:23:15.454 [main] DEBUG org.springframework.test.annotation.ProfileValueUtils - Retrieved ProfileValueSource type [class org.springframework.test.annotation.SystemProfileValueSource] for class [com.*******.conferences.agenda.DemoApplicationTests]
[INFO] Running com.*******.conferences.agenda.DemoApplicationTests
09:23:15.475 [main] DEBUG org.springframework.test.annotation.ProfileValueUtils - Retrieved @ProfileValueSourceConfiguration [null] for test class [com.*******.conferences.agenda.DemoApplicationTests]
09:23:15.475 [main] DEBUG org.springframework.test.annotation.ProfileValueUtils - Retrieved ProfileValueSource type [class org.springframework.test.annotation.SystemProfileValueSource] for class [com.*******.conferences.agenda.DemoApplicationTests]
09:23:15.477 [main] DEBUG org.springframework.test.annotation.ProfileValueUtils - Retrieved @ProfileValueSourceConfiguration [null] for test class [com.*******.conferences.agenda.DemoApplicationTests]
09:23:15.477 [main] DEBUG org.springframework.test.annotation.ProfileValueUtils - Retrieved ProfileValueSource type [class org.springframework.test.annotation.SystemProfileValueSource] for class [com.*******.conferences.agenda.DemoApplicationTests]
09:23:15.539 [main] DEBUG org.springframework.test.context.support.AbstractDirtiesContextTestExecutionListener - Before test class: context [DefaultTestContext@a4ca3f6 testClass = DemoApplicationTests, testInstance = [null], testMethod = [null], testException = [null], mergedContextConfiguration = [ReactiveWebMergedContextConfiguration@72ea6193 testClass = DemoApplicationTests, locations = '{}', classes = '{class com.*******.conferences.agenda.DemoApplication}', contextInitializerClasses = '[]', activeProfiles = '{}', propertySourceLocations = '{}', propertySourceProperties = '{org.springframework.boot.test.context.SpringBootTestContextBootstrapper=true}', contextCustomizers = set[org.springframework.boot.test.context.filter.ExcludeFilterContextCustomizer@2b40ff9c, org.springframework.boot.test.json.DuplicateJsonObjectContextCustomizerFactory$DuplicateJsonObjectContextCustomizer@8462f31, org.springframework.boot.test.mock.mockito.MockitoContextCustomizer@0, org.springframework.boot.test.web.client.TestRestTemplateContextCustomizer@1040be71, org.springframework.boot.test.web.reactive.server.WebTestClientContextCustomizer@52f27fbd, org.springframework.boot.test.autoconfigure.properties.PropertyMappingContextCustomizer@0, org.springframework.boot.test.autoconfigure.web.servlet.WebDriverContextCustomizerFactory$Customizer@5f8e8a9d], contextLoader = 'org.springframework.boot.test.context.SpringBootContextLoader', parent = [null]], attributes = map[[empty]]], class annotated with @DirtiesContext [false] with mode [null].
09:23:15.555 [main] DEBUG org.springframework.test.annotation.ProfileValueUtils - Retrieved @ProfileValueSourceConfiguration [null] for test class [com.*******.conferences.agenda.DemoApplicationTests]
09:23:15.555 [main] DEBUG org.springframework.test.annotation.ProfileValueUtils - Retrieved ProfileValueSource type [class org.springframework.test.annotation.SystemProfileValueSource] for class [com.*******.conferences.agenda.DemoApplicationTests]
09:23:15.572 [main] DEBUG org.springframework.test.context.support.DependencyInjectionTestExecutionListener - Performing dependency injection for test context [[DefaultTestContext@a4ca3f6 testClass = DemoApplicationTests, testInstance = com.*******.conferences.agenda.DemoApplicationTests@6941827a, testMethod = [null], testException = [null], mergedContextConfiguration = [ReactiveWebMergedContextConfiguration@72ea6193 testClass = DemoApplicationTests, locations = '{}', classes = '{class com.*******.conferences.agenda.DemoApplication}', contextInitializerClasses = '[]', activeProfiles = '{}', propertySourceLocations = '{}', propertySourceProperties = '{org.springframework.boot.test.context.SpringBootTestContextBootstrapper=true}', contextCustomizers = set[org.springframework.boot.test.context.filter.ExcludeFilterContextCustomizer@2b40ff9c, org.springframework.boot.test.json.DuplicateJsonObjectContextCustomizerFactory$DuplicateJsonObjectContextCustomizer@8462f31, org.springframework.boot.test.mock.mockito.MockitoContextCustomizer@0, org.springframework.boot.test.web.client.TestRestTemplateContextCustomizer@1040be71, org.springframework.boot.test.web.reactive.server.WebTestClientContextCustomizer@52f27fbd, org.springframework.boot.test.autoconfigure.properties.PropertyMappingContextCustomizer@0, org.springframework.boot.test.autoconfigure.web.servlet.WebDriverContextCustomizerFactory$Customizer@5f8e8a9d], contextLoader = 'org.springframework.boot.test.context.SpringBootContextLoader', parent = [null]], attributes = map[[empty]]]].
09:23:15.673 [main] DEBUG org.springframework.test.context.support.TestPropertySourceUtils - Adding inlined properties to environment: {spring.jmx.enabled=false, org.springframework.boot.test.context.SpringBootTestContextBootstrapper=true, server.port=-1}

  .   ____          _            __ _ _
 /\\ / ___'_ __ _ _(_)_ __  __ _ \ \ \ \
( ( )\___ | '_ | '_| | '_ \/ _` | \ \ \ \
 \\/  ___)| |_)| | | | | || (_| |  ) ) ) )
  '  |____| .__|_| |_|_| |_\__, | / / / /
 =========|_|==============|___/=/_/_/_/
 :: Spring Boot ::        (v2.2.6.RELEASE)

2020-05-29 09:23:17.038  INFO 70 --- [           main] c.s.c.agenda.DemoApplicationTests        : Starting DemoApplicationTests on *******-fmtok8s-agenda-master-r-d4tb8-8-from-build-pack-q6ql7-p with PID 70 (started by root in /workspace/source)
2020-05-29 09:23:17.045  INFO 70 --- [           main] c.s.c.agenda.DemoApplicationTests        : No active profile set, falling back to default profiles: default
2020-05-29 09:23:21.468  INFO 70 --- [           main] trationDelegate$BeanPostProcessorChecker : Bean 'io.zeebe.spring.client.config.processor.PostProcessorConfiguration' of type [io.zeebe.spring.client.config.processor.PostProcessorConfiguration] is not eligible for getting processed by all BeanPostProcessors (for example: not eligible for auto-proxying)
2020-05-29 09:23:21.487  INFO 70 --- [           main] trationDelegate$BeanPostProcessorChecker : Bean 'io.zeebe.spring.client.bean.value.factory.ReadAnnotationValueConfiguration' of type [io.zeebe.spring.client.bean.value.factory.ReadAnnotationValueConfiguration] is not eligible for getting processed by all BeanPostProcessors (for example: not eligible for auto-proxying)
2020-05-29 09:23:21.548  INFO 70 --- [           main] trationDelegate$BeanPostProcessorChecker : Bean 'zeebeExpressionResolver' of type [io.zeebe.spring.util.ZeebeExpressionResolver] is not eligible for getting processed by all BeanPostProcessors (for example: not eligible for auto-proxying)
2020-05-29 09:23:21.576  INFO 70 --- [           main] trationDelegate$BeanPostProcessorChecker : Bean 'readZeebeDeploymentValue' of type [io.zeebe.spring.client.bean.value.factory.ReadZeebeDeploymentValue] is not eligible for getting processed by all BeanPostProcessors (for example: not eligible for auto-proxying)
2020-05-29 09:23:21.594  INFO 70 --- [           main] trationDelegate$BeanPostProcessorChecker : Bean 'deploymentPostProcessor' of type [io.zeebe.spring.client.config.processor.DeploymentPostProcessor] is not eligible for getting processed by all BeanPostProcessors (for example: not eligible for auto-proxying)
2020-05-29 09:23:21.637  INFO 70 --- [           main] trationDelegate$BeanPostProcessorChecker : Bean 'readZeebeWorkerValue' of type [io.zeebe.spring.client.bean.value.factory.ReadZeebeWorkerValue] is not eligible for getting processed by all BeanPostProcessors (for example: not eligible for auto-proxying)
2020-05-29 09:23:21.655  INFO 70 --- [           main] trationDelegate$BeanPostProcessorChecker : Bean 'zeebeWorkerPostProcessor' of type [io.zeebe.spring.client.config.processor.ZeebeWorkerPostProcessor] is not eligible for getting processed by all BeanPostProcessors (for example: not eligible for auto-proxying)
2020-05-29 09:23:21.935  INFO 70 --- [           main] trationDelegate$BeanPostProcessorChecker : Bean 'zeebe.client-io.zeebe.spring.client.properties.ZeebeClientConfigurationProperties' of type [io.zeebe.spring.client.properties.ZeebeClientConfigurationProperties] is not eligible for getting processed by all BeanPostProcessors (for example: not eligible for auto-proxying)
2020-05-29 09:23:21.957  INFO 70 --- [           main] trationDelegate$BeanPostProcessorChecker : Bean 'io.zeebe.spring.client.config.ZeebeClientStarterAutoConfiguration' of type [io.zeebe.spring.client.config.ZeebeClientStarterAutoConfiguration$$EnhancerBySpringCGLIB$$7acc89b7] is not eligible for getting processed by all BeanPostProcessors (for example: not eligible for auto-proxying)
2020-05-29 09:23:22.059  INFO 70 --- [           main] trationDelegate$BeanPostProcessorChecker : Bean 'builder' of type [io.zeebe.client.impl.ZeebeClientBuilderImpl] is not eligible for getting processed by all BeanPostProcessors (for example: not eligible for auto-proxying)
2020-05-29 09:23:22.065  INFO 70 --- [           main] trationDelegate$BeanPostProcessorChecker : Bean 'io.zeebe.spring.client.config.ZeebeClientSpringConfiguration' of type [io.zeebe.spring.client.config.ZeebeClientSpringConfiguration] is not eligible for getting processed by all BeanPostProcessors (for example: not eligible for auto-proxying)
2020-05-29 09:23:22.080  INFO 70 --- [           main] trationDelegate$BeanPostProcessorChecker : Bean 'zeebeClientObjectFactory' of type [io.zeebe.spring.client.config.ZeebeClientSpringConfiguration$$Lambda$452/0x0000000100397840] is not eligible for getting processed by all BeanPostProcessors (for example: not eligible for auto-proxying)
2020-05-29 09:23:22.163  INFO 70 --- [           main] trationDelegate$BeanPostProcessorChecker : Bean 'zeebeClientLifecycle' of type [io.zeebe.spring.client.ZeebeClientLifecycle] is not eligible for getting processed by all BeanPostProcessors (for example: not eligible for auto-proxying)
2020-05-29 09:23:22.637  INFO 70 --- [           main] i.z.s.c.c.p.ZeebeWorkerPostProcessor     : zeebeWorker: ClassInfo(bean=com.*******.conferences.agenda.DemoApplication$$EnhancerBySpringCGLIB$$ff99ec7c@493ac8d3, beanName=demoApplication)
2020-05-29 09:23:29.442  INFO 70 --- [           main] o.s.b.a.e.web.EndpointLinksResolver      : Exposing 2 endpoint(s) beneath base path '/actuator'
2020-05-29 09:23:33.452  INFO 70 --- [           main] i.z.s.c.c.p.ZeebeWorkerPostProcessor     : register job worker: ZeebeWorkerValue(type=agenda-publish, name=agenda-worker, timeout=-1, maxJobsActive=-1, beanInfo=MethodInfo(classInfo=ClassInfo(bean=com.*******.conferences.agenda.DemoApplication$$EnhancerBySpringCGLIB$$ff99ec7c@493ac8d3, beanName=demoApplication), method=public void com.*******.conferences.agenda.DemoApplication.newAgendaItemJob(io.zeebe.client.api.worker.JobClient,io.zeebe.client.api.response.ActivatedJob)))
2020-05-29 09:23:33.543  INFO 70 --- [           main] c.s.c.agenda.DemoApplicationTests        : Started DemoApplicationTests in 17.791 seconds (JVM running for 22.1)
2020-05-29 09:23:33.749  WARN 70 --- [ault-executor-0] io.grpc.internal.ManagedChannelImpl      : [Channel<1>: (**-zeebe:26500)] Failed to resolve name. status=Status{code=UNAVAILABLE, description=Unable to resolve host **-zeebe, cause=java.lang.RuntimeException: java.net.UnknownHostException: **-zeebe: Name or service not known
	at io.grpc.internal.DnsNameResolver.resolveAll(DnsNameResolver.java:436)
	at io.grpc.internal.DnsNameResolver$Resolve.resolveInternal(DnsNameResolver.java:272)
	at io.grpc.internal.DnsNameResolver$Resolve.run(DnsNameResolver.java:228)
	at java.base/java.util.concurrent.ThreadPoolExecutor.runWorker(ThreadPoolExecutor.java:1128)
	at java.base/java.util.concurrent.ThreadPoolExecutor$Worker.run(ThreadPoolExecutor.java:628)
	at java.base/java.lang.Thread.run(Thread.java:834)
Caused by: java.net.UnknownHostException: **-zeebe: Name or service not known
	at java.base/java.net.Inet4AddressImpl.lookupAllHostAddr(Native Method)
	at java.base/java.net.InetAddress$PlatformNameService.lookupAllHostAddr(InetAddress.java:929)
	at java.base/java.net.InetAddress.getAddressesFromNameService(InetAddress.java:1515)
	at java.base/java.net.InetAddress$NameServiceAddresses.get(InetAddress.java:848)
	at java.base/java.net.InetAddress.getAllByName0(InetAddress.java:1505)
	at java.base/java.net.InetAddress.getAllByName(InetAddress.java:1364)
	at java.base/java.net.InetAddress.getAllByName(InetAddress.java:1298)
	at io.grpc.internal.DnsNameResolver$JdkAddressResolver.resolveAddress(DnsNameResolver.java:646)
	at io.grpc.internal.DnsNameResolver.resolveAll(DnsNameResolver.java:404)
	... 5 more
}
2020-05-29 09:23:33.788  WARN 70 --- [ault-executor-0] io.zeebe.client.job.poller               : Failed to activated jobs for worker agenda-worker and job type agenda-publish

io.grpc.StatusRuntimeException: UNAVAILABLE: Unable to resolve host **-zeebe
	at io.grpc.Status.asRuntimeException(Status.java:533) ~[grpc-api-1.28.1.jar:1.28.1]
	at io.grpc.stub.ClientCalls$StreamObserverToCallListenerAdapter.onClose(ClientCalls.java:449) ~[grpc-stub-1.28.1.jar:1.28.1]
	at io.grpc.internal.ClientCallImpl.closeObserver(ClientCallImpl.java:426) ~[grpc-core-1.28.1.jar:1.28.1]
	at io.grpc.internal.ClientCallImpl.access$500(ClientCallImpl.java:66) ~[grpc-core-1.28.1.jar:1.28.1]
	at io.grpc.internal.ClientCallImpl$ClientStreamListenerImpl.close(ClientCallImpl.java:689) ~[grpc-core-1.28.1.jar:1.28.1]
	at io.grpc.internal.ClientCallImpl$ClientStreamListenerImpl.access$900(ClientCallImpl.java:577) ~[grpc-core-1.28.1.jar:1.28.1]
	at io.grpc.internal.ClientCallImpl$ClientStreamListenerImpl$1StreamClosed.runInternal(ClientCallImpl.java:751) ~[grpc-core-1.28.1.jar:1.28.1]
	at io.grpc.internal.ClientCallImpl$ClientStreamListenerImpl$1StreamClosed.runInContext(ClientCallImpl.java:740) ~[grpc-core-1.28.1.jar:1.28.1]
	at io.grpc.internal.ContextRunnable.run(ContextRunnable.java:37) ~[grpc-core-1.28.1.jar:1.28.1]
	at io.grpc.internal.SerializingExecutor.run(SerializingExecutor.java:123) ~[grpc-core-1.28.1.jar:1.28.1]
	at java.base/java.util.concurrent.ThreadPoolExecutor.runWorker(ThreadPoolExecutor.java:1128) ~[na:na]
	at java.base/java.util.concurrent.ThreadPoolExecutor$Worker.run(ThreadPoolExecutor.java:628) ~[na:na]
	at java.base/java.lang.Thread.run(Thread.java:834) ~[na:na]
Caused by: java.lang.RuntimeException: java.net.UnknownHostException: **-zeebe: Name or service not known
	at io.grpc.internal.DnsNameResolver.resolveAll(DnsNameResolver.java:436) ~[grpc-core-1.28.1.jar:1.28.1]
	at io.grpc.internal.DnsNameResolver$Resolve.resolveInternal(DnsNameResolver.java:272) ~[grpc-core-1.28.1.jar:1.28.1]
	at io.grpc.internal.DnsNameResolver$Resolve.run(DnsNameResolver.java:228) ~[grpc-core-1.28.1.jar:1.28.1]
	... 3 common frames omitted
Caused by: java.net.UnknownHostException: **-zeebe: Name or service not known
	at java.base/java.net.Inet4AddressImpl.lookupAllHostAddr(Native Method) ~[na:na]
	at java.base/java.net.InetAddress$PlatformNameService.lookupAllHostAddr(InetAddress.java:929) ~[na:na]
	at java.base/java.net.InetAddress.getAddressesFromNameService(InetAddress.java:1515) ~[na:na]
	at java.base/java.net.InetAddress$NameServiceAddresses.get(InetAddress.java:848) ~[na:na]
	at java.base/java.net.InetAddress.getAllByName0(InetAddress.java:1505) ~[na:na]
	at java.base/java.net.InetAddress.getAllByName(InetAddress.java:1364) ~[na:na]
	at java.base/java.net.InetAddress.getAllByName(InetAddress.java:1298) ~[na:na]
	at io.grpc.internal.DnsNameResolver$JdkAddressResolver.resolveAddress(DnsNameResolver.java:646) ~[grpc-core-1.28.1.jar:1.28.1]
	at io.grpc.internal.DnsNameResolver.resolveAll(DnsNameResolver.java:404) ~[grpc-core-1.28.1.jar:1.28.1]
	... 5 common frames omitted

2020-05-29 09:23:34.101  WARN 70 --- [ault-executor-0] io.zeebe.client.job.poller               : Failed to activated jobs for worker agenda-worker and job type agenda-publish

io.grpc.StatusRuntimeException: UNAVAILABLE: Unable to resolve host **-zeebe
	at io.grpc.Status.asRuntimeException(Status.java:533) ~[grpc-api-1.28.1.jar:1.28.1]
	at io.grpc.stub.ClientCalls$StreamObserverToCallListenerAdapter.onClose(ClientCalls.java:449) ~[grpc-stub-1.28.1.jar:1.28.1]
	at io.grpc.internal.ClientCallImpl.closeObserver(ClientCallImpl.java:426) ~[grpc-core-1.28.1.jar:1.28.1]
	at io.grpc.internal.ClientCallImpl.access$500(ClientCallImpl.java:66) ~[grpc-core-1.28.1.jar:1.28.1]
	at io.grpc.internal.ClientCallImpl$ClientStreamListenerImpl.close(ClientCallImpl.java:689) ~[grpc-core-1.28.1.jar:1.28.1]
	at io.grpc.internal.ClientCallImpl$ClientStreamListenerImpl.access$900(ClientCallImpl.java:577) ~[grpc-core-1.28.1.jar:1.28.1]
	at io.grpc.internal.ClientCallImpl$ClientStreamListenerImpl$1StreamClosed.runInternal(ClientCallImpl.java:751) ~[grpc-core-1.28.1.jar:1.28.1]
	at io.grpc.internal.ClientCallImpl$ClientStreamListenerImpl$1StreamClosed.runInContext(ClientCallImpl.java:740) ~[grpc-core-1.28.1.jar:1.28.1]
	at io.grpc.internal.ContextRunnable.run(ContextRunnable.java:37) ~[grpc-core-1.28.1.jar:1.28.1]
	at io.grpc.internal.SerializingExecutor.run(SerializingExecutor.java:123) ~[grpc-core-1.28.1.jar:1.28.1]
	at java.base/java.util.concurrent.ThreadPoolExecutor.runWorker(ThreadPoolExecutor.java:1128) ~[na:na]
	at java.base/java.util.concurrent.ThreadPoolExecutor$Worker.run(ThreadPoolExecutor.java:628) ~[na:na]
	at java.base/java.lang.Thread.run(Thread.java:834) ~[na:na]
Caused by: java.lang.RuntimeException: java.net.UnknownHostException: **-zeebe: Name or service not known
	at io.grpc.internal.DnsNameResolver.resolveAll(DnsNameResolver.java:436) ~[grpc-core-1.28.1.jar:1.28.1]
	at io.grpc.internal.DnsNameResolver$Resolve.resolveInternal(DnsNameResolver.java:272) ~[grpc-core-1.28.1.jar:1.28.1]
	at io.grpc.internal.DnsNameResolver$Resolve.run(DnsNameResolver.java:228) ~[grpc-core-1.28.1.jar:1.28.1]
	... 3 common frames omitted
Caused by: java.net.UnknownHostException: **-zeebe: Name or service not known
	at java.base/java.net.Inet4AddressImpl.lookupAllHostAddr(Native Method) ~[na:na]
	at java.base/java.net.InetAddress$PlatformNameService.lookupAllHostAddr(InetAddress.java:929) ~[na:na]
	at java.base/java.net.InetAddress.getAddressesFromNameService(InetAddress.java:1515) ~[na:na]
	at java.base/java.net.InetAddress$NameServiceAddresses.get(InetAddress.java:848) ~[na:na]
	at java.base/java.net.InetAddress.getAllByName0(InetAddress.java:1505) ~[na:na]
	at java.base/java.net.InetAddress.getAllByName(InetAddress.java:1364) ~[na:na]
	at java.base/java.net.InetAddress.getAllByName(InetAddress.java:1298) ~[na:na]
	at io.grpc.internal.DnsNameResolver$JdkAddressResolver.resolveAddress(DnsNameResolver.java:646) ~[grpc-core-1.28.1.jar:1.28.1]
	at io.grpc.internal.DnsNameResolver.resolveAll(DnsNameResolver.java:404) ~[grpc-core-1.28.1.jar:1.28.1]
	... 5 common frames omitted

2020-05-29 09:23:34.202  WARN 70 --- [ault-executor-0] io.zeebe.client.job.poller               : Failed to activated jobs for worker agenda-worker and job type agenda-publish

io.grpc.StatusRuntimeException: UNAVAILABLE: Unable to resolve host **-zeebe
	at io.grpc.Status.asRuntimeException(Status.java:533) ~[grpc-api-1.28.1.jar:1.28.1]
	at io.grpc.stub.ClientCalls$StreamObserverToCallListenerAdapter.onClose(ClientCalls.java:449) ~[grpc-stub-1.28.1.jar:1.28.1]
	at io.grpc.internal.ClientCallImpl.closeObserver(ClientCallImpl.java:426) ~[grpc-core-1.28.1.jar:1.28.1]
	at io.grpc.internal.ClientCallImpl.access$500(ClientCallImpl.java:66) ~[grpc-core-1.28.1.jar:1.28.1]
	at io.grpc.internal.ClientCallImpl$ClientStreamListenerImpl.close(ClientCallImpl.java:689) ~[grpc-core-1.28.1.jar:1.28.1]
	at io.grpc.internal.ClientCallImpl$ClientStreamListenerImpl.access$900(ClientCallImpl.java:577) ~[grpc-core-1.28.1.jar:1.28.1]
	at io.grpc.internal.ClientCallImpl$ClientStreamListenerImpl$1StreamClosed.runInternal(ClientCallImpl.java:751) ~[grpc-core-1.28.1.jar:1.28.1]
	at io.grpc.internal.ClientCallImpl$ClientStreamListenerImpl$1StreamClosed.runInContext(ClientCallImpl.java:740) ~[grpc-core-1.28.1.jar:1.28.1]
	at io.grpc.internal.ContextRunnable.run(ContextRunnable.java:37) ~[grpc-core-1.28.1.jar:1.28.1]
	at io.grpc.internal.SerializingExecutor.run(SerializingExecutor.java:123) ~[grpc-core-1.28.1.jar:1.28.1]
	at java.base/java.util.concurrent.ThreadPoolExecutor.runWorker(ThreadPoolExecutor.java:1128) ~[na:na]
	at java.base/java.util.concurrent.ThreadPoolExecutor$Worker.run(ThreadPoolExecutor.java:628) ~[na:na]
	at java.base/java.lang.Thread.run(Thread.java:834) ~[na:na]
Caused by: java.lang.RuntimeException: java.net.UnknownHostException: **-zeebe: Name or service not known
	at io.grpc.internal.DnsNameResolver.resolveAll(DnsNameResolver.java:436) ~[grpc-core-1.28.1.jar:1.28.1]
	at io.grpc.internal.DnsNameResolver$Resolve.resolveInternal(DnsNameResolver.java:272) ~[grpc-core-1.28.1.jar:1.28.1]
	at io.grpc.internal.DnsNameResolver$Resolve.run(DnsNameResolver.java:228) ~[grpc-core-1.28.1.jar:1.28.1]
	... 3 common frames omitted
Caused by: java.net.UnknownHostException: **-zeebe: Name or service not known
	at java.base/java.net.Inet4AddressImpl.lookupAllHostAddr(Native Method) ~[na:na]
	at java.base/java.net.InetAddress$PlatformNameService.lookupAllHostAddr(InetAddress.java:929) ~[na:na]
	at java.base/java.net.InetAddress.getAddressesFromNameService(InetAddress.java:1515) ~[na:na]
	at java.base/java.net.InetAddress$NameServiceAddresses.get(InetAddress.java:848) ~[na:na]
	at java.base/java.net.InetAddress.getAllByName0(InetAddress.java:1505) ~[na:na]
	at java.base/java.net.InetAddress.getAllByName(InetAddress.java:1364) ~[na:na]
	at java.base/java.net.InetAddress.getAllByName(InetAddress.java:1298) ~[na:na]
	at io.grpc.internal.DnsNameResolver$JdkAddressResolver.resolveAddress(DnsNameResolver.java:646) ~[grpc-core-1.28.1.jar:1.28.1]
	at io.grpc.internal.DnsNameResolver.resolveAll(DnsNameResolver.java:404) ~[grpc-core-1.28.1.jar:1.28.1]
	... 5 common frames omitted

2020-05-29 09:23:34.336  WARN 70 --- [ault-executor-0] io.zeebe.client.job.poller               : Failed to activated jobs for worker agenda-worker and job type agenda-publish

io.grpc.StatusRuntimeException: UNAVAILABLE: Unable to resolve host **-zeebe
	at io.grpc.Status.asRuntimeException(Status.java:533) ~[grpc-api-1.28.1.jar:1.28.1]
	at io.grpc.stub.ClientCalls$StreamObserverToCallListenerAdapter.onClose(ClientCalls.java:449) ~[grpc-stub-1.28.1.jar:1.28.1]
	at io.grpc.internal.ClientCallImpl.closeObserver(ClientCallImpl.java:426) ~[grpc-core-1.28.1.jar:1.28.1]
	at io.grpc.internal.ClientCallImpl.access$500(ClientCallImpl.java:66) ~[grpc-core-1.28.1.jar:1.28.1]
	at io.grpc.internal.ClientCallImpl$ClientStreamListenerImpl.close(ClientCallImpl.java:689) ~[grpc-core-1.28.1.jar:1.28.1]
	at io.grpc.internal.ClientCallImpl$ClientStreamListenerImpl.access$900(ClientCallImpl.java:577) ~[grpc-core-1.28.1.jar:1.28.1]
	at io.grpc.internal.ClientCallImpl$ClientStreamListenerImpl$1StreamClosed.runInternal(ClientCallImpl.java:751) ~[grpc-core-1.28.1.jar:1.28.1]
	at io.grpc.internal.ClientCallImpl$ClientStreamListenerImpl$1StreamClosed.runInContext(ClientCallImpl.java:740) ~[grpc-core-1.28.1.jar:1.28.1]
	at io.grpc.internal.ContextRunnable.run(ContextRunnable.java:37) ~[grpc-core-1.28.1.jar:1.28.1]
	at io.grpc.internal.SerializingExecutor.run(SerializingExecutor.java:123) ~[grpc-core-1.28.1.jar:1.28.1]
	at java.base/java.util.concurrent.ThreadPoolExecutor.runWorker(ThreadPoolExecutor.java:1128) ~[na:na]
	at java.base/java.util.concurrent.ThreadPoolExecutor$Worker.run(ThreadPoolExecutor.java:628) ~[na:na]
	at java.base/java.lang.Thread.run(Thread.java:834) ~[na:na]
Caused by: java.lang.RuntimeException: java.net.UnknownHostException: **-zeebe: Name or service not known
	at io.grpc.internal.DnsNameResolver.resolveAll(DnsNameResolver.java:436) ~[grpc-core-1.28.1.jar:1.28.1]
	at io.grpc.internal.DnsNameResolver$Resolve.resolveInternal(DnsNameResolver.java:272) ~[grpc-core-1.28.1.jar:1.28.1]
	at io.grpc.internal.DnsNameResolver$Resolve.run(DnsNameResolver.java:228) ~[grpc-core-1.28.1.jar:1.28.1]
	... 3 common frames omitted
Caused by: java.net.UnknownHostException: **-zeebe: Name or service not known
	at java.base/java.net.Inet4AddressImpl.lookupAllHostAddr(Native Method) ~[na:na]
	at java.base/java.net.InetAddress$PlatformNameService.lookupAllHostAddr(InetAddress.java:929) ~[na:na]
	at java.base/java.net.InetAddress.getAddressesFromNameService(InetAddress.java:1515) ~[na:na]
	at java.base/java.net.InetAddress$NameServiceAddresses.get(InetAddress.java:848) ~[na:na]
	at java.base/java.net.InetAddress.getAllByName0(InetAddress.java:1505) ~[na:na]
	at java.base/java.net.InetAddress.getAllByName(InetAddress.java:1364) ~[na:na]
	at java.base/java.net.InetAddress.getAllByName(InetAddress.java:1298) ~[na:na]
	at io.grpc.internal.DnsNameResolver$JdkAddressResolver.resolveAddress(DnsNameResolver.java:646) ~[grpc-core-1.28.1.jar:1.28.1]
	at io.grpc.internal.DnsNameResolver.resolveAll(DnsNameResolver.java:404) ~[grpc-core-1.28.1.jar:1.28.1]
	... 5 common frames omitted

2020-05-29 09:23:34.437  WARN 70 --- [ault-executor-0] io.zeebe.client.job.poller               : Failed to activated jobs for worker agenda-worker and job type agenda-publish

io.grpc.StatusRuntimeException: UNAVAILABLE: Unable to resolve host **-zeebe
	at io.grpc.Status.asRuntimeException(Status.java:533) ~[grpc-api-1.28.1.jar:1.28.1]
	at io.grpc.stub.ClientCalls$StreamObserverToCallListenerAdapter.onClose(ClientCalls.java:449) ~[grpc-stub-1.28.1.jar:1.28.1]
	at io.grpc.internal.ClientCallImpl.closeObserver(ClientCallImpl.java:426) ~[grpc-core-1.28.1.jar:1.28.1]
	at io.grpc.internal.ClientCallImpl.access$500(ClientCallImpl.java:66) ~[grpc-core-1.28.1.jar:1.28.1]
	at io.grpc.internal.ClientCallImpl$ClientStreamListenerImpl.close(ClientCallImpl.java:689) ~[grpc-core-1.28.1.jar:1.28.1]
	at io.grpc.internal.ClientCallImpl$ClientStreamListenerImpl.access$900(ClientCallImpl.java:577) ~[grpc-core-1.28.1.jar:1.28.1]
	at io.grpc.internal.ClientCallImpl$ClientStreamListenerImpl$1StreamClosed.runInternal(ClientCallImpl.java:751) ~[grpc-core-1.28.1.jar:1.28.1]
	at io.grpc.internal.ClientCallImpl$ClientStreamListenerImpl$1StreamClosed.runInContext(ClientCallImpl.java:740) ~[grpc-core-1.28.1.jar:1.28.1]
	at io.grpc.internal.ContextRunnable.run(ContextRunnable.java:37) ~[grpc-core-1.28.1.jar:1.28.1]
	at io.grpc.internal.SerializingExecutor.run(SerializingExecutor.java:123) ~[grpc-core-1.28.1.jar:1.28.1]
	at java.base/java.util.concurrent.ThreadPoolExecutor.runWorker(ThreadPoolExecutor.java:1128) ~[na:na]
	at java.base/java.util.concurrent.ThreadPoolExecutor$Worker.run(ThreadPoolExecutor.java:628) ~[na:na]
	at java.base/java.lang.Thread.run(Thread.java:834) ~[na:na]
Caused by: java.lang.RuntimeException: java.net.UnknownHostException: **-zeebe: Name or service not known
	at io.grpc.internal.DnsNameResolver.resolveAll(DnsNameResolver.java:436) ~[grpc-core-1.28.1.jar:1.28.1]
	at io.grpc.internal.DnsNameResolver$Resolve.resolveInternal(DnsNameResolver.java:272) ~[grpc-core-1.28.1.jar:1.28.1]
	at io.grpc.internal.DnsNameResolver$Resolve.run(DnsNameResolver.java:228) ~[grpc-core-1.28.1.jar:1.28.1]
	... 3 common frames omitted
Caused by: java.net.UnknownHostException: **-zeebe: Name or service not known
	at java.base/java.net.Inet4AddressImpl.lookupAllHostAddr(Native Method) ~[na:na]
	at java.base/java.net.InetAddress$PlatformNameService.lookupAllHostAddr(InetAddress.java:929) ~[na:na]
	at java.base/java.net.InetAddress.getAddressesFromNameService(InetAddress.java:1515) ~[na:na]
	at java.base/java.net.InetAddress$NameServiceAddresses.get(InetAddress.java:848) ~[na:na]
	at java.base/java.net.InetAddress.getAllByName0(InetAddress.java:1505) ~[na:na]
	at java.base/java.net.InetAddress.getAllByName(InetAddress.java:1364) ~[na:na]
	at java.base/java.net.InetAddress.getAllByName(InetAddress.java:1298) ~[na:na]
	at io.grpc.internal.DnsNameResolver$JdkAddressResolver.resolveAddress(DnsNameResolver.java:646) ~[grpc-core-1.28.1.jar:1.28.1]
	at io.grpc.internal.DnsNameResolver.resolveAll(DnsNameResolver.java:404) ~[grpc-core-1.28.1.jar:1.28.1]
	... 5 common frames omitted

2020-05-29 09:23:34.700  WARN 70 --- [ault-executor-0] io.zeebe.client.job.poller               : Failed to activated jobs for worker agenda-worker and job type agenda-publish

io.grpc.StatusRuntimeException: UNAVAILABLE: Unable to resolve host **-zeebe
	at io.grpc.Status.asRuntimeException(Status.java:533) ~[grpc-api-1.28.1.jar:1.28.1]
	at io.grpc.stub.ClientCalls$StreamObserverToCallListenerAdapter.onClose(ClientCalls.java:449) ~[grpc-stub-1.28.1.jar:1.28.1]
	at io.grpc.internal.ClientCallImpl.closeObserver(ClientCallImpl.java:426) ~[grpc-core-1.28.1.jar:1.28.1]
	at io.grpc.internal.ClientCallImpl.access$500(ClientCallImpl.java:66) ~[grpc-core-1.28.1.jar:1.28.1]
	at io.grpc.internal.ClientCallImpl$ClientStreamListenerImpl.close(ClientCallImpl.java:689) ~[grpc-core-1.28.1.jar:1.28.1]
	at io.grpc.internal.ClientCallImpl$ClientStreamListenerImpl.access$900(ClientCallImpl.java:577) ~[grpc-core-1.28.1.jar:1.28.1]
	at io.grpc.internal.ClientCallImpl$ClientStreamListenerImpl$1StreamClosed.runInternal(ClientCallImpl.java:751) ~[grpc-core-1.28.1.jar:1.28.1]
	at io.grpc.internal.ClientCallImpl$ClientStreamListenerImpl$1StreamClosed.runInContext(ClientCallImpl.java:740) ~[grpc-core-1.28.1.jar:1.28.1]
	at io.grpc.internal.ContextRunnable.run(ContextRunnable.java:37) ~[grpc-core-1.28.1.jar:1.28.1]
	at io.grpc.internal.SerializingExecutor.run(SerializingExecutor.java:123) ~[grpc-core-1.28.1.jar:1.28.1]
	at java.base/java.util.concurrent.ThreadPoolExecutor.runWorker(ThreadPoolExecutor.java:1128) ~[na:na]
	at java.base/java.util.concurrent.ThreadPoolExecutor$Worker.run(ThreadPoolExecutor.java:628) ~[na:na]
	at java.base/java.lang.Thread.run(Thread.java:834) ~[na:na]
Caused by: java.lang.RuntimeException: java.net.UnknownHostException: **-zeebe: Name or service not known
	at io.grpc.internal.DnsNameResolver.resolveAll(DnsNameResolver.java:436) ~[grpc-core-1.28.1.jar:1.28.1]
	at io.grpc.internal.DnsNameResolver$Resolve.resolveInternal(DnsNameResolver.java:272) ~[grpc-core-1.28.1.jar:1.28.1]
	at io.grpc.internal.DnsNameResolver$Resolve.run(DnsNameResolver.java:228) ~[grpc-core-1.28.1.jar:1.28.1]
	... 3 common frames omitted
Caused by: java.net.UnknownHostException: **-zeebe: Name or service not known
	at java.base/java.net.Inet4AddressImpl.lookupAllHostAddr(Native Method) ~[na:na]
	at java.base/java.net.InetAddress$PlatformNameService.lookupAllHostAddr(InetAddress.java:929) ~[na:na]
	at java.base/java.net.InetAddress.getAddressesFromNameService(InetAddress.java:1515) ~[na:na]
	at java.base/java.net.InetAddress$NameServiceAddresses.get(InetAddress.java:848) ~[na:na]
	at java.base/java.net.InetAddress.getAllByName0(InetAddress.java:1505) ~[na:na]
	at java.base/java.net.InetAddress.getAllByName(InetAddress.java:1364) ~[na:na]
	at java.base/java.net.InetAddress.getAllByName(InetAddress.java:1298) ~[na:na]
	at io.grpc.internal.DnsNameResolver$JdkAddressResolver.resolveAddress(DnsNameResolver.java:646) ~[grpc-core-1.28.1.jar:1.28.1]
	at io.grpc.internal.DnsNameResolver.resolveAll(DnsNameResolver.java:404) ~[grpc-core-1.28.1.jar:1.28.1]
	... 5 common frames omitted

2020-05-29 09:23:34.710  WARN 70 --- [ault-executor-0] io.grpc.internal.ManagedChannelImpl      : [Channel<1>: (**-zeebe:26500)] Failed to resolve name. status=Status{code=UNAVAILABLE, description=Unable to resolve host **-zeebe, cause=java.lang.RuntimeException: java.net.UnknownHostException: **-zeebe
	at io.grpc.internal.DnsNameResolver.resolveAll(DnsNameResolver.java:436)
	at io.grpc.internal.DnsNameResolver$Resolve.resolveInternal(DnsNameResolver.java:272)
	at io.grpc.internal.DnsNameResolver$Resolve.run(DnsNameResolver.java:228)
	at java.base/java.util.concurrent.ThreadPoolExecutor.runWorker(ThreadPoolExecutor.java:1128)
	at java.base/java.util.concurrent.ThreadPoolExecutor$Worker.run(ThreadPoolExecutor.java:628)
	at java.base/java.lang.Thread.run(Thread.java:834)
Caused by: java.net.UnknownHostException: **-zeebe
	at java.base/java.net.InetAddress$CachedAddresses.get(InetAddress.java:797)
	at java.base/java.net.InetAddress.getAllByName0(InetAddress.java:1505)
	at java.base/java.net.InetAddress.getAllByName(InetAddress.java:1364)
	at java.base/java.net.InetAddress.getAllByName(InetAddress.java:1298)
	at io.grpc.internal.DnsNameResolver$JdkAddressResolver.resolveAddress(DnsNameResolver.java:646)
	at io.grpc.internal.DnsNameResolver.resolveAll(DnsNameResolver.java:404)
	... 5 more
}
2020-05-29 09:23:34.836  WARN 70 --- [ault-executor-0] io.zeebe.client.job.poller               : Failed to activated jobs for worker agenda-worker and job type agenda-publish

io.grpc.StatusRuntimeException: UNAVAILABLE: Unable to resolve host **-zeebe
	at io.grpc.Status.asRuntimeException(Status.java:533) ~[grpc-api-1.28.1.jar:1.28.1]
	at io.grpc.stub.ClientCalls$StreamObserverToCallListenerAdapter.onClose(ClientCalls.java:449) ~[grpc-stub-1.28.1.jar:1.28.1]
	at io.grpc.internal.ClientCallImpl.closeObserver(ClientCallImpl.java:426) ~[grpc-core-1.28.1.jar:1.28.1]
	at io.grpc.internal.ClientCallImpl.access$500(ClientCallImpl.java:66) ~[grpc-core-1.28.1.jar:1.28.1]
	at io.grpc.internal.ClientCallImpl$ClientStreamListenerImpl.close(ClientCallImpl.java:689) ~[grpc-core-1.28.1.jar:1.28.1]
	at io.grpc.internal.ClientCallImpl$ClientStreamListenerImpl.access$900(ClientCallImpl.java:577) ~[grpc-core-1.28.1.jar:1.28.1]
	at io.grpc.internal.ClientCallImpl$ClientStreamListenerImpl$1StreamClosed.runInternal(ClientCallImpl.java:751) ~[grpc-core-1.28.1.jar:1.28.1]
	at io.grpc.internal.ClientCallImpl$ClientStreamListenerImpl$1StreamClosed.runInContext(ClientCallImpl.java:740) ~[grpc-core-1.28.1.jar:1.28.1]
	at io.grpc.internal.ContextRunnable.run(ContextRunnable.java:37) ~[grpc-core-1.28.1.jar:1.28.1]
	at io.grpc.internal.SerializingExecutor.run(SerializingExecutor.java:123) ~[grpc-core-1.28.1.jar:1.28.1]
	at java.base/java.util.concurrent.ThreadPoolExecutor.runWorker(ThreadPoolExecutor.java:1128) ~[na:na]
	at java.base/java.util.concurrent.ThreadPoolExecutor$Worker.run(ThreadPoolExecutor.java:628) ~[na:na]
	at java.base/java.lang.Thread.run(Thread.java:834) ~[na:na]
Caused by: java.lang.RuntimeException: java.net.UnknownHostException: **-zeebe
	at io.grpc.internal.DnsNameResolver.resolveAll(DnsNameResolver.java:436) ~[grpc-core-1.28.1.jar:1.28.1]
	at io.grpc.internal.DnsNameResolver$Resolve.resolveInternal(DnsNameResolver.java:272) ~[grpc-core-1.28.1.jar:1.28.1]
	at io.grpc.internal.DnsNameResolver$Resolve.run(DnsNameResolver.java:228) ~[grpc-core-1.28.1.jar:1.28.1]
	... 3 common frames omitted
Caused by: java.net.UnknownHostException: **-zeebe
	at java.base/java.net.InetAddress$CachedAddresses.get(InetAddress.java:797) ~[na:na]
	at java.base/java.net.InetAddress.getAllByName0(InetAddress.java:1505) ~[na:na]
	at java.base/java.net.InetAddress.getAllByName(InetAddress.java:1364) ~[na:na]
	at java.base/java.net.InetAddress.getAllByName(InetAddress.java:1298) ~[na:na]
	at io.grpc.internal.DnsNameResolver$JdkAddressResolver.resolveAddress(DnsNameResolver.java:646) ~[grpc-core-1.28.1.jar:1.28.1]
	at io.grpc.internal.DnsNameResolver.resolveAll(DnsNameResolver.java:404) ~[grpc-core-1.28.1.jar:1.28.1]
	... 5 common frames omitted

2020-05-29 09:23:34.937  WARN 70 --- [ault-executor-0] io.zeebe.client.job.poller               : Failed to activated jobs for worker agenda-worker and job type agenda-publish

io.grpc.StatusRuntimeException: UNAVAILABLE: Unable to resolve host **-zeebe
	at io.grpc.Status.asRuntimeException(Status.java:533) ~[grpc-api-1.28.1.jar:1.28.1]
	at io.grpc.stub.ClientCalls$StreamObserverToCallListenerAdapter.onClose(ClientCalls.java:449) ~[grpc-stub-1.28.1.jar:1.28.1]
	at io.grpc.internal.ClientCallImpl.closeObserver(ClientCallImpl.java:426) ~[grpc-core-1.28.1.jar:1.28.1]
	at io.grpc.internal.ClientCallImpl.access$500(ClientCallImpl.java:66) ~[grpc-core-1.28.1.jar:1.28.1]
	at io.grpc.internal.ClientCallImpl$ClientStreamListenerImpl.close(ClientCallImpl.java:689) ~[grpc-core-1.28.1.jar:1.28.1]
	at io.grpc.internal.ClientCallImpl$ClientStreamListenerImpl.access$900(ClientCallImpl.java:577) ~[grpc-core-1.28.1.jar:1.28.1]
	at io.grpc.internal.ClientCallImpl$ClientStreamListenerImpl$1StreamClosed.runInternal(ClientCallImpl.java:751) ~[grpc-core-1.28.1.jar:1.28.1]
	at io.grpc.internal.ClientCallImpl$ClientStreamListenerImpl$1StreamClosed.runInContext(ClientCallImpl.java:740) ~[grpc-core-1.28.1.jar:1.28.1]
	at io.grpc.internal.ContextRunnable.run(ContextRunnable.java:37) ~[grpc-core-1.28.1.jar:1.28.1]
	at io.grpc.internal.SerializingExecutor.run(SerializingExecutor.java:123) ~[grpc-core-1.28.1.jar:1.28.1]
	at java.base/java.util.concurrent.ThreadPoolExecutor.runWorker(ThreadPoolExecutor.java:1128) ~[na:na]
	at java.base/java.util.concurrent.ThreadPoolExecutor$Worker.run(ThreadPoolExecutor.java:628) ~[na:na]
	at java.base/java.lang.Thread.run(Thread.java:834) ~[na:na]
Caused by: java.lang.RuntimeException: java.net.UnknownHostException: **-zeebe
	at io.grpc.internal.DnsNameResolver.resolveAll(DnsNameResolver.java:436) ~[grpc-core-1.28.1.jar:1.28.1]
	at io.grpc.internal.DnsNameResolver$Resolve.resolveInternal(DnsNameResolver.java:272) ~[grpc-core-1.28.1.jar:1.28.1]
	at io.grpc.internal.DnsNameResolver$Resolve.run(DnsNameResolver.java:228) ~[grpc-core-1.28.1.jar:1.28.1]
	... 3 common frames omitted
Caused by: java.net.UnknownHostException: **-zeebe
	at java.base/java.net.InetAddress$CachedAddresses.get(InetAddress.java:797) ~[na:na]
	at java.base/java.net.InetAddress.getAllByName0(InetAddress.java:1505) ~[na:na]
	at java.base/java.net.InetAddress.getAllByName(InetAddress.java:1364) ~[na:na]
	at java.base/java.net.InetAddress.getAllByName(InetAddress.java:1298) ~[na:na]
	at io.grpc.internal.DnsNameResolver$JdkAddressResolver.resolveAddress(DnsNameResolver.java:646) ~[grpc-core-1.28.1.jar:1.28.1]
	at io.grpc.internal.DnsNameResolver.resolveAll(DnsNameResolver.java:404) ~[grpc-core-1.28.1.jar:1.28.1]
	... 5 common frames omitted

2020-05-29 09:23:35.037  WARN 70 --- [ault-executor-0] io.zeebe.client.job.poller               : Failed to activated jobs for worker agenda-worker and job type agenda-publish

io.grpc.StatusRuntimeException: UNAVAILABLE: Unable to resolve host **-zeebe
	at io.grpc.Status.asRuntimeException(Status.java:533) ~[grpc-api-1.28.1.jar:1.28.1]
	at io.grpc.stub.ClientCalls$StreamObserverToCallListenerAdapter.onClose(ClientCalls.java:449) ~[grpc-stub-1.28.1.jar:1.28.1]
	at io.grpc.internal.ClientCallImpl.closeObserver(ClientCallImpl.java:426) ~[grpc-core-1.28.1.jar:1.28.1]
	at io.grpc.internal.ClientCallImpl.access$500(ClientCallImpl.java:66) ~[grpc-core-1.28.1.jar:1.28.1]
	at io.grpc.internal.ClientCallImpl$ClientStreamListenerImpl.close(ClientCallImpl.java:689) ~[grpc-core-1.28.1.jar:1.28.1]
	at io.grpc.internal.ClientCallImpl$ClientStreamListenerImpl.access$900(ClientCallImpl.java:577) ~[grpc-core-1.28.1.jar:1.28.1]
	at io.grpc.internal.ClientCallImpl$ClientStreamListenerImpl$1StreamClosed.runInternal(ClientCallImpl.java:751) ~[grpc-core-1.28.1.jar:1.28.1]
	at io.grpc.internal.ClientCallImpl$ClientStreamListenerImpl$1StreamClosed.runInContext(ClientCallImpl.java:740) ~[grpc-core-1.28.1.jar:1.28.1]
	at io.grpc.internal.ContextRunnable.run(ContextRunnable.java:37) ~[grpc-core-1.28.1.jar:1.28.1]
	at io.grpc.internal.SerializingExecutor.run(SerializingExecutor.java:123) ~[grpc-core-1.28.1.jar:1.28.1]
	at java.base/java.util.concurrent.ThreadPoolExecutor.runWorker(ThreadPoolExecutor.java:1128) ~[na:na]
	at java.base/java.util.concurrent.ThreadPoolExecutor$Worker.run(ThreadPoolExecutor.java:628) ~[na:na]
	at java.base/java.lang.Thread.run(Thread.java:834) ~[na:na]
Caused by: java.lang.RuntimeException: java.net.UnknownHostException: **-zeebe
	at io.grpc.internal.DnsNameResolver.resolveAll(DnsNameResolver.java:436) ~[grpc-core-1.28.1.jar:1.28.1]
	at io.grpc.internal.DnsNameResolver$Resolve.resolveInternal(DnsNameResolver.java:272) ~[grpc-core-1.28.1.jar:1.28.1]
	at io.grpc.internal.DnsNameResolver$Resolve.run(DnsNameResolver.java:228) ~[grpc-core-1.28.1.jar:1.28.1]
	... 3 common frames omitted
Caused by: java.net.UnknownHostException: **-zeebe
	at java.base/java.net.InetAddress$CachedAddresses.get(InetAddress.java:797) ~[na:na]
	at java.base/java.net.InetAddress.getAllByName0(InetAddress.java:1505) ~[na:na]
	at java.base/java.net.InetAddress.getAllByName(InetAddress.java:1364) ~[na:na]
	at java.base/java.net.InetAddress.getAllByName(InetAddress.java:1298) ~[na:na]
	at io.grpc.internal.DnsNameResolver$JdkAddressResolver.resolveAddress(DnsNameResolver.java:646) ~[grpc-core-1.28.1.jar:1.28.1]
	at io.grpc.internal.DnsNameResolver.resolveAll(DnsNameResolver.java:404) ~[grpc-core-1.28.1.jar:1.28.1]
	... 5 common frames omitted

2020-05-29 09:23:35.137  WARN 70 --- [ault-executor-0] io.zeebe.client.job.poller               : Failed to activated jobs for worker agenda-worker and job type agenda-publish

io.grpc.StatusRuntimeException: UNAVAILABLE: Unable to resolve host **-zeebe
	at io.grpc.Status.asRuntimeException(Status.java:533) ~[grpc-api-1.28.1.jar:1.28.1]
	at io.grpc.stub.ClientCalls$StreamObserverToCallListenerAdapter.onClose(ClientCalls.java:449) ~[grpc-stub-1.28.1.jar:1.28.1]
	at io.grpc.internal.ClientCallImpl.closeObserver(ClientCallImpl.java:426) ~[grpc-core-1.28.1.jar:1.28.1]
	at io.grpc.internal.ClientCallImpl.access$500(ClientCallImpl.java:66) ~[grpc-core-1.28.1.jar:1.28.1]
	at io.grpc.internal.ClientCallImpl$ClientStreamListenerImpl.close(ClientCallImpl.java:689) ~[grpc-core-1.28.1.jar:1.28.1]
	at io.grpc.internal.ClientCallImpl$ClientStreamListenerImpl.access$900(ClientCallImpl.java:577) ~[grpc-core-1.28.1.jar:1.28.1]
	at io.grpc.internal.ClientCallImpl$ClientStreamListenerImpl$1StreamClosed.runInternal(ClientCallImpl.java:751) ~[grpc-core-1.28.1.jar:1.28.1]
	at io.grpc.internal.ClientCallImpl$ClientStreamListenerImpl$1StreamClosed.runInContext(ClientCallImpl.java:740) ~[grpc-core-1.28.1.jar:1.28.1]
	at io.grpc.internal.ContextRunnable.run(ContextRunnable.java:37) ~[grpc-core-1.28.1.jar:1.28.1]
	at io.grpc.internal.SerializingExecutor.run(SerializingExecutor.java:123) ~[grpc-core-1.28.1.jar:1.28.1]
	at java.base/java.util.concurrent.ThreadPoolExecutor.runWorker(ThreadPoolExecutor.java:1128) ~[na:na]
	at java.base/java.util.concurrent.ThreadPoolExecutor$Worker.run(ThreadPoolExecutor.java:628) ~[na:na]
	at java.base/java.lang.Thread.run(Thread.java:834) ~[na:na]
Caused by: java.lang.RuntimeException: java.net.UnknownHostException: **-zeebe
	at io.grpc.internal.DnsNameResolver.resolveAll(DnsNameResolver.java:436) ~[grpc-core-1.28.1.jar:1.28.1]
	at io.grpc.internal.DnsNameResolver$Resolve.resolveInternal(DnsNameResolver.java:272) ~[grpc-core-1.28.1.jar:1.28.1]
	at io.grpc.internal.DnsNameResolver$Resolve.run(DnsNameResolver.java:228) ~[grpc-core-1.28.1.jar:1.28.1]
	... 3 common frames omitted
Caused by: java.net.UnknownHostException: **-zeebe
	at java.base/java.net.InetAddress$CachedAddresses.get(InetAddress.java:797) ~[na:na]
	at java.base/java.net.InetAddress.getAllByName0(InetAddress.java:1505) ~[na:na]
	at java.base/java.net.InetAddress.getAllByName(InetAddress.java:1364) ~[na:na]
	at java.base/java.net.InetAddress.getAllByName(InetAddress.java:1298) ~[na:na]
	at io.grpc.internal.DnsNameResolver$JdkAddressResolver.resolveAddress(DnsNameResolver.java:646) ~[grpc-core-1.28.1.jar:1.28.1]
	at io.grpc.internal.DnsNameResolver.resolveAll(DnsNameResolver.java:404) ~[grpc-core-1.28.1.jar:1.28.1]
	... 5 common frames omitted

2020-05-29 09:23:35.470  WARN 70 --- [ault-executor-0] io.zeebe.client.job.poller               : Failed to activated jobs for worker agenda-worker and job type agenda-publish

io.grpc.StatusRuntimeException: UNAVAILABLE: Unable to resolve host **-zeebe
	at io.grpc.Status.asRuntimeException(Status.java:533) ~[grpc-api-1.28.1.jar:1.28.1]
	at io.grpc.stub.ClientCalls$StreamObserverToCallListenerAdapter.onClose(ClientCalls.java:449) ~[grpc-stub-1.28.1.jar:1.28.1]
	at io.grpc.internal.ClientCallImpl.closeObserver(ClientCallImpl.java:426) ~[grpc-core-1.28.1.jar:1.28.1]
	at io.grpc.internal.ClientCallImpl.access$500(ClientCallImpl.java:66) ~[grpc-core-1.28.1.jar:1.28.1]
	at io.grpc.internal.ClientCallImpl$ClientStreamListenerImpl.close(ClientCallImpl.java:689) ~[grpc-core-1.28.1.jar:1.28.1]
	at io.grpc.internal.ClientCallImpl$ClientStreamListenerImpl.access$900(ClientCallImpl.java:577) ~[grpc-core-1.28.1.jar:1.28.1]
	at io.grpc.internal.ClientCallImpl$ClientStreamListenerImpl$1StreamClosed.runInternal(ClientCallImpl.java:751) ~[grpc-core-1.28.1.jar:1.28.1]
	at io.grpc.internal.ClientCallImpl$ClientStreamListenerImpl$1StreamClosed.runInContext(ClientCallImpl.java:740) ~[grpc-core-1.28.1.jar:1.28.1]
	at io.grpc.internal.ContextRunnable.run(ContextRunnable.java:37) ~[grpc-core-1.28.1.jar:1.28.1]
	at io.grpc.internal.SerializingExecutor.run(SerializingExecutor.java:123) ~[grpc-core-1.28.1.jar:1.28.1]
	at java.base/java.util.concurrent.ThreadPoolExecutor.runWorker(ThreadPoolExecutor.java:1128) ~[na:na]
	at java.base/java.util.concurrent.ThreadPoolExecutor$Worker.run(ThreadPoolExecutor.java:628) ~[na:na]
	at java.base/java.lang.Thread.run(Thread.java:834) ~[na:na]
Caused by: java.lang.RuntimeException: java.net.UnknownHostException: **-zeebe
	at io.grpc.internal.DnsNameResolver.resolveAll(DnsNameResolver.java:436) ~[grpc-core-1.28.1.jar:1.28.1]
	at io.grpc.internal.DnsNameResolver$Resolve.resolveInternal(DnsNameResolver.java:272) ~[grpc-core-1.28.1.jar:1.28.1]
	at io.grpc.internal.DnsNameResolver$Resolve.run(DnsNameResolver.java:228) ~[grpc-core-1.28.1.jar:1.28.1]
	... 3 common frames omitted
Caused by: java.net.UnknownHostException: **-zeebe
	at java.base/java.net.InetAddress$CachedAddresses.get(InetAddress.java:797) ~[na:na]
	at java.base/java.net.InetAddress.getAllByName0(InetAddress.java:1505) ~[na:na]
	at java.base/java.net.InetAddress.getAllByName(InetAddress.java:1364) ~[na:na]
	at java.base/java.net.InetAddress.getAllByName(InetAddress.java:1298) ~[na:na]
	at io.grpc.internal.DnsNameResolver$JdkAddressResolver.resolveAddress(DnsNameResolver.java:646) ~[grpc-core-1.28.1.jar:1.28.1]
	at io.grpc.internal.DnsNameResolver.resolveAll(DnsNameResolver.java:404) ~[grpc-core-1.28.1.jar:1.28.1]
	... 5 common frames omitted

2020-05-29 09:23:35.570  WARN 70 --- [ault-executor-0] io.zeebe.client.job.poller               : Failed to activated jobs for worker agenda-worker and job type agenda-publish

io.grpc.StatusRuntimeException: UNAVAILABLE: Unable to resolve host **-zeebe
	at io.grpc.Status.asRuntimeException(Status.java:533) ~[grpc-api-1.28.1.jar:1.28.1]
	at io.grpc.stub.ClientCalls$StreamObserverToCallListenerAdapter.onClose(ClientCalls.java:449) ~[grpc-stub-1.28.1.jar:1.28.1]
	at io.grpc.internal.ClientCallImpl.closeObserver(ClientCallImpl.java:426) ~[grpc-core-1.28.1.jar:1.28.1]
	at io.grpc.internal.ClientCallImpl.access$500(ClientCallImpl.java:66) ~[grpc-core-1.28.1.jar:1.28.1]
	at io.grpc.internal.ClientCallImpl$ClientStreamListenerImpl.close(ClientCallImpl.java:689) ~[grpc-core-1.28.1.jar:1.28.1]
	at io.grpc.internal.ClientCallImpl$ClientStreamListenerImpl.access$900(ClientCallImpl.java:577) ~[grpc-core-1.28.1.jar:1.28.1]
	at io.grpc.internal.ClientCallImpl$ClientStreamListenerImpl$1StreamClosed.runInternal(ClientCallImpl.java:751) ~[grpc-core-1.28.1.jar:1.28.1]
	at io.grpc.internal.ClientCallImpl$ClientStreamListenerImpl$1StreamClosed.runInContext(ClientCallImpl.java:740) ~[grpc-core-1.28.1.jar:1.28.1]
	at io.grpc.internal.ContextRunnable.run(ContextRunnable.java:37) ~[grpc-core-1.28.1.jar:1.28.1]
	at io.grpc.internal.SerializingExecutor.run(SerializingExecutor.java:123) ~[grpc-core-1.28.1.jar:1.28.1]
	at java.base/java.util.concurrent.ThreadPoolExecutor.runWorker(ThreadPoolExecutor.java:1128) ~[na:na]
	at java.base/java.util.concurrent.ThreadPoolExecutor$Worker.run(ThreadPoolExecutor.java:628) ~[na:na]
	at java.base/java.lang.Thread.run(Thread.java:834) ~[na:na]
Caused by: java.lang.RuntimeException: java.net.UnknownHostException: **-zeebe
	at io.grpc.internal.DnsNameResolver.resolveAll(DnsNameResolver.java:436) ~[grpc-core-1.28.1.jar:1.28.1]
	at io.grpc.internal.DnsNameResolver$Resolve.resolveInternal(DnsNameResolver.java:272) ~[grpc-core-1.28.1.jar:1.28.1]
	at io.grpc.internal.DnsNameResolver$Resolve.run(DnsNameResolver.java:228) ~[grpc-core-1.28.1.jar:1.28.1]
	... 3 common frames omitted
Caused by: java.net.UnknownHostException: **-zeebe
	at java.base/java.net.InetAddress$CachedAddresses.get(InetAddress.java:797) ~[na:na]
	at java.base/java.net.InetAddress.getAllByName0(InetAddress.java:1505) ~[na:na]
	at java.base/java.net.InetAddress.getAllByName(InetAddress.java:1364) ~[na:na]
	at java.base/java.net.InetAddress.getAllByName(InetAddress.java:1298) ~[na:na]
	at io.grpc.internal.DnsNameResolver$JdkAddressResolver.resolveAddress(DnsNameResolver.java:646) ~[grpc-core-1.28.1.jar:1.28.1]
	at io.grpc.internal.DnsNameResolver.resolveAll(DnsNameResolver.java:404) ~[grpc-core-1.28.1.jar:1.28.1]
	... 5 common frames omitted

[INFO] Tests run: 1, Failures: 0, Errors: 0, Skipped: 0, Time elapsed: 20.16 s - in com.*******.conferences.agenda.DemoApplicationTests
2020-05-29 09:23:35.670  WARN 70 --- [ault-executor-0] io.zeebe.client.job.poller               : Failed to activated jobs for worker agenda-worker and job type agenda-publish

io.grpc.StatusRuntimeException: UNAVAILABLE: Unable to resolve host **-zeebe
	at io.grpc.Status.asRuntimeException(Status.java:533) ~[grpc-api-1.28.1.jar:1.28.1]
	at io.grpc.stub.ClientCalls$StreamObserverToCallListenerAdapter.onClose(ClientCalls.java:449) ~[grpc-stub-1.28.1.jar:1.28.1]
	at io.grpc.internal.ClientCallImpl.closeObserver(ClientCallImpl.java:426) ~[grpc-core-1.28.1.jar:1.28.1]
	at io.grpc.internal.ClientCallImpl.access$500(ClientCallImpl.java:66) ~[grpc-core-1.28.1.jar:1.28.1]
	at io.grpc.internal.ClientCallImpl$ClientStreamListenerImpl.close(ClientCallImpl.java:689) ~[grpc-core-1.28.1.jar:1.28.1]
	at io.grpc.internal.ClientCallImpl$ClientStreamListenerImpl.access$900(ClientCallImpl.java:577) ~[grpc-core-1.28.1.jar:1.28.1]
	at io.grpc.internal.ClientCallImpl$ClientStreamListenerImpl$1StreamClosed.runInternal(ClientCallImpl.java:751) ~[grpc-core-1.28.1.jar:1.28.1]
	at io.grpc.internal.ClientCallImpl$ClientStreamListenerImpl$1StreamClosed.runInContext(ClientCallImpl.java:740) ~[grpc-core-1.28.1.jar:1.28.1]
	at io.grpc.internal.ContextRunnable.run(ContextRunnable.java:37) ~[grpc-core-1.28.1.jar:1.28.1]
	at io.grpc.internal.SerializingExecutor.run(SerializingExecutor.java:123) ~[grpc-core-1.28.1.jar:1.28.1]
	at java.base/java.util.concurrent.ThreadPoolExecutor.runWorker(ThreadPoolExecutor.java:1128) ~[na:na]
	at java.base/java.util.concurrent.ThreadPoolExecutor$Worker.run(ThreadPoolExecutor.java:628) ~[na:na]
	at java.base/java.lang.Thread.run(Thread.java:834) ~[na:na]
Caused by: java.lang.RuntimeException: java.net.UnknownHostException: **-zeebe
	at io.grpc.internal.DnsNameResolver.resolveAll(DnsNameResolver.java:436) ~[grpc-core-1.28.1.jar:1.28.1]
	at io.grpc.internal.DnsNameResolver$Resolve.resolveInternal(DnsNameResolver.java:272) ~[grpc-core-1.28.1.jar:1.28.1]
	at io.grpc.internal.DnsNameResolver$Resolve.run(DnsNameResolver.java:228) ~[grpc-core-1.28.1.jar:1.28.1]
	... 3 common frames omitted
Caused by: java.net.UnknownHostException: **-zeebe
	at java.base/java.net.InetAddress$CachedAddresses.get(InetAddress.java:797) ~[na:na]
	at java.base/java.net.InetAddress.getAllByName0(InetAddress.java:1505) ~[na:na]
	at java.base/java.net.InetAddress.getAllByName(InetAddress.java:1364) ~[na:na]
	at java.base/java.net.InetAddress.getAllByName(InetAddress.java:1298) ~[na:na]
	at io.grpc.internal.DnsNameResolver$JdkAddressResolver.resolveAddress(DnsNameResolver.java:646) ~[grpc-core-1.28.1.jar:1.28.1]
	at io.grpc.internal.DnsNameResolver.resolveAll(DnsNameResolver.java:404) ~[grpc-core-1.28.1.jar:1.28.1]
	... 5 common frames omitted

[INFO] 
[INFO] Results:
[INFO] 
[INFO] Tests run: 1, Failures: 0, Errors: 0, Skipped: 0
[INFO] 
[INFO] 
[INFO] --- maven-jar-plugin:3.1.2:jar (default-jar) @ fmtok8s-agenda ---
[INFO] Building jar: /workspace/source/target/fmtok8s-agenda-0.0.21.jar
[INFO] 
[INFO] --- spring-boot-maven-plugin:2.2.6.RELEASE:repackage (repackage) @ fmtok8s-agenda ---
[INFO] Replacing main artifact with repackaged archive
[INFO] 
[INFO] --- maven-install-plugin:2.5.2:install (default-install) @ fmtok8s-agenda ---
[INFO] Installing /workspace/source/target/fmtok8s-agenda-0.0.21.jar to /home/jenkins/.mvnrepository/com/*******/conferences/fmtok8s-agenda/0.0.21/fmtok8s-agenda-0.0.21.jar
[INFO] Installing /workspace/source/pom.xml to /home/jenkins/.mvnrepository/com/*******/conferences/fmtok8s-agenda/0.0.21/fmtok8s-agenda-0.0.21.pom
[INFO] 
[INFO] --- maven-deploy-plugin:2.8.2:deploy (default-deploy) @ fmtok8s-agenda ---
[INFO] Using alternate deployment repository local-nexus::default::http://nexus/repository/maven-releases/
[INFO] ------------------------------------------------------------------------
[INFO] BUILD SUCCESS
[INFO] ------------------------------------------------------------------------
[INFO] Total time:  01:05 min
[INFO] Finished at: 2020-05-29T09:23:43Z
[INFO] ------------------------------------------------------------------------

Showing logs for build [32msalaboy-fmtok8s-agenda-master-r-d4tb8-8[0m stage [32mfrom-build-pack[0m and container [32mstep-build-skaffold-version[0m
v1.0.1

Showing logs for build [32msalaboy-fmtok8s-agenda-master-r-d4tb8-8[0m stage [32mfrom-build-pack[0m and container [32mstep-build-container-build[0m
E0529 09:23:46.621589       9 aws_credentials.go:77] while getting AWS credentials NoCredentialProviders: no valid providers in chain. Deprecated.
	For verbose messaging see aws.Config.CredentialsChainVerboseErrors
[36mINFO[0m[0001] Using dockerignore file: /workspace/source/.dockerignore 
[36mINFO[0m[0001] Retrieving image manifest openjdk:11-jre-slim 
E0529 09:23:47.004256       9 metadata.go:154] while reading 'google-dockercfg' metadata: http status code: 404 while fetching url http://metadata.google.internal./computeMetadata/v1/instance/attributes/google-dockercfg
E0529 09:23:47.007432       9 metadata.go:166] while reading 'google-dockercfg-url' metadata: http status code: 404 while fetching url http://metadata.google.internal./computeMetadata/v1/instance/attributes/google-dockercfg-url
[36mINFO[0m[0002] Retrieving image manifest openjdk:11-jre-slim 
[36mINFO[0m[0003] Built cross stage deps: map[]                
[36mINFO[0m[0003] Retrieving image manifest openjdk:11-jre-slim 
[36mINFO[0m[0004] Retrieving image manifest openjdk:11-jre-slim 
[36mINFO[0m[0004] Executing 0 build triggers                   
[36mINFO[0m[0004] cmd: EXPOSE                                  
[36mINFO[0m[0004] Adding exposed port: 8080/tcp                
[36mINFO[0m[0004] Resolving srcs [pom.xml target/lib*]...      
[36mINFO[0m[0004] Checking for cached layer gcr.io/camunda-researchanddevelopment/cache:c2ed755a10006f03b8ab417f8db7bc9d2d8d218b6610c61df1a630b081236478... 
[36mINFO[0m[0005] No cached layer found for cmd COPY pom.xml target/lib* /opt/lib/ 
[36mINFO[0m[0005] Resolving srcs [target/*.jar]...             
[36mINFO[0m[0005] Unpacking rootfs as cmd COPY pom.xml target/lib* /opt/lib/ requires it. 
[36mINFO[0m[0010] ENV PORT 8080                                
[36mINFO[0m[0010] No files changed in this command, skipping snapshotting. 
[36mINFO[0m[0010] ENV CLASSPATH /opt/lib                       
[36mINFO[0m[0010] No files changed in this command, skipping snapshotting. 
[36mINFO[0m[0010] EXPOSE 8080                                  
[36mINFO[0m[0010] cmd: EXPOSE                                  
[36mINFO[0m[0010] Adding exposed port: 8080/tcp                
[36mINFO[0m[0010] No files changed in this command, skipping snapshotting. 
[36mINFO[0m[0010] Resolving srcs [pom.xml target/lib*]...      
[36mINFO[0m[0010] COPY pom.xml target/lib* /opt/lib/           
[36mINFO[0m[0010] Resolving srcs [pom.xml target/lib*]...      
[36mINFO[0m[0010] Resolving 1 paths                            
[36mINFO[0m[0010] Taking snapshot of files...                  
[36mINFO[0m[0010] Pushing layer gcr.io/camunda-researchanddevelopment/cache:c2ed755a10006f03b8ab417f8db7bc9d2d8d218b6610c61df1a630b081236478 to cache now 
[36mINFO[0m[0010] Resolving srcs [target/*.jar]...             
[36mINFO[0m[0011] COPY target/*.jar /opt/app.jar               
[36mINFO[0m[0011] Resolving srcs [target/*.jar]...             
[36mINFO[0m[0011] Resolving 1 paths                            
[36mINFO[0m[0011] Taking snapshot of files...                  
[36mINFO[0m[0013] WORKDIR /opt                                 
[36mINFO[0m[0013] cmd: workdir                                 
[36mINFO[0m[0013] Changed working directory to /opt            
[36mINFO[0m[0013] No files changed in this command, skipping snapshotting. 
[36mINFO[0m[0013] ENTRYPOINT exec java $JAVA_OPTS -jar app.jar 
[36mINFO[0m[0013] No files changed in this command, skipping snapshotting. 
[36mINFO[0m[0013] Pushing layer gcr.io/camunda-researchanddevelopment/cache:079577ce29a4e298c547f2ad911c818fe0420936e320557cbd1fb3c354dde9de to cache now 

Showing logs for build [32msalaboy-fmtok8s-agenda-master-r-d4tb8-8[0m stage [32mfrom-build-pack[0m and container [32mstep-build-post-build[0m
no CVE provider running in the current ** namespace so skip adding image to be analysed

Showing logs for build [32msalaboy-fmtok8s-agenda-master-r-d4tb8-8[0m stage [32mfrom-build-pack[0m and container [32mstep-promote-changelog[0m
Converted /workspace/source/charts/fmtok8s-agenda to an unshallow repository
Generating change log from git ref 8e09740e70589ac25232d8f2c9d7fe0412aadeee => 62f8a3993de1834034a57dba24c1f7f2d67ce984
WARNING: Failed to enrich commit 912d6041af1b0acc1833aae8737720b9b748d6af with issues: users.jenkins.io "x-0" already exists
WARNING: Failed to enrich commit 912d6041af1b0acc1833aae8737720b9b748d6af with issues: users.jenkins.io "x-0" already exists
Finding issues in commit messages using git format
WARNING: No release found for *******/fmtok8s-agenda and tag v0.0.21 so creating a new release
Updated the release information at https://github.com/*******/fmtok8s-agenda/releases/tag/v0.0.21
generated: /workspace/source/charts/fmtok8s-agenda/templates/release.yaml
Created Release fmtok8s-agenda-0-0-21 resource in namespace **
Updating PipelineActivity *******-fmtok8s-agenda-master-8 with version 0.0.21
Updated PipelineActivities *******-fmtok8s-agenda-master-8 with release notes URL: https://github.com/*******/fmtok8s-agenda/releases/tag/v0.0.21

Showing logs for build [32msalaboy-fmtok8s-agenda-master-r-d4tb8-8[0m stage [32mfrom-build-pack[0m and container [32mstep-promote-helm-release[0m
WARNING: No $CHART_REPOSITORY defined so using the default value of: http://jenkins-x-chartmuseum:8080
Adding missing Helm repo: storage.googleapis.com https://storage.googleapis.com/chartmuseum.jenkins-x.io
Successfully added Helm repository storage.googleapis.com.
Adding missing Helm repo: jenkins-x-chartmuseum http://jenkins-x-chartmuseum:8080
Successfully added Helm repository jenkins-x-chartmuseum.
WARNING: No $CHART_REPOSITORY defined so using the default value of: http://jenkins-x-chartmuseum:8080
Uploading chart file fmtok8s-agenda-0.0.21.tgz to http://jenkins-x-chartmuseum:8080/api/charts
Received 201 response: {"saved":true}

Showing logs for build [32msalaboy-fmtok8s-agenda-master-r-d4tb8-8[0m stage [32mfrom-build-pack[0m and container [32mstep-promote-jx-promote[0m
WARNING: prow based install so skip waiting for the merge of Pull Requests to go green as currently there is an issue with gettingstatuses from the PR, see https://github.com/jenkins-x/**/issues/2410
WARNING: No $CHART_REPOSITORY defined so using the default value of: http://jenkins-x-chartmuseum:8080
Promoting app fmtok8s-agenda version 0.0.21 to namespace **-staging
Created Pull Request: https://github.com/*******/environment-jnation-tests-staging/pull/30
Added label updatebot to Pull Request https://github.com/*******/environment-jnation-tests-staging/pull/30
got git provider status pending from PR https://github.com/*******/environment-jnation-tests-staging/pull/30
Pull Request https://github.com/*******/environment-jnation-tests-staging/pull/30 is merged at sha 28b6bed6084aebc96363cb9598c4a1212484e1c9
Pull Request merged but we are not waiting for the update pipeline to complete!

Showing logs for build [32msalaboy-fmtok8s-agenda-master-r-d4tb8-8[0m stage [32mfrom-build-pack[0m and container [32mstep-promote-step10[0m
Using https://github.com/*******/fmtok8s-agenda as source for change discovered from git repo in /workspace/source
Updated Pull Request: https://github.com/*******/fmtok8s-kubecon-app/pull/15
Added label updatebot to Pull Request https://github.com/*******/fmtok8s-kubecon-app/pull/15
